#
# There is insufficient memory for the Java Runtime Environment to continue.
# Native memory allocation (malloc) failed to allocate 1365136 bytes for Chunk::new
# Possible reasons:
#   The system is out of physical RAM or swap space
#   The process is running with CompressedOops enabled, and the Java Heap may be blocking the growth of the native heap
# Possible solutions:
#   Reduce memory load on the system
#   Increase physical memory or swap space
#   Check if swap backing store is full
#   Decrease Java heap size (-Xmx/-Xms)
#   Decrease number of Java threads
#   Decrease Java thread stack sizes (-Xss)
#   Set larger code cache with -XX:ReservedCodeCacheSize=
#   JVM is running with Unscaled Compressed Oops mode in which the Java heap is
#     placed in the first 4GB address space. The Java Heap base address is the
#     maximum limit for the native heap growth. Please use -XX:HeapBaseMinAddress
#     to set the Java Heap base and to place the Java Heap above 4GB virtual address.
# This output file may be truncated or incomplete.
#
#  Out of Memory Error (./src/hotspot/share/memory/arena.cpp:197), pid=8232, tid=7544
#
# JRE version: OpenJDK Runtime Environment (11.0.10) (build 11.0.10+0-b96-7249189)
# Java VM: OpenJDK 64-Bit Server VM (11.0.10+0-b96-7249189, mixed mode, tiered, compressed oops, g1 gc, windows-amd64)
# No core dump will be written. Minidumps are not enabled by default on client versions of Windows
#

---------------  S U M M A R Y ------------

Command Line: --add-opens=java.base/java.util=ALL-UNNAMED --add-opens=java.base/java.lang=ALL-UNNAMED --add-opens=java.base/java.lang.invoke=ALL-UNNAMED --add-opens=java.base/java.util=ALL-UNNAMED --add-opens=java.prefs/java.util.prefs=ALL-UNNAMED --add-opens=java.prefs/java.util.prefs=ALL-UNNAMED --add-opens=java.base/java.nio.charset=ALL-UNNAMED --add-opens=java.base/java.net=ALL-UNNAMED --add-opens=java.base/java.util.concurrent.atomic=ALL-UNNAMED -Xmx2048m -Dfile.encoding=UTF-8 -Duser.country=CL -Duser.language=es -Duser.variant org.gradle.launcher.daemon.bootstrap.GradleDaemon 7.0.2

Host: Intel(R) Core(TM) i5-7300HQ CPU @ 2.50GHz, 4 cores, 7G,  Windows 10 , 64 bit Build 19041 (10.0.19041.1202)
Time: Tue Oct 26 02:32:53 2021 Hora estándar de Magallanes elapsed time: 8.242959 seconds (0d 0h 0m 8s)

---------------  T H R E A D  ---------------

Current thread (0x000001fffec31000):  JavaThread "C2 CompilerThread0" daemon [_thread_in_native, id=7544, stack(0x0000006317b00000,0x0000006317c00000)]


Current CompileTask:
C2:   8243 5685   !   4       java.util.jar.Attributes::read (390 bytes)

Stack: [0x0000006317b00000,0x0000006317c00000]
Native frames: (J=compiled Java code, j=interpreted, Vv=VM code, C=native code)
V  [jvm.dll+0x5ecfaa]
V  [jvm.dll+0x722bd5]
V  [jvm.dll+0x72412d]
V  [jvm.dll+0x7247e3]
V  [jvm.dll+0x242928]
V  [jvm.dll+0xbc4fc]
V  [jvm.dll+0xbca0c]
V  [jvm.dll+0x352d7d]
V  [jvm.dll+0x320ad3]
V  [jvm.dll+0x31ffca]
V  [jvm.dll+0x1fb602]
V  [jvm.dll+0x1fa7f4]
V  [jvm.dll+0x18354c]
V  [jvm.dll+0x208ee7]
V  [jvm.dll+0x207731]
V  [jvm.dll+0x6eb1cf]
V  [jvm.dll+0x6e3d45]
V  [jvm.dll+0x5ebe96]
C  [ucrtbase.dll+0x21bb2]
C  [KERNEL32.DLL+0x17034]
C  [ntdll.dll+0x52651]


---------------  P R O C E S S  ---------------

Threads class SMR info:
_java_thread_list=0x000001ff851cda50, length=42, elements={
0x000001ffe503c800, 0x000001fffec10000, 0x000001fffec12000, 0x000001ffff5c3800,
0x000001fffec2b000, 0x000001fffec2d800, 0x000001fffec31000, 0x000001fffec3b000,
0x000001fffec3e800, 0x000001ffff702800, 0x000001ff813a9800, 0x000001ffff92b800,
0x000001ff81bb0000, 0x000001ff80c93000, 0x000001ff800b2800, 0x000001ff81c3c800,
0x000001ff82618800, 0x000001ff82619800, 0x000001ff80d3b800, 0x000001ff8150a000,
0x000001ff8150a800, 0x000001ff8150b800, 0x000001ff81509000, 0x000001ff83539800,
0x000001ff83539000, 0x000001ff8353f800, 0x000001ff8353c000, 0x000001ff83540000,
0x000001ff8353a800, 0x000001ff8353d800, 0x000001ff8353b000, 0x000001ff83542800,
0x000001ff83542000, 0x000001ff83544000, 0x000001ff8353e800, 0x000001ff83547800,
0x000001ff83545000, 0x000001ff83546000, 0x000001ff83546800, 0x000001ff83615800,
0x000001ff83616800, 0x000001ff83619000
}

Java Threads: ( => current thread )
  0x000001ffe503c800 JavaThread "main" [_thread_blocked, id=8260, stack(0x0000006316f00000,0x0000006317000000)]
  0x000001fffec10000 JavaThread "Reference Handler" daemon [_thread_blocked, id=16900, stack(0x0000006317600000,0x0000006317700000)]
  0x000001fffec12000 JavaThread "Finalizer" daemon [_thread_blocked, id=8332, stack(0x0000006317700000,0x0000006317800000)]
  0x000001ffff5c3800 JavaThread "Signal Dispatcher" daemon [_thread_blocked, id=13376, stack(0x0000006317800000,0x0000006317900000)]
  0x000001fffec2b000 JavaThread "Attach Listener" daemon [_thread_blocked, id=18220, stack(0x0000006317900000,0x0000006317a00000)]
  0x000001fffec2d800 JavaThread "Service Thread" daemon [_thread_blocked, id=8196, stack(0x0000006317a00000,0x0000006317b00000)]
=>0x000001fffec31000 JavaThread "C2 CompilerThread0" daemon [_thread_in_native, id=7544, stack(0x0000006317b00000,0x0000006317c00000)]
  0x000001fffec3b000 JavaThread "C1 CompilerThread0" daemon [_thread_blocked, id=3176, stack(0x0000006317c00000,0x0000006317d00000)]
  0x000001fffec3e800 JavaThread "Sweeper thread" daemon [_thread_blocked, id=10836, stack(0x0000006317d00000,0x0000006317e00000)]
  0x000001ffff702800 JavaThread "Common-Cleaner" daemon [_thread_blocked, id=18116, stack(0x0000006317e00000,0x0000006317f00000)]
  0x000001ff813a9800 JavaThread "Daemon health stats" [_thread_blocked, id=17136, stack(0x0000006318300000,0x0000006318400000)]
  0x000001ffff92b800 JavaThread "Incoming local TCP Connector on port 7433" [_thread_in_native, id=7656, stack(0x0000006318000000,0x0000006318100000)]
  0x000001ff81bb0000 JavaThread "Daemon periodic checks" [_thread_blocked, id=1200, stack(0x0000006318400000,0x0000006318500000)]
  0x000001ff80c93000 JavaThread "Daemon" [_thread_blocked, id=10708, stack(0x0000006318500000,0x0000006318600000)]
  0x000001ff800b2800 JavaThread "Handler for socket connection from /127.0.0.1:7433 to /127.0.0.1:7434" [_thread_in_native, id=16908, stack(0x0000006318600000,0x0000006318700000)]
  0x000001ff81c3c800 JavaThread "Cancel handler" [_thread_blocked, id=16924, stack(0x0000006318700000,0x0000006318800000)]
  0x000001ff82618800 JavaThread "Daemon worker" [_thread_in_vm, id=17568, stack(0x0000006318800000,0x0000006318900000)]
  0x000001ff82619800 JavaThread "Asynchronous log dispatcher for DefaultDaemonConnection: socket connection from /127.0.0.1:7433 to /127.0.0.1:7434" [_thread_blocked, id=14996, stack(0x0000006318900000,0x0000006318a00000)]
  0x000001ff80d3b800 JavaThread "Stdin handler" [_thread_blocked, id=3648, stack(0x0000006318a00000,0x0000006318b00000)]
  0x000001ff8150a000 JavaThread "Daemon client event forwarder" [_thread_blocked, id=12000, stack(0x0000006318b00000,0x0000006318c00000)]
  0x000001ff8150a800 JavaThread "Cache worker for file hash cache (C:\Users\Jaime Serrano\.gradle\caches\7.0.2\fileHashes)" [_thread_blocked, id=16192, stack(0x0000006318d00000,0x0000006318e00000)]
  0x000001ff8150b800 JavaThread "File lock request listener" [_thread_in_native, id=13596, stack(0x0000006318e00000,0x0000006318f00000)]
  0x000001ff81509000 JavaThread "Cache worker for journal cache (C:\Users\Jaime Serrano\.gradle\caches\journal-1)" [_thread_blocked, id=13412, stack(0x0000006318f00000,0x0000006319000000)]
  0x000001ff83539800 JavaThread "Cache worker for file hash cache (C:\Users\Jaime Serrano\AndroidStudioProjects\Evaluacion2\.gradle\7.0.2\fileHashes)" [_thread_blocked, id=14600, stack(0x0000006319000000,0x0000006319100000)]
  0x000001ff83539000 JavaThread "File watcher server" daemon [_thread_in_native, id=10816, stack(0x0000006319100000,0x0000006319200000)]
  0x000001ff8353f800 JavaThread "File watcher consumer" daemon [_thread_blocked, id=2232, stack(0x0000006319200000,0x0000006319300000)]
  0x000001ff8353c000 JavaThread "Cache worker for checksums cache (C:\Users\Jaime Serrano\AndroidStudioProjects\Evaluacion2\.gradle\checksums)" [_thread_blocked, id=7820, stack(0x0000006319300000,0x0000006319400000)]
  0x000001ff83540000 JavaThread "Cache worker for cache directory md-supplier (C:\Users\Jaime Serrano\.gradle\caches\7.0.2\md-supplier)" [_thread_blocked, id=16464, stack(0x0000006319400000,0x0000006319500000)]
  0x000001ff8353a800 JavaThread "Cache worker for cache directory md-rule (C:\Users\Jaime Serrano\.gradle\caches\7.0.2\md-rule)" [_thread_blocked, id=15896, stack(0x0000006319500000,0x0000006319600000)]
  0x000001ff8353d800 JavaThread "Cache worker for execution history cache (C:\Users\Jaime Serrano\.gradle\caches\7.0.2\executionHistory)" [_thread_blocked, id=14208, stack(0x0000006319600000,0x0000006319700000)]
  0x000001ff8353b000 JavaThread "jar transforms" [_thread_blocked, id=11316, stack(0x0000006319700000,0x0000006319800000)]
  0x000001ff83542800 JavaThread "jar transforms Thread 2" [_thread_blocked, id=9328, stack(0x0000006319800000,0x0000006319900000)]
  0x000001ff83542000 JavaThread "Cache worker for file content cache (C:\Users\Jaime Serrano\.gradle\caches\7.0.2\fileContent)" [_thread_blocked, id=10320, stack(0x0000006319900000,0x0000006319a00000)]
  0x000001ff83544000 JavaThread "Cache worker for dependencies-accessors (C:\Users\Jaime Serrano\AndroidStudioProjects\Evaluacion2\.gradle\7.0.2\dependencies-accessors)" [_thread_blocked, id=9940, stack(0x0000006319a00000,0x0000006319b00000)]
  0x000001ff8353e800 JavaThread "jar transforms Thread 3" [_thread_blocked, id=4520, stack(0x0000006319b00000,0x0000006319c00000)]
  0x000001ff83547800 JavaThread "Cache worker for Build Output Cleanup Cache (C:\Users\Jaime Serrano\AndroidStudioProjects\Evaluacion2\.gradle\buildOutputCleanup)" [_thread_blocked, id=1816, stack(0x0000006319c00000,0x0000006319d00000)]
  0x000001ff83545000 JavaThread "Build operations" [_thread_blocked, id=15124, stack(0x0000006319d00000,0x0000006319e00000)]
  0x000001ff83546000 JavaThread "Build operations Thread 2" [_thread_blocked, id=2936, stack(0x0000006319e00000,0x0000006319f00000)]
  0x000001ff83546800 JavaThread "Build operations Thread 3" [_thread_blocked, id=7676, stack(0x0000006319f00000,0x000000631a000000)]
  0x000001ff83615800 JavaThread "Build operations Thread 4" [_thread_blocked, id=13384, stack(0x000000631a000000,0x000000631a100000)]
  0x000001ff83616800 JavaThread "jar transforms Thread 4" [_thread_blocked, id=9376, stack(0x000000631a100000,0x000000631a200000)]
  0x000001ff83619000 JavaThread "Memory manager" [_thread_blocked, id=15948, stack(0x000000631a200000,0x000000631a300000)]

Other Threads:
  0x000001fffec0b800 VMThread "VM Thread" [stack: 0x0000006317500000,0x0000006317600000] [id=5344]
  0x000001ffff735800 WatcherThread [stack: 0x0000006317f00000,0x0000006318000000] [id=13320]
  0x000001ffe5055800 GCTaskThread "GC Thread#0" [stack: 0x0000006317000000,0x0000006317100000] [id=5328]
  0x000001ff805c0800 GCTaskThread "GC Thread#1" [stack: 0x0000006318100000,0x0000006318200000] [id=9380]
  0x000001ff807db800 GCTaskThread "GC Thread#2" [stack: 0x0000006318200000,0x0000006318300000] [id=1424]
  0x000001ff80c94000 GCTaskThread "GC Thread#3" [stack: 0x0000006318c00000,0x0000006318d00000] [id=1496]
  0x000001ffe5088800 ConcurrentGCThread "G1 Main Marker" [stack: 0x0000006317100000,0x0000006317200000] [id=13904]
  0x000001ffe508a000 ConcurrentGCThread "G1 Conc#0" [stack: 0x0000006317200000,0x0000006317300000] [id=2728]
  0x000001ffe5118000 ConcurrentGCThread "G1 Refine#0" [stack: 0x0000006317300000,0x0000006317400000] [id=3432]
  0x000001ffe5119000 ConcurrentGCThread "G1 Young RemSet Sampling" [stack: 0x0000006317400000,0x0000006317500000] [id=13572]

Threads with active compile tasks:
C2 CompilerThread0   8389 5685   !   4       java.util.jar.Attributes::read (390 bytes)

VM state:not at safepoint (normal execution)

VM Mutex/Monitor currently owned by a thread: None

Heap address: 0x0000000080000000, size: 2048 MB, Compressed Oops mode: 32-bit
Narrow klass base: 0x0000000000000000, Narrow klass shift: 3
Compressed class space size: 1073741824 Address: 0x0000000100000000

Heap:
 garbage-first heap   total 157696K, used 72375K [0x0000000080000000, 0x0000000100000000)
  region size 1024K, 34 young (34816K), 5 survivors (5120K)
 Metaspace       used 61215K, capacity 62718K, committed 62888K, reserved 1103872K
  class space    used 7752K, capacity 8290K, committed 8320K, reserved 1048576K
Heap Regions: E=young(eden), S=young(survivor), O=old, HS=humongous(starts), HC=humongous(continues), CS=collection set, F=free, A=archive, TAMS=top-at-mark-start (previous, next)
|   0|0x0000000080000000, 0x0000000080100000, 0x0000000080100000|100%|HS|  |TAMS 0x0000000080100000, 0x0000000080000000| Complete 
|   1|0x0000000080100000, 0x0000000080200000, 0x0000000080200000|100%|HC|  |TAMS 0x0000000080200000, 0x0000000080100000| Complete 
|   2|0x0000000080200000, 0x0000000080300000, 0x0000000080300000|100%|HC|  |TAMS 0x0000000080300000, 0x0000000080200000| Complete 
|   3|0x0000000080300000, 0x0000000080400000, 0x0000000080400000|100%| O|  |TAMS 0x0000000080400000, 0x0000000080300000| Untracked 
|   4|0x0000000080400000, 0x0000000080500000, 0x0000000080500000|100%| O|  |TAMS 0x0000000080500000, 0x0000000080400000| Untracked 
|   5|0x0000000080500000, 0x0000000080600000, 0x0000000080600000|100%| O|  |TAMS 0x0000000080600000, 0x0000000080500000| Untracked 
|   6|0x0000000080600000, 0x0000000080700000, 0x0000000080700000|100%| O|  |TAMS 0x0000000080700000, 0x0000000080600000| Untracked 
|   7|0x0000000080700000, 0x0000000080800000, 0x0000000080800000|100%| O|  |TAMS 0x0000000080800000, 0x0000000080700000| Untracked 
|   8|0x0000000080800000, 0x0000000080900000, 0x0000000080900000|100%| O|  |TAMS 0x0000000080900000, 0x0000000080800000| Untracked 
|   9|0x0000000080900000, 0x0000000080a00000, 0x0000000080a00000|100%| O|  |TAMS 0x0000000080a00000, 0x0000000080900000| Untracked 
|  10|0x0000000080a00000, 0x0000000080b00000, 0x0000000080b00000|100%| O|  |TAMS 0x0000000080b00000, 0x0000000080a00000| Untracked 
|  11|0x0000000080b00000, 0x0000000080c00000, 0x0000000080c00000|100%| O|  |TAMS 0x0000000080c00000, 0x0000000080b00000| Untracked 
|  12|0x0000000080c00000, 0x0000000080d00000, 0x0000000080d00000|100%| O|  |TAMS 0x0000000080d00000, 0x0000000080c00000| Untracked 
|  13|0x0000000080d00000, 0x0000000080e00000, 0x0000000080e00000|100%| O|  |TAMS 0x0000000080e00000, 0x0000000080d00000| Untracked 
|  14|0x0000000080e00000, 0x0000000080f00000, 0x0000000080f00000|100%| O|  |TAMS 0x0000000080f00000, 0x0000000080e00000| Untracked 
|  15|0x0000000080f00000, 0x0000000081000000, 0x0000000081000000|100%| O|  |TAMS 0x0000000081000000, 0x0000000080f00000| Untracked 
|  16|0x0000000081000000, 0x0000000081100000, 0x0000000081100000|100%| O|  |TAMS 0x0000000081100000, 0x0000000081000000| Untracked 
|  17|0x0000000081100000, 0x0000000081200000, 0x0000000081200000|100%|HS|  |TAMS 0x0000000081200000, 0x0000000081100000| Complete 
|  18|0x0000000081200000, 0x0000000081300000, 0x0000000081300000|100%| O|  |TAMS 0x0000000081300000, 0x0000000081200000| Untracked 
|  19|0x0000000081300000, 0x0000000081400000, 0x0000000081400000|100%| O|  |TAMS 0x0000000081400000, 0x0000000081300000| Untracked 
|  20|0x0000000081400000, 0x0000000081500000, 0x0000000081500000|100%| O|  |TAMS 0x0000000081500000, 0x0000000081400000| Untracked 
|  21|0x0000000081500000, 0x0000000081600000, 0x0000000081600000|100%| O|  |TAMS 0x0000000081600000, 0x0000000081500000| Untracked 
|  22|0x0000000081600000, 0x0000000081700000, 0x0000000081700000|100%| O|  |TAMS 0x0000000081700000, 0x0000000081600000| Untracked 
|  23|0x0000000081700000, 0x0000000081800000, 0x0000000081800000|100%| O|  |TAMS 0x0000000081800000, 0x0000000081700000| Untracked 
|  24|0x0000000081800000, 0x0000000081900000, 0x0000000081900000|100%| O|  |TAMS 0x0000000081900000, 0x0000000081800000| Untracked 
|  25|0x0000000081900000, 0x0000000081a00000, 0x0000000081a00000|100%| O|  |TAMS 0x0000000081a00000, 0x0000000081900000| Untracked 
|  26|0x0000000081a00000, 0x0000000081b00000, 0x0000000081b00000|100%| O|  |TAMS 0x0000000081b00000, 0x0000000081a00000| Untracked 
|  27|0x0000000081b00000, 0x0000000081c00000, 0x0000000081c00000|100%|HS|  |TAMS 0x0000000081c00000, 0x0000000081b00000| Complete 
|  28|0x0000000081c00000, 0x0000000081d00000, 0x0000000081d00000|100%|HS|  |TAMS 0x0000000081d00000, 0x0000000081c00000| Complete 
|  29|0x0000000081d00000, 0x0000000081e00000, 0x0000000081e00000|100%|HC|  |TAMS 0x0000000081e00000, 0x0000000081d00000| Complete 
|  30|0x0000000081e00000, 0x0000000081f00000, 0x0000000081f00000|100%| O|  |TAMS 0x0000000081f00000, 0x0000000081e00000| Untracked 
|  31|0x0000000081f00000, 0x0000000082000000, 0x0000000082000000|100%| O|  |TAMS 0x0000000082000000, 0x0000000081f00000| Untracked 
|  32|0x0000000082000000, 0x0000000082100000, 0x0000000082100000|100%| O|  |TAMS 0x0000000082100000, 0x0000000082000000| Untracked 
|  33|0x0000000082100000, 0x0000000082200000, 0x0000000082200000|100%| O|  |TAMS 0x0000000082200000, 0x0000000082100000| Untracked 
|  34|0x0000000082200000, 0x0000000082300000, 0x0000000082300000|100%| O|  |TAMS 0x0000000082300000, 0x0000000082200000| Untracked 
|  35|0x0000000082300000, 0x0000000082400000, 0x0000000082400000|100%| O|  |TAMS 0x0000000082400000, 0x0000000082300000| Untracked 
|  36|0x0000000082400000, 0x0000000082500000, 0x0000000082500000|100%| O|  |TAMS 0x0000000082500000, 0x0000000082400000| Untracked 
|  37|0x0000000082500000, 0x0000000082600000, 0x0000000082600000|100%| O|  |TAMS 0x0000000082600000, 0x0000000082500000| Untracked 
|  38|0x0000000082600000, 0x0000000082700000, 0x0000000082700000|100%| O|  |TAMS 0x0000000082700000, 0x0000000082600000| Untracked 
|  39|0x0000000082700000, 0x0000000082700000, 0x0000000082800000|  0%| F|  |TAMS 0x0000000082700000, 0x0000000082700000| Untracked 
|  40|0x0000000082800000, 0x0000000082800000, 0x0000000082900000|  0%| F|  |TAMS 0x0000000082800000, 0x0000000082800000| Untracked 
|  41|0x0000000082900000, 0x0000000082900000, 0x0000000082a00000|  0%| F|  |TAMS 0x0000000082900000, 0x0000000082900000| Untracked 
|  42|0x0000000082a00000, 0x0000000082a00000, 0x0000000082b00000|  0%| F|  |TAMS 0x0000000082a00000, 0x0000000082a00000| Untracked 
|  43|0x0000000082b00000, 0x0000000082b00000, 0x0000000082c00000|  0%| F|  |TAMS 0x0000000082b00000, 0x0000000082b00000| Untracked 
|  44|0x0000000082c00000, 0x0000000082c00000, 0x0000000082d00000|  0%| F|  |TAMS 0x0000000082c00000, 0x0000000082c00000| Untracked 
|  45|0x0000000082d00000, 0x0000000082d00000, 0x0000000082e00000|  0%| F|  |TAMS 0x0000000082d00000, 0x0000000082d00000| Untracked 
|  46|0x0000000082e00000, 0x0000000082e00000, 0x0000000082f00000|  0%| F|  |TAMS 0x0000000082e00000, 0x0000000082e00000| Untracked 
|  47|0x0000000082f00000, 0x0000000082f00000, 0x0000000083000000|  0%| F|  |TAMS 0x0000000082f00000, 0x0000000082f00000| Untracked 
|  48|0x0000000083000000, 0x0000000083000000, 0x0000000083100000|  0%| F|  |TAMS 0x0000000083000000, 0x0000000083000000| Untracked 
|  49|0x0000000083100000, 0x0000000083100000, 0x0000000083200000|  0%| F|  |TAMS 0x0000000083100000, 0x0000000083100000| Untracked 
|  50|0x0000000083200000, 0x0000000083200000, 0x0000000083300000|  0%| F|  |TAMS 0x0000000083200000, 0x0000000083200000| Untracked 
|  51|0x0000000083300000, 0x0000000083300000, 0x0000000083400000|  0%| F|  |TAMS 0x0000000083300000, 0x0000000083300000| Untracked 
|  52|0x0000000083400000, 0x0000000083400000, 0x0000000083500000|  0%| F|  |TAMS 0x0000000083400000, 0x0000000083400000| Untracked 
|  53|0x0000000083500000, 0x0000000083500000, 0x0000000083600000|  0%| F|  |TAMS 0x0000000083500000, 0x0000000083500000| Untracked 
|  54|0x0000000083600000, 0x0000000083600000, 0x0000000083700000|  0%| F|  |TAMS 0x0000000083600000, 0x0000000083600000| Untracked 
|  55|0x0000000083700000, 0x0000000083700000, 0x0000000083800000|  0%| F|  |TAMS 0x0000000083700000, 0x0000000083700000| Untracked 
|  56|0x0000000083800000, 0x0000000083800000, 0x0000000083900000|  0%| F|  |TAMS 0x0000000083800000, 0x0000000083800000| Untracked 
|  57|0x0000000083900000, 0x0000000083900000, 0x0000000083a00000|  0%| F|  |TAMS 0x0000000083900000, 0x0000000083900000| Untracked 
|  58|0x0000000083a00000, 0x0000000083a00000, 0x0000000083b00000|  0%| F|  |TAMS 0x0000000083a00000, 0x0000000083a00000| Untracked 
|  59|0x0000000083b00000, 0x0000000083b00000, 0x0000000083c00000|  0%| F|  |TAMS 0x0000000083b00000, 0x0000000083b00000| Untracked 
|  60|0x0000000083c00000, 0x0000000083c00000, 0x0000000083d00000|  0%| F|  |TAMS 0x0000000083c00000, 0x0000000083c00000| Untracked 
|  61|0x0000000083d00000, 0x0000000083d00000, 0x0000000083e00000|  0%| F|  |TAMS 0x0000000083d00000, 0x0000000083d00000| Untracked 
|  62|0x0000000083e00000, 0x0000000083e00000, 0x0000000083f00000|  0%| F|  |TAMS 0x0000000083e00000, 0x0000000083e00000| Untracked 
|  63|0x0000000083f00000, 0x0000000083f00000, 0x0000000084000000|  0%| F|  |TAMS 0x0000000083f00000, 0x0000000083f00000| Untracked 
|  64|0x0000000084000000, 0x0000000084000000, 0x0000000084100000|  0%| F|  |TAMS 0x0000000084000000, 0x0000000084000000| Untracked 
|  65|0x0000000084100000, 0x0000000084100000, 0x0000000084200000|  0%| F|  |TAMS 0x0000000084100000, 0x0000000084100000| Untracked 
|  66|0x0000000084200000, 0x0000000084200000, 0x0000000084300000|  0%| F|  |TAMS 0x0000000084200000, 0x0000000084200000| Untracked 
|  67|0x0000000084300000, 0x0000000084300000, 0x0000000084400000|  0%| F|  |TAMS 0x0000000084300000, 0x0000000084300000| Untracked 
|  68|0x0000000084400000, 0x0000000084400000, 0x0000000084500000|  0%| F|  |TAMS 0x0000000084400000, 0x0000000084400000| Untracked 
|  69|0x0000000084500000, 0x0000000084500000, 0x0000000084600000|  0%| F|  |TAMS 0x0000000084500000, 0x0000000084500000| Untracked 
|  70|0x0000000084600000, 0x0000000084600000, 0x0000000084700000|  0%| F|  |TAMS 0x0000000084600000, 0x0000000084600000| Untracked 
|  71|0x0000000084700000, 0x0000000084700000, 0x0000000084800000|  0%| F|  |TAMS 0x0000000084700000, 0x0000000084700000| Untracked 
|  72|0x0000000084800000, 0x0000000084800000, 0x0000000084900000|  0%| F|  |TAMS 0x0000000084800000, 0x0000000084800000| Untracked 
|  73|0x0000000084900000, 0x0000000084900000, 0x0000000084a00000|  0%| F|  |TAMS 0x0000000084900000, 0x0000000084900000| Untracked 
|  74|0x0000000084a00000, 0x0000000084a00000, 0x0000000084b00000|  0%| F|  |TAMS 0x0000000084a00000, 0x0000000084a00000| Untracked 
|  75|0x0000000084b00000, 0x0000000084b00000, 0x0000000084c00000|  0%| F|  |TAMS 0x0000000084b00000, 0x0000000084b00000| Untracked 
|  76|0x0000000084c00000, 0x0000000084c00000, 0x0000000084d00000|  0%| F|  |TAMS 0x0000000084c00000, 0x0000000084c00000| Untracked 
|  77|0x0000000084d00000, 0x0000000084d00000, 0x0000000084e00000|  0%| F|  |TAMS 0x0000000084d00000, 0x0000000084d00000| Untracked 
|  78|0x0000000084e00000, 0x0000000084e00000, 0x0000000084f00000|  0%| F|  |TAMS 0x0000000084e00000, 0x0000000084e00000| Untracked 
|  79|0x0000000084f00000, 0x0000000084f00000, 0x0000000085000000|  0%| F|  |TAMS 0x0000000084f00000, 0x0000000084f00000| Untracked 
|  80|0x0000000085000000, 0x0000000085000000, 0x0000000085100000|  0%| F|  |TAMS 0x0000000085000000, 0x0000000085000000| Untracked 
|  81|0x0000000085100000, 0x0000000085100000, 0x0000000085200000|  0%| F|  |TAMS 0x0000000085100000, 0x0000000085100000| Untracked 
|  82|0x0000000085200000, 0x0000000085200000, 0x0000000085300000|  0%| F|  |TAMS 0x0000000085200000, 0x0000000085200000| Untracked 
|  83|0x0000000085300000, 0x0000000085300000, 0x0000000085400000|  0%| F|  |TAMS 0x0000000085300000, 0x0000000085300000| Untracked 
|  84|0x0000000085400000, 0x0000000085400000, 0x0000000085500000|  0%| F|  |TAMS 0x0000000085400000, 0x0000000085400000| Untracked 
|  85|0x0000000085500000, 0x0000000085500000, 0x0000000085600000|  0%| F|  |TAMS 0x0000000085500000, 0x0000000085500000| Untracked 
|  86|0x0000000085600000, 0x0000000085600000, 0x0000000085700000|  0%| F|  |TAMS 0x0000000085600000, 0x0000000085600000| Untracked 
|  87|0x0000000085700000, 0x0000000085700000, 0x0000000085800000|  0%| F|  |TAMS 0x0000000085700000, 0x0000000085700000| Untracked 
|  88|0x0000000085800000, 0x0000000085800000, 0x0000000085900000|  0%| F|  |TAMS 0x0000000085800000, 0x0000000085800000| Untracked 
|  89|0x0000000085900000, 0x0000000085900000, 0x0000000085a00000|  0%| F|  |TAMS 0x0000000085900000, 0x0000000085900000| Untracked 
|  90|0x0000000085a00000, 0x0000000085a00000, 0x0000000085b00000|  0%| F|  |TAMS 0x0000000085a00000, 0x0000000085a00000| Untracked 
|  91|0x0000000085b00000, 0x0000000085b00000, 0x0000000085c00000|  0%| F|  |TAMS 0x0000000085b00000, 0x0000000085b00000| Untracked 
|  92|0x0000000085c00000, 0x0000000085c00000, 0x0000000085d00000|  0%| F|  |TAMS 0x0000000085c00000, 0x0000000085c00000| Untracked 
|  93|0x0000000085d00000, 0x0000000085d00000, 0x0000000085e00000|  0%| F|  |TAMS 0x0000000085d00000, 0x0000000085d00000| Untracked 
|  94|0x0000000085e00000, 0x0000000085e00000, 0x0000000085f00000|  0%| F|  |TAMS 0x0000000085e00000, 0x0000000085e00000| Untracked 
|  95|0x0000000085f00000, 0x0000000085f00000, 0x0000000086000000|  0%| F|  |TAMS 0x0000000085f00000, 0x0000000085f00000| Untracked 
|  96|0x0000000086000000, 0x0000000086000000, 0x0000000086100000|  0%| F|  |TAMS 0x0000000086000000, 0x0000000086000000| Untracked 
|  97|0x0000000086100000, 0x0000000086100000, 0x0000000086200000|  0%| F|  |TAMS 0x0000000086100000, 0x0000000086100000| Untracked 
|  98|0x0000000086200000, 0x0000000086200000, 0x0000000086300000|  0%| F|  |TAMS 0x0000000086200000, 0x0000000086200000| Untracked 
|  99|0x0000000086300000, 0x0000000086300000, 0x0000000086400000|  0%| F|  |TAMS 0x0000000086300000, 0x0000000086300000| Untracked 
| 100|0x0000000086400000, 0x0000000086400000, 0x0000000086500000|  0%| F|  |TAMS 0x0000000086400000, 0x0000000086400000| Untracked 
| 101|0x0000000086500000, 0x0000000086500000, 0x0000000086600000|  0%| F|  |TAMS 0x0000000086500000, 0x0000000086500000| Untracked 
| 102|0x0000000086600000, 0x0000000086600000, 0x0000000086700000|  0%| F|  |TAMS 0x0000000086600000, 0x0000000086600000| Untracked 
| 103|0x0000000086700000, 0x0000000086700000, 0x0000000086800000|  0%| F|  |TAMS 0x0000000086700000, 0x0000000086700000| Untracked 
| 104|0x0000000086800000, 0x0000000086800000, 0x0000000086900000|  0%| F|  |TAMS 0x0000000086800000, 0x0000000086800000| Untracked 
| 105|0x0000000086900000, 0x0000000086900000, 0x0000000086a00000|  0%| F|  |TAMS 0x0000000086900000, 0x0000000086900000| Untracked 
| 106|0x0000000086a00000, 0x0000000086a00000, 0x0000000086b00000|  0%| F|  |TAMS 0x0000000086a00000, 0x0000000086a00000| Untracked 
| 107|0x0000000086b00000, 0x0000000086b00000, 0x0000000086c00000|  0%| F|  |TAMS 0x0000000086b00000, 0x0000000086b00000| Untracked 
| 108|0x0000000086c00000, 0x0000000086c00000, 0x0000000086d00000|  0%| F|  |TAMS 0x0000000086c00000, 0x0000000086c00000| Untracked 
| 109|0x0000000086d00000, 0x0000000086d00000, 0x0000000086e00000|  0%| F|  |TAMS 0x0000000086d00000, 0x0000000086d00000| Untracked 
| 110|0x0000000086e00000, 0x0000000086e00000, 0x0000000086f00000|  0%| F|  |TAMS 0x0000000086e00000, 0x0000000086e00000| Untracked 
| 111|0x0000000086f00000, 0x0000000086f00000, 0x0000000087000000|  0%| F|  |TAMS 0x0000000086f00000, 0x0000000086f00000| Untracked 
| 112|0x0000000087000000, 0x0000000087000000, 0x0000000087100000|  0%| F|  |TAMS 0x0000000087000000, 0x0000000087000000| Untracked 
| 113|0x0000000087100000, 0x0000000087100000, 0x0000000087200000|  0%| F|  |TAMS 0x0000000087100000, 0x0000000087100000| Untracked 
| 114|0x0000000087200000, 0x0000000087200000, 0x0000000087300000|  0%| F|  |TAMS 0x0000000087200000, 0x0000000087200000| Untracked 
| 115|0x0000000087300000, 0x0000000087300000, 0x0000000087400000|  0%| F|  |TAMS 0x0000000087300000, 0x0000000087300000| Untracked 
| 116|0x0000000087400000, 0x0000000087400000, 0x0000000087500000|  0%| F|  |TAMS 0x0000000087400000, 0x0000000087400000| Untracked 
| 117|0x0000000087500000, 0x0000000087500000, 0x0000000087600000|  0%| F|  |TAMS 0x0000000087500000, 0x0000000087500000| Untracked 
| 118|0x0000000087600000, 0x0000000087600000, 0x0000000087700000|  0%| F|  |TAMS 0x0000000087600000, 0x0000000087600000| Untracked 
| 119|0x0000000087700000, 0x0000000087700000, 0x0000000087800000|  0%| F|  |TAMS 0x0000000087700000, 0x0000000087700000| Untracked 
| 120|0x0000000087800000, 0x0000000087900000, 0x0000000087900000|100%| E|  |TAMS 0x0000000087800000, 0x0000000087800000| Complete 
| 121|0x0000000087900000, 0x00000000879adc00, 0x0000000087a00000| 67%| S|CS|TAMS 0x0000000087900000, 0x0000000087900000| Complete 
| 122|0x0000000087a00000, 0x0000000087b00000, 0x0000000087b00000|100%| S|CS|TAMS 0x0000000087a00000, 0x0000000087a00000| Complete 
| 123|0x0000000087b00000, 0x0000000087c00000, 0x0000000087c00000|100%| S|CS|TAMS 0x0000000087b00000, 0x0000000087b00000| Complete 
| 124|0x0000000087c00000, 0x0000000087d00000, 0x0000000087d00000|100%| S|CS|TAMS 0x0000000087c00000, 0x0000000087c00000| Complete 
| 125|0x0000000087d00000, 0x0000000087e00000, 0x0000000087e00000|100%| S|CS|TAMS 0x0000000087d00000, 0x0000000087d00000| Complete 
| 126|0x0000000087e00000, 0x0000000087f00000, 0x0000000087f00000|100%| E|CS|TAMS 0x0000000087e00000, 0x0000000087e00000| Complete 
| 127|0x0000000087f00000, 0x0000000088000000, 0x0000000088000000|100%| E|CS|TAMS 0x0000000087f00000, 0x0000000087f00000| Complete 
| 128|0x0000000088000000, 0x0000000088100000, 0x0000000088100000|100%| E|CS|TAMS 0x0000000088000000, 0x0000000088000000| Complete 
| 129|0x0000000088100000, 0x0000000088200000, 0x0000000088200000|100%| E|CS|TAMS 0x0000000088100000, 0x0000000088100000| Complete 
| 130|0x0000000088200000, 0x0000000088300000, 0x0000000088300000|100%| E|CS|TAMS 0x0000000088200000, 0x0000000088200000| Complete 
| 131|0x0000000088300000, 0x0000000088400000, 0x0000000088400000|100%| E|CS|TAMS 0x0000000088300000, 0x0000000088300000| Complete 
| 132|0x0000000088400000, 0x0000000088500000, 0x0000000088500000|100%| E|CS|TAMS 0x0000000088400000, 0x0000000088400000| Complete 
| 133|0x0000000088500000, 0x0000000088600000, 0x0000000088600000|100%| E|CS|TAMS 0x0000000088500000, 0x0000000088500000| Complete 
| 134|0x0000000088600000, 0x0000000088700000, 0x0000000088700000|100%| E|CS|TAMS 0x0000000088600000, 0x0000000088600000| Complete 
| 135|0x0000000088700000, 0x0000000088800000, 0x0000000088800000|100%| E|CS|TAMS 0x0000000088700000, 0x0000000088700000| Complete 
| 136|0x0000000088800000, 0x0000000088900000, 0x0000000088900000|100%| E|CS|TAMS 0x0000000088800000, 0x0000000088800000| Complete 
| 137|0x0000000088900000, 0x0000000088a00000, 0x0000000088a00000|100%| E|CS|TAMS 0x0000000088900000, 0x0000000088900000| Complete 
| 138|0x0000000088a00000, 0x0000000088b00000, 0x0000000088b00000|100%| E|CS|TAMS 0x0000000088a00000, 0x0000000088a00000| Complete 
| 139|0x0000000088b00000, 0x0000000088c00000, 0x0000000088c00000|100%| E|CS|TAMS 0x0000000088b00000, 0x0000000088b00000| Complete 
| 140|0x0000000088c00000, 0x0000000088d00000, 0x0000000088d00000|100%| E|CS|TAMS 0x0000000088c00000, 0x0000000088c00000| Complete 
| 141|0x0000000088d00000, 0x0000000088e00000, 0x0000000088e00000|100%| E|CS|TAMS 0x0000000088d00000, 0x0000000088d00000| Complete 
| 142|0x0000000088e00000, 0x0000000088f00000, 0x0000000088f00000|100%| E|CS|TAMS 0x0000000088e00000, 0x0000000088e00000| Complete 
| 143|0x0000000088f00000, 0x0000000089000000, 0x0000000089000000|100%| E|CS|TAMS 0x0000000088f00000, 0x0000000088f00000| Complete 
| 144|0x0000000089000000, 0x0000000089100000, 0x0000000089100000|100%| E|CS|TAMS 0x0000000089000000, 0x0000000089000000| Complete 
| 145|0x0000000089100000, 0x0000000089200000, 0x0000000089200000|100%| E|CS|TAMS 0x0000000089100000, 0x0000000089100000| Complete 
| 146|0x0000000089200000, 0x0000000089300000, 0x0000000089300000|100%| E|CS|TAMS 0x0000000089200000, 0x0000000089200000| Complete 
| 147|0x0000000089300000, 0x0000000089400000, 0x0000000089400000|100%| E|  |TAMS 0x0000000089300000, 0x0000000089300000| Complete 
| 148|0x0000000089400000, 0x0000000089500000, 0x0000000089500000|100%| E|CS|TAMS 0x0000000089400000, 0x0000000089400000| Complete 
| 149|0x0000000089500000, 0x0000000089600000, 0x0000000089600000|100%| E|CS|TAMS 0x0000000089500000, 0x0000000089500000| Complete 
| 150|0x0000000089600000, 0x0000000089700000, 0x0000000089700000|100%| E|CS|TAMS 0x0000000089600000, 0x0000000089600000| Complete 
| 151|0x0000000089700000, 0x0000000089800000, 0x0000000089800000|100%| E|CS|TAMS 0x0000000089700000, 0x0000000089700000| Complete 
| 152|0x0000000089800000, 0x0000000089900000, 0x0000000089900000|100%| E|CS|TAMS 0x0000000089800000, 0x0000000089800000| Complete 
| 153|0x0000000089900000, 0x0000000089a00000, 0x0000000089a00000|100%| E|CS|TAMS 0x0000000089900000, 0x0000000089900000| Complete 

Card table byte_map: [0x000001fff7f30000,0x000001fff8330000] _byte_map_base: 0x000001fff7b30000

Marking Bits (Prev, Next): (CMBitMap*) 0x000001ffe507fb60, (CMBitMap*) 0x000001ffe507fb28
 Prev Bits: [0x000001fffa730000, 0x000001fffc730000)
 Next Bits: [0x000001fff8730000, 0x000001fffa730000)

Polling page: 0x000001ffe2fe0000

Metaspace:

Usage:
  Non-class:     53.15 MB capacity,    52.25 MB ( 98%) used,   770.53 KB (  1%) free+waste,   154.63 KB ( <1%) overhead. 
      Class:      8.10 MB capacity,     7.58 MB ( 94%) used,   457.61 KB (  6%) free+waste,    73.00 KB ( <1%) overhead. 
       Both:     61.25 MB capacity,    59.83 MB ( 98%) used,     1.20 MB (  2%) free+waste,   227.63 KB ( <1%) overhead. 

Virtual space:
  Non-class space:       54.00 MB reserved,      53.29 MB ( 99%) committed 
      Class space:        1.00 GB reserved,       8.13 MB ( <1%) committed 
             Both:        1.05 GB reserved,      61.41 MB (  6%) committed 

Chunk freelists:
   Non-Class:  12.00 KB
       Class:  30.00 KB
        Both:  42.00 KB

MaxMetaspaceSize: 17179869184.00 GB
CompressedClassSpaceSize: 1.00 GB

CodeHeap 'non-profiled nmethods': size=120064Kb used=2333Kb max_used=2333Kb free=117730Kb
 bounds [0x000001fff05f0000, 0x000001fff0860000, 0x000001fff7b30000]
CodeHeap 'profiled nmethods': size=120000Kb used=11132Kb max_used=11132Kb free=108867Kb
 bounds [0x000001ffe90c0000, 0x000001ffe9ba0000, 0x000001fff05f0000]
CodeHeap 'non-nmethods': size=5696Kb used=2252Kb max_used=2279Kb free=3443Kb
 bounds [0x000001ffe8b30000, 0x000001ffe8da0000, 0x000001ffe90c0000]
 total_blobs=6583 nmethods=5740 adapters=754
 compilation: enabled
              stopped_count=0, restarted_count=0
 full_count=0

Compilation events (20 events):
Event: 8.233 Thread 0x000001fffec3b000 5710       2       java.util.jar.JarFile::maybeInstantiateVerifier (112 bytes)
Event: 8.233 Thread 0x000001fffec3b000 nmethod 5710 0x000001ffe9b6e090 code [0x000001ffe9b6e2c0, 0x000001ffe9b6e6f8]
Event: 8.233 Thread 0x000001fffec3b000 5711   !   2       jdk.internal.loader.Resource::getBytes (242 bytes)
Event: 8.234 Thread 0x000001fffec3b000 nmethod 5711 0x000001ffe9b6ea90 code [0x000001ffe9b6ed20, 0x000001ffe9b6fac8]
Event: 8.234 Thread 0x000001fffec3b000 5708       2       org.gradle.api.internal.provider.DefaultValueSourceProviderFactory$NonConfigurationTimeProvider::forUseAtConfigurationTime (12 bytes)
Event: 8.234 Thread 0x000001fffec3b000 nmethod 5708 0x000001ffe9b70290 code [0x000001ffe9b70440, 0x000001ffe9b705d8]
Event: 8.234 Thread 0x000001fffec3b000 5709       2       org.gradle.api.internal.provider.DefaultValueSourceProviderFactory$ConfigurationTimeProvider::<init> (6 bytes)
Event: 8.234 Thread 0x000001fffec3b000 nmethod 5709 0x000001ffe9b70690 code [0x000001ffe9b70840, 0x000001ffe9b70978]
Event: 8.236 Thread 0x000001fffec3b000 5713       2       org.gradle.internal.concurrent.CompositeStoppable::<init> (16 bytes)
Event: 8.236 Thread 0x000001fffec3b000 nmethod 5713 0x000001ffe9b70a10 code [0x000001ffe9b70bc0, 0x000001ffe9b70dd8]
Event: 8.236 Thread 0x000001fffec3b000 5714       2       kotlin.jvm.internal.Intrinsics::checkNotNullParameter (9 bytes)
Event: 8.237 Thread 0x000001fffec3b000 nmethod 5714 0x000001ffe9b70e90 code [0x000001ffe9b71080, 0x000001ffe9b712d8]
Event: 8.237 Thread 0x000001fffec3b000 5715       2       org.gradle.internal.isolated.IsolationScheme::parameterTypeFor (115 bytes)
Event: 8.237 Thread 0x000001fffec3b000 nmethod 5715 0x000001ffe9b71490 code [0x000001ffe9b716e0, 0x000001ffe9b71b48]
Event: 8.237 Thread 0x000001fffec3b000 5716       2       org.gradle.internal.isolated.IsolationScheme::inferParameterType (130 bytes)
Event: 8.238 Thread 0x000001fffec3b000 nmethod 5716 0x000001ffe9b71d90 code [0x000001ffe9b72060, 0x000001ffe9b72a58]
Event: 8.238 Thread 0x000001fffec3b000 5718       2       java.util.LinkedHashMap::get (33 bytes)
Event: 8.238 Thread 0x000001fffec3b000 nmethod 5718 0x000001ffe9b73010 code [0x000001ffe9b731e0, 0x000001ffe9b733c8]
Event: 8.238 Thread 0x000001fffec3b000 5717       2       org.gradle.internal.instantiation.generator.AbstractClassGenerator$GeneratedClassImpl::getGeneratedClass (11 bytes)
Event: 8.238 Thread 0x000001fffec3b000 nmethod 5717 0x000001ffe9b73510 code [0x000001ffe9b736c0, 0x000001ffe9b737b8]

GC Heap History (20 events):
Event: 4.390 GC heap before
{Heap before GC invocations=3 (full 0):
 garbage-first heap   total 131072K, used 56473K [0x0000000080000000, 0x0000000100000000)
  region size 1024K, 48 young (49152K), 4 survivors (4096K)
 Metaspace       used 18319K, capacity 18744K, committed 19072K, reserved 1067008K
  class space    used 2186K, capacity 2308K, committed 2432K, reserved 1048576K
}
Event: 4.395 GC heap after
{Heap after GC invocations=4 (full 0):
 garbage-first heap   total 131072K, used 15891K [0x0000000080000000, 0x0000000100000000)
  region size 1024K, 6 young (6144K), 6 survivors (6144K)
 Metaspace       used 18319K, capacity 18744K, committed 19072K, reserved 1067008K
  class space    used 2186K, capacity 2308K, committed 2432K, reserved 1048576K
}
Event: 4.563 GC heap before
{Heap before GC invocations=4 (full 0):
 garbage-first heap   total 131072K, used 34323K [0x0000000080000000, 0x0000000100000000)
  region size 1024K, 25 young (25600K), 6 survivors (6144K)
 Metaspace       used 20583K, capacity 21125K, committed 21296K, reserved 1069056K
  class space    used 2509K, capacity 2660K, committed 2688K, reserved 1048576K
}
Event: 4.568 GC heap after
{Heap after GC invocations=5 (full 0):
 garbage-first heap   total 131072K, used 17195K [0x0000000080000000, 0x0000000100000000)
  region size 1024K, 1 young (1024K), 1 survivors (1024K)
 Metaspace       used 20583K, capacity 21125K, committed 21296K, reserved 1069056K
  class space    used 2509K, capacity 2660K, committed 2688K, reserved 1048576K
}
Event: 4.993 GC heap before
{Heap before GC invocations=6 (full 0):
 garbage-first heap   total 131072K, used 65323K [0x0000000080000000, 0x0000000100000000)
  region size 1024K, 48 young (49152K), 1 survivors (1024K)
 Metaspace       used 25588K, capacity 26201K, committed 26368K, reserved 1073152K
  class space    used 3335K, capacity 3570K, committed 3584K, reserved 1048576K
}
Event: 4.996 GC heap after
{Heap after GC invocations=7 (full 0):
 garbage-first heap   total 131072K, used 18675K [0x0000000080000000, 0x0000000100000000)
  region size 1024K, 3 young (3072K), 3 survivors (3072K)
 Metaspace       used 25588K, capacity 26201K, committed 26368K, reserved 1073152K
  class space    used 3335K, capacity 3570K, committed 3584K, reserved 1048576K
}
Event: 5.515 GC heap before
{Heap before GC invocations=7 (full 0):
 garbage-first heap   total 131072K, used 71923K [0x0000000080000000, 0x0000000100000000)
  region size 1024K, 55 young (56320K), 3 survivors (3072K)
 Metaspace       used 31770K, capacity 32527K, committed 32640K, reserved 1077248K
  class space    used 4191K, capacity 4445K, committed 4480K, reserved 1048576K
}
Event: 5.520 GC heap after
{Heap after GC invocations=8 (full 0):
 garbage-first heap   total 131072K, used 21052K [0x0000000080000000, 0x0000000100000000)
  region size 1024K, 5 young (5120K), 5 survivors (5120K)
 Metaspace       used 31770K, capacity 32527K, committed 32640K, reserved 1077248K
  class space    used 4191K, capacity 4445K, committed 4480K, reserved 1048576K
}
Event: 5.670 GC heap before
{Heap before GC invocations=8 (full 0):
 garbage-first heap   total 131072K, used 29244K [0x0000000080000000, 0x0000000100000000)
  region size 1024K, 14 young (14336K), 5 survivors (5120K)
 Metaspace       used 35054K, capacity 35859K, committed 36048K, reserved 1081344K
  class space    used 4537K, capacity 4834K, committed 4864K, reserved 1048576K
}
Event: 5.677 GC heap after
{Heap after GC invocations=9 (full 0):
 garbage-first heap   total 131072K, used 22528K [0x0000000080000000, 0x0000000100000000)
  region size 1024K, 6 young (6144K), 6 survivors (6144K)
 Metaspace       used 35054K, capacity 35859K, committed 36048K, reserved 1081344K
  class space    used 4537K, capacity 4834K, committed 4864K, reserved 1048576K
}
Event: 6.092 GC heap before
{Heap before GC invocations=10 (full 0):
 garbage-first heap   total 131072K, used 78848K [0x0000000080000000, 0x0000000100000000)
  region size 1024K, 59 young (60416K), 6 survivors (6144K)
 Metaspace       used 38786K, capacity 39692K, committed 39836K, reserved 1083392K
  class space    used 4948K, capacity 5317K, committed 5376K, reserved 1048576K
}
Event: 6.101 GC heap after
{Heap after GC invocations=11 (full 0):
 garbage-first heap   total 131072K, used 26778K [0x0000000080000000, 0x0000000100000000)
  region size 1024K, 8 young (8192K), 8 survivors (8192K)
 Metaspace       used 38786K, capacity 39692K, committed 39836K, reserved 1083392K
  class space    used 4948K, capacity 5317K, committed 5376K, reserved 1048576K
}
Event: 6.563 GC heap before
{Heap before GC invocations=11 (full 0):
 garbage-first heap   total 131072K, used 83098K [0x0000000080000000, 0x0000000100000000)
  region size 1024K, 63 young (64512K), 8 survivors (8192K)
 Metaspace       used 43983K, capacity 44931K, committed 45084K, reserved 1089536K
  class space    used 5639K, capacity 5972K, committed 6016K, reserved 1048576K
}
Event: 6.571 GC heap after
{Heap after GC invocations=12 (full 0):
 garbage-first heap   total 131072K, used 28904K [0x0000000080000000, 0x0000000100000000)
  region size 1024K, 3 young (3072K), 3 survivors (3072K)
 Metaspace       used 43983K, capacity 44931K, committed 45084K, reserved 1089536K
  class space    used 5639K, capacity 5972K, committed 6016K, reserved 1048576K
}
Event: 7.222 GC heap before
{Heap before GC invocations=12 (full 0):
 garbage-first heap   total 131072K, used 91368K [0x0000000080000000, 0x0000000100000000)
  region size 1024K, 61 young (62464K), 3 survivors (3072K)
 Metaspace       used 47306K, capacity 48481K, committed 48668K, reserved 1091584K
  class space    used 6044K, capacity 6465K, committed 6528K, reserved 1048576K
}
Event: 7.230 GC heap after
{Heap after GC invocations=13 (full 0):
 garbage-first heap   total 131072K, used 39936K [0x0000000080000000, 0x0000000100000000)
  region size 1024K, 8 young (8192K), 8 survivors (8192K)
 Metaspace       used 47306K, capacity 48481K, committed 48668K, reserved 1091584K
  class space    used 6044K, capacity 6465K, committed 6528K, reserved 1048576K
}
Event: 7.770 GC heap before
{Heap before GC invocations=13 (full 0):
 garbage-first heap   total 131072K, used 93184K [0x0000000080000000, 0x0000000100000000)
  region size 1024K, 60 young (61440K), 8 survivors (8192K)
 Metaspace       used 54172K, capacity 55531K, committed 55708K, reserved 1097728K
  class space    used 6878K, capacity 7376K, committed 7424K, reserved 1048576K
}
Event: 7.778 GC heap after
{Heap after GC invocations=14 (full 0):
 garbage-first heap   total 157696K, used 42644K [0x0000000080000000, 0x0000000100000000)
  region size 1024K, 3 young (3072K), 3 survivors (3072K)
 Metaspace       used 54172K, capacity 55531K, committed 55708K, reserved 1097728K
  class space    used 6878K, capacity 7376K, committed 7424K, reserved 1048576K
}
Event: 8.137 GC heap before
{Heap before GC invocations=14 (full 0):
 garbage-first heap   total 157696K, used 70292K [0x0000000080000000, 0x0000000100000000)
  region size 1024K, 31 young (31744K), 3 survivors (3072K)
 Metaspace       used 59184K, capacity 60599K, committed 60636K, reserved 1101824K
  class space    used 7502K, capacity 8039K, committed 8064K, reserved 1048576K
}
Event: 8.142 GC heap after
{Heap after GC invocations=15 (full 0):
 garbage-first heap   total 157696K, used 44727K [0x0000000080000000, 0x0000000100000000)
  region size 1024K, 5 young (5120K), 5 survivors (5120K)
 Metaspace       used 59184K, capacity 60599K, committed 60636K, reserved 1101824K
  class space    used 7502K, capacity 8039K, committed 8064K, reserved 1048576K
}

Deoptimization events (20 events):
Event: 8.182 Thread 0x000001ff82618800 DEOPT PACKING pc=0x000001ffe9435d66 sp=0x00000063188f40d0
Event: 8.182 Thread 0x000001ff82618800 DEOPT UNPACKING pc=0x000001ffe8b576ce sp=0x00000063188f3548 mode 0
Event: 8.182 Thread 0x000001ff82618800 DEOPT PACKING pc=0x000001ffe9435d66 sp=0x00000063188f40d0
Event: 8.182 Thread 0x000001ff82618800 DEOPT UNPACKING pc=0x000001ffe8b576ce sp=0x00000063188f3548 mode 0
Event: 8.183 Thread 0x000001ff82618800 DEOPT PACKING pc=0x000001ffe9435d66 sp=0x00000063188f40d0
Event: 8.183 Thread 0x000001ff82618800 DEOPT UNPACKING pc=0x000001ffe8b576ce sp=0x00000063188f3548 mode 0
Event: 8.183 Thread 0x000001ff82618800 DEOPT PACKING pc=0x000001ffe9435d66 sp=0x00000063188f40d0
Event: 8.183 Thread 0x000001ff82618800 DEOPT UNPACKING pc=0x000001ffe8b576ce sp=0x00000063188f3548 mode 0
Event: 8.183 Thread 0x000001ff82618800 DEOPT PACKING pc=0x000001ffe9435d66 sp=0x00000063188f40d0
Event: 8.183 Thread 0x000001ff82618800 DEOPT UNPACKING pc=0x000001ffe8b576ce sp=0x00000063188f3548 mode 0
Event: 8.184 Thread 0x000001ff82618800 DEOPT PACKING pc=0x000001ffe9435d66 sp=0x00000063188f40d0
Event: 8.184 Thread 0x000001ff82618800 DEOPT UNPACKING pc=0x000001ffe8b576ce sp=0x00000063188f3548 mode 0
Event: 8.184 Thread 0x000001ff82618800 DEOPT PACKING pc=0x000001ffe9435d66 sp=0x00000063188f40d0
Event: 8.184 Thread 0x000001ff82618800 DEOPT UNPACKING pc=0x000001ffe8b576ce sp=0x00000063188f3548 mode 0
Event: 8.184 Thread 0x000001ff82618800 DEOPT PACKING pc=0x000001ffe9435d66 sp=0x00000063188f40d0
Event: 8.184 Thread 0x000001ff82618800 DEOPT UNPACKING pc=0x000001ffe8b576ce sp=0x00000063188f3548 mode 0
Event: 8.185 Thread 0x000001ff82618800 DEOPT PACKING pc=0x000001ffe9435d66 sp=0x00000063188f40d0
Event: 8.185 Thread 0x000001ff82618800 DEOPT UNPACKING pc=0x000001ffe8b576ce sp=0x00000063188f3548 mode 0
Event: 8.185 Thread 0x000001ff82618800 DEOPT PACKING pc=0x000001ffe9435d66 sp=0x00000063188f40d0
Event: 8.185 Thread 0x000001ff82618800 DEOPT UNPACKING pc=0x000001ffe8b576ce sp=0x00000063188f3548 mode 0

Classes redefined (0 events):
No events

Internal exceptions (20 events):
Event: 7.266 Thread 0x000001ff8150a000 Exception <a 'java/lang/NoSuchMethodError'{0x0000000087a12988}: <clinit>> (0x0000000087a12988) thrown at [./src/hotspot/share/prims/jni.cpp, line 1362]
Event: 7.266 Thread 0x000001ff8150a000 Exception <a 'java/lang/NoSuchMethodError'{0x0000000087a139a8}: <clinit>> (0x0000000087a139a8) thrown at [./src/hotspot/share/prims/jni.cpp, line 1362]
Event: 7.267 Thread 0x000001ff8150a000 Exception <a 'java/lang/NoSuchMethodError'{0x0000000087a1d7a8}: <clinit>> (0x0000000087a1d7a8) thrown at [./src/hotspot/share/prims/jni.cpp, line 1362]
Event: 7.267 Thread 0x000001ff8150a000 Exception <a 'java/lang/NoSuchMethodError'{0x0000000087a27c00}: <clinit>> (0x0000000087a27c00) thrown at [./src/hotspot/share/prims/jni.cpp, line 1362]
Event: 7.269 Thread 0x000001ff8150a000 Exception <a 'java/lang/NoSuchMethodError'{0x0000000087a3bbc8}: <clinit>> (0x0000000087a3bbc8) thrown at [./src/hotspot/share/prims/jni.cpp, line 1362]
Event: 7.280 Thread 0x000001ff82618800 Exception <a 'java/lang/ClassNotFoundException'{0x0000000087abc1c8}: build_bz8beun19ffimltywp06fjl02BeanInfo> (0x0000000087abc1c8) thrown at [./src/hotspot/share/classfile/systemDictionary.cpp, line 231]
Event: 7.280 Thread 0x000001ff82618800 Exception <a 'java/lang/ClassNotFoundException'{0x0000000087ac70f0}: build_bz8beun19ffimltywp06fjl02Customizer> (0x0000000087ac70f0) thrown at [./src/hotspot/share/classfile/systemDictionary.cpp, line 231]
Event: 7.286 Thread 0x000001ff82618800 Exception <a 'java/lang/ClassNotFoundException'{0x0000000087947860}: org/gradle/plugin/use/internal/PluginRequestCollector$PluginDependenciesSpecImplBeanInfo> (0x0000000087947860) thrown at [./src/hotspot/share/classfile/systemDictionary.cpp, line 231]
Event: 7.286 Thread 0x000001ff82618800 Exception <a 'java/lang/ClassNotFoundException'{0x0000000087975710}: org/gradle/plugin/use/internal/PluginRequestCollector$PluginDependenciesSpecImplCustomizer> (0x0000000087975710) thrown at [./src/hotspot/share/classfile/systemDictionary.cpp, line 231]
Event: 7.309 Thread 0x000001ff82618800 Exception <a 'java/lang/ClassNotFoundException'{0x00000000877f4988}: org/gradle/api/internal/plugins/DefaultObjectConfigurationActionBeanInfo> (0x00000000877f4988) thrown at [./src/hotspot/share/classfile/systemDictionary.cpp, line 231]
Event: 7.310 Thread 0x000001ff82618800 Exception <a 'java/lang/ClassNotFoundException'{0x00000000876281f8}: org/gradle/api/internal/plugins/DefaultObjectConfigurationActionCustomizer> (0x00000000876281f8) thrown at [./src/hotspot/share/classfile/systemDictionary.cpp, line 231]
Event: 7.396 Thread 0x000001ff82618800 Exception <a 'java/lang/NoSuchMethodError'{0x0000000086dfdea8}: 'java.lang.Object java.lang.invoke.DirectMethodHandle$Holder.invokeStatic(java.lang.Object, java.lang.Object, java.lang.Object, java.lang.Object, int)'> (0x0000000086dfdea8) thrown at [./src/hotspot/share/interpreter/linkResolver.cpp, line 773]
Event: 7.396 Thread 0x000001ff82618800 Exception <a 'java/lang/NoSuchMethodError'{0x0000000086c02e20}: 'java.lang.Object java.lang.invoke.DirectMethodHandle$Holder.invokeSpecial(java.lang.Object, java.lang.Object, java.lang.Object, java.lang.Object, java.lang.Object, int)'> (0x0000000086c02e20) thrown at [./src/hotspot/share/interpreter/linkResolver.cpp, line 773]
Event: 7.397 Thread 0x000001ff82618800 Exception <a 'java/lang/NoSuchMethodError'{0x0000000086c07460}: 'java.lang.Object java.lang.invoke.Invokers$Holder.linkToTargetMethod(java.lang.Object, java.lang.Object, java.lang.Object, int, java.lang.Object)'> (0x0000000086c07460) thrown at [./src/hotspot/share/interpreter/linkResolver.cpp, line 773]
Event: 7.555 Thread 0x000001ff82618800 Exception <a 'java/lang/NoSuchMethodError'{0x0000000085ea2f10}: 'java.lang.Object java.lang.invoke.DirectMethodHandle$Holder.invokeSpecial(java.lang.Object, java.lang.Object, int, int, java.lang.Object, java.lang.Object, java.lang.Object)'> (0x0000000085ea2f10) thrown at [./src/hotspot/share/interpreter/linkResolver.cpp, line 773]
Event: 7.555 Thread 0x000001ff82618800 Exception <a 'java/lang/NoSuchMethodError'{0x0000000085ea7490}: 'java.lang.Object java.lang.invoke.DelegatingMethodHandle$Holder.reinvoke_L(java.lang.Object, int, int, java.lang.Object, java.lang.Object, java.lang.Object)'> (0x0000000085ea7490) thrown at [./src/hotspot/share/interpreter/linkResolver.cpp, line 773]
Event: 7.703 Thread 0x000001ff82618800 Exception <a 'java/lang/NoSuchMethodError'{0x0000000085218210}: 'int java.lang.invoke.DirectMethodHandle$Holder.invokeInterface(java.lang.Object, java.lang.Object, java.lang.Object, java.lang.Object)'> (0x0000000085218210) thrown at [./src/hotspot/share/interpreter/linkResolver.cpp, line 773]
Event: 7.899 Thread 0x000001ff82618800 Exception <a 'java/lang/NoSuchMethodError'{0x00000000891eece8}: 'void java.lang.invoke.DirectMethodHandle$Holder.invokeInterface(java.lang.Object, java.lang.Object, java.lang.Object, java.lang.Object)'> (0x00000000891eece8) thrown at [./src/hotspot/share/interpreter/linkResolver.cpp, line 773]
Event: 7.989 Thread 0x000001ff82618800 Exception <a 'java/lang/IncompatibleClassChangeError'{0x000000008881a208}: Found class java.lang.Object, but interface was expected> (0x000000008881a208) thrown at [./src/hotspot/share/interpreter/linkResolver.cpp, line 839]
Event: 8.239 Thread 0x000001ff82618800 Exception <a 'sun/nio/fs/WindowsException'{0x0000000088ed4ad8}> (0x0000000088ed4ad8) thrown at [./src/hotspot/share/prims/jni.cpp, line 615]

Events (20 events):
Event: 8.232 loading class com/android/prefs/PathLocator$WhenMappings
Event: 8.232 loading class com/android/prefs/PathLocator$WhenMappings done
Event: 8.233 loading class com/android/prefs/VariableValue
Event: 8.233 loading class com/android/prefs/VariableValue done
Event: 8.233 loading class com/android/prefs/LocationValue
Event: 8.233 loading class com/android/prefs/LocationValue done
Event: 8.235 loading class kotlin/collections/CollectionsKt___CollectionsKt$asSequence$$inlined$Sequence$1
Event: 8.235 loading class kotlin/collections/CollectionsKt___CollectionsKt$asSequence$$inlined$Sequence$1 done
Event: 8.236 loading class kotlin/collections/EmptyList
Event: 8.236 loading class kotlin/collections/EmptyList done
Event: 8.237 loading class com/android/prefs/QueryResult
Event: 8.237 loading class com/android/prefs/QueryResult done
Event: 8.238 loading class com/android/io/CancellableFileIo
Event: 8.238 loading class com/android/io/CancellableFileIo done
Event: 8.238 loading class com/android/ProgressManagerAdapter
Event: 8.238 loading class com/android/ProgressManagerAdapter done
Event: 8.239 loading class sun/nio/fs/WindowsException
Event: 8.239 loading class sun/nio/fs/WindowsException done
Event: 8.241 loading class com/android/build/api/dsl/ExternalNativeBuildOptions
Event: 8.241 loading class com/android/build/api/dsl/ExternalNativeBuildOptions done


Dynamic libraries:
0x00007ff7d9c20000 - 0x00007ff7d9c2a000 	D:\android studio\jre\bin\java.exe
0x00007ff849930000 - 0x00007ff849b25000 	C:\WINDOWS\SYSTEM32\ntdll.dll
0x00007ff848600000 - 0x00007ff8486be000 	C:\WINDOWS\System32\KERNEL32.DLL
0x00007ff847190000 - 0x00007ff847459000 	C:\WINDOWS\System32\KERNELBASE.dll
0x00007ff847570000 - 0x00007ff847670000 	C:\WINDOWS\System32\ucrtbase.dll
0x00007ff839200000 - 0x00007ff839219000 	D:\android studio\jre\bin\jli.dll
0x00007ff8496e0000 - 0x00007ff849881000 	C:\WINDOWS\System32\USER32.dll
0x00007ff847950000 - 0x00007ff847972000 	C:\WINDOWS\System32\win32u.dll
0x00007ff847fa0000 - 0x00007ff847fcb000 	C:\WINDOWS\System32\GDI32.dll
0x00007ff847460000 - 0x00007ff84756b000 	C:\WINDOWS\System32\gdi32full.dll
0x00007ff82ba90000 - 0x00007ff82baa7000 	D:\android studio\jre\bin\VCRUNTIME140.dll
0x00007ff838d80000 - 0x00007ff83901a000 	C:\WINDOWS\WinSxS\amd64_microsoft.windows.common-controls_6595b64144ccf1df_6.0.19041.1110_none_60b5254171f9507e\COMCTL32.dll
0x00007ff847720000 - 0x00007ff8477bd000 	C:\WINDOWS\System32\msvcp_win.dll
0x00007ff8479a0000 - 0x00007ff847a3e000 	C:\WINDOWS\System32\msvcrt.dll
0x00007ff849440000 - 0x00007ff849470000 	C:\WINDOWS\System32\IMM32.DLL
0x00007ff812180000 - 0x00007ff81221d000 	D:\android studio\jre\bin\msvcp140.dll
0x00007fffcb0a0000 - 0x00007fffcbb6f000 	D:\android studio\jre\bin\server\jvm.dll
0x00007ff849620000 - 0x00007ff8496cc000 	C:\WINDOWS\System32\ADVAPI32.dll
0x00007ff8492f0000 - 0x00007ff84938b000 	C:\WINDOWS\System32\sechost.dll
0x00007ff848ed0000 - 0x00007ff848ffa000 	C:\WINDOWS\System32\RPCRT4.dll
0x00007ff8490d0000 - 0x00007ff8490d8000 	C:\WINDOWS\System32\PSAPI.DLL
0x00007ff83fbe0000 - 0x00007ff83fbe9000 	C:\WINDOWS\SYSTEM32\WSOCK32.dll
0x00007ff830650000 - 0x00007ff830677000 	C:\WINDOWS\SYSTEM32\WINMM.dll
0x00007ff846bd0000 - 0x00007ff846bda000 	C:\WINDOWS\SYSTEM32\VERSION.dll
0x00007ff849190000 - 0x00007ff8491fb000 	C:\WINDOWS\System32\WS2_32.dll
0x00007ff845860000 - 0x00007ff845872000 	C:\WINDOWS\SYSTEM32\kernel.appcore.dll
0x00007ff836150000 - 0x00007ff836161000 	D:\android studio\jre\bin\verify.dll
0x00007ff845650000 - 0x00007ff845834000 	C:\WINDOWS\SYSTEM32\DBGHELP.DLL
0x00007ff839500000 - 0x00007ff83952c000 	C:\WINDOWS\SYSTEM32\dbgcore.DLL
0x00007ff847050000 - 0x00007ff8470d3000 	C:\WINDOWS\System32\bcryptPrimitives.dll
0x00007ff8324e0000 - 0x00007ff832509000 	D:\android studio\jre\bin\java.dll
0x00007ff83fa10000 - 0x00007ff83fa1b000 	D:\android studio\jre\bin\jimage.dll
0x00007ff835500000 - 0x00007ff835518000 	D:\android studio\jre\bin\zip.dll
0x00007ff848790000 - 0x00007ff848ecf000 	C:\WINDOWS\System32\SHELL32.dll
0x00007ff844d80000 - 0x00007ff845510000 	C:\WINDOWS\SYSTEM32\windows.storage.dll
0x00007ff847fd0000 - 0x00007ff848325000 	C:\WINDOWS\System32\combase.dll
0x00007ff846a30000 - 0x00007ff846a5c000 	C:\WINDOWS\SYSTEM32\Wldp.dll
0x00007ff8490e0000 - 0x00007ff84918d000 	C:\WINDOWS\System32\SHCORE.dll
0x00007ff849290000 - 0x00007ff8492e5000 	C:\WINDOWS\System32\shlwapi.dll
0x00007ff846f90000 - 0x00007ff846faf000 	C:\WINDOWS\SYSTEM32\profapi.dll
0x00007ff832440000 - 0x00007ff83245a000 	D:\android studio\jre\bin\net.dll
0x00007ff839ad0000 - 0x00007ff839bd8000 	C:\WINDOWS\SYSTEM32\WINHTTP.dll
0x00007ff846790000 - 0x00007ff8467fa000 	C:\WINDOWS\system32\mswsock.dll
0x00007ff830c10000 - 0x00007ff830c24000 	D:\android studio\jre\bin\nio.dll
0x00007ff828730000 - 0x00007ff828757000 	C:\Users\Jaime Serrano\.gradle\native\8bec1ad78214c89d9ad589b4d07fe93259594b29d510b10fafb7a158f7737e5d\windows-amd64\native-platform.dll
0x00007fffef330000 - 0x00007fffef46d000 	C:\Users\Jaime Serrano\.gradle\native\53dbd7edfb1c66fb8903c78663c9afc45aea4f116125fa6feffd364cf09443e8\windows-amd64\native-platform-file-events.dll
0x00007ff83e440000 - 0x00007ff83e44a000 	D:\android studio\jre\bin\management.dll
0x00007ff83a850000 - 0x00007ff83a85c000 	D:\android studio\jre\bin\management_ext.dll
0x00007ff846980000 - 0x00007ff846998000 	C:\WINDOWS\SYSTEM32\CRYPTSP.dll
0x00007ff8460a0000 - 0x00007ff8460d4000 	C:\WINDOWS\system32\rsaenh.dll
0x00007ff847920000 - 0x00007ff847947000 	C:\WINDOWS\System32\bcrypt.dll
0x00007ff846f10000 - 0x00007ff846f3e000 	C:\WINDOWS\SYSTEM32\USERENV.dll
0x00007ff8469a0000 - 0x00007ff8469ac000 	C:\WINDOWS\SYSTEM32\CRYPTBASE.dll
0x00007ff846430000 - 0x00007ff84646b000 	C:\WINDOWS\SYSTEM32\IPHLPAPI.DLL
0x00007ff8496d0000 - 0x00007ff8496d8000 	C:\WINDOWS\System32\NSI.dll
0x00007ff839760000 - 0x00007ff839777000 	C:\WINDOWS\SYSTEM32\dhcpcsvc6.DLL
0x00007ff839720000 - 0x00007ff83973d000 	C:\WINDOWS\SYSTEM32\dhcpcsvc.DLL
0x00007ff846470000 - 0x00007ff84653c000 	C:\WINDOWS\SYSTEM32\DNSAPI.dll

dbghelp: loaded successfully - version: 4.0.5 - missing functions: none
symbol engine: initialized successfully - sym options: 0x614 - pdb path: .;D:\android studio\jre\bin;C:\WINDOWS\SYSTEM32;C:\WINDOWS\WinSxS\amd64_microsoft.windows.common-controls_6595b64144ccf1df_6.0.19041.1110_none_60b5254171f9507e;D:\android studio\jre\bin\server;C:\Users\Jaime Serrano\.gradle\native\8bec1ad78214c89d9ad589b4d07fe93259594b29d510b10fafb7a158f7737e5d\windows-amd64;C:\Users\Jaime Serrano\.gradle\native\53dbd7edfb1c66fb8903c78663c9afc45aea4f116125fa6feffd364cf09443e8\windows-amd64

VM Arguments:
jvm_args: --add-opens=java.base/java.util=ALL-UNNAMED --add-opens=java.base/java.lang=ALL-UNNAMED --add-opens=java.base/java.lang.invoke=ALL-UNNAMED --add-opens=java.base/java.util=ALL-UNNAMED --add-opens=java.prefs/java.util.prefs=ALL-UNNAMED --add-opens=java.prefs/java.util.prefs=ALL-UNNAMED --add-opens=java.base/java.nio.charset=ALL-UNNAMED --add-opens=java.base/java.net=ALL-UNNAMED --add-opens=java.base/java.util.concurrent.atomic=ALL-UNNAMED -Xmx2048m -Dfile.encoding=UTF-8 -Duser.country=CL -Duser.language=es -Duser.variant 
java_command: org.gradle.launcher.daemon.bootstrap.GradleDaemon 7.0.2
java_class_path (initial): C:\Users\Jaime Serrano\.gradle\wrapper\dists\gradle-7.0.2-bin\857tjihv64xamwrf0h14cai3r\gradle-7.0.2\lib\gradle-launcher-7.0.2.jar
Launcher Type: SUN_STANDARD

[Global flags]
     intx CICompilerCount                          = 3                                         {product} {ergonomic}
     uint ConcGCThreads                            = 1                                         {product} {ergonomic}
     uint G1ConcRefinementThreads                  = 4                                         {product} {ergonomic}
   size_t G1HeapRegionSize                         = 1048576                                   {product} {ergonomic}
    uintx GCDrainStackTargetSize                   = 64                                        {product} {ergonomic}
   size_t InitialHeapSize                          = 134217728                                 {product} {ergonomic}
   size_t MarkStackSize                            = 4194304                                   {product} {ergonomic}
   size_t MaxHeapSize                              = 2147483648                                {product} {command line}
   size_t MaxNewSize                               = 1287651328                                {product} {ergonomic}
   size_t MinHeapDeltaBytes                        = 1048576                                   {product} {ergonomic}
    uintx NonNMethodCodeHeapSize                   = 5830732                                {pd product} {ergonomic}
    uintx NonProfiledCodeHeapSize                  = 122913754                              {pd product} {ergonomic}
    uintx ProfiledCodeHeapSize                     = 122913754                              {pd product} {ergonomic}
    uintx ReservedCodeCacheSize                    = 251658240                              {pd product} {ergonomic}
     bool SegmentedCodeCache                       = true                                      {product} {ergonomic}
     bool UseCompressedClassPointers               = true                                 {lp64_product} {ergonomic}
     bool UseCompressedOops                        = true                                 {lp64_product} {ergonomic}
     bool UseG1GC                                  = true                                      {product} {ergonomic}
     bool UseLargePagesIndividualAllocation        = false                                  {pd product} {ergonomic}

Logging:
Log output configuration:
 #0: stdout all=warning uptime,level,tags
 #1: stderr all=off uptime,level,tags

Environment Variables:
JAVA_HOME=C:\Program Files\Java\jdk1.8.0_261
PATH=C:\Program Files (x86)\ActiveState Komodo IDE 12\;C:\ProgramData\Oracle\Java\javapath;C:\Program Files (x86)\Intel\iCLS Client\;C:\Program Files\Intel\iCLS Client\;C:\Windows\system32;C:\Windows;C:\Windows\System32\Wbem;C:\Windows\System32\WindowsPowerShell\v1.0\;C:\Program Files (x86)\NVIDIA Corporation\PhysX\Common;C:\Program Files (x86)\Intel\Intel(R) Management Engine Components\DAL;C:\Program Files\Intel\Intel(R) Management Engine Components\DAL;C:\Program Files (x86)\Intel\Intel(R) Management Engine Components\IPT;C:\Program Files\Intel\Intel(R) Management Engine Components\IPT;C:\WINDOWS\system32;C:\WINDOWS;C:\WINDOWS\System32\Wbem;C:\WINDOWS\System32\WindowsPowerShell\v1.0\;C:\WINDOWS\System32\OpenSSH\;C:\Program Files\NVIDIA Corporation\NVIDIA NvDLISR;C:\WINDOWS\system32;C:\WINDOWS;C:\WINDOWS\System32\Wbem;C:\WINDOWS\System32\WindowsPowerShell\v1.0\;C:\WINDOWS\System32\OpenSSH\;%JAVA_HOME%\bin;C:\Program Files\dotnet\;C:\Program Files (x86)\dotnet\;C:\Program Files\Microsoft SQL Server\130\Tools\Binn\;C:\Program Files\Microsoft SQL Server\Client SDK\ODBC\170\Tools\Binn\;C:\Users\Jaime Serrano\AppData\Local\Microsoft\WindowsApps;C:\Program Files\Java\jdk1.8.0_261\bin;C:\Users\Jaime Serrano\.dotnet\tools
USERNAME=Lenovo Legion
OS=Windows_NT
PROCESSOR_IDENTIFIER=Intel64 Family 6 Model 158 Stepping 9, GenuineIntel



---------------  S Y S T E M  ---------------

OS: Windows 10 , 64 bit Build 19041 (10.0.19041.1202)
OS uptime: 0 days 20:33 hours

CPU:total 4 (initial active 4) (4 cores per cpu, 1 threads per core) family 6 model 158 stepping 9 microcode 0xb4, cmov, cx8, fxsr, mmx, sse, sse2, sse3, ssse3, sse4.1, sse4.2, popcnt, avx, avx2, aes, clmul, erms, 3dnowpref, lzcnt, tsc, tscinvbit, bmi1, bmi2, adx, fma

Memory: 4k page, system-wide physical 8084M (247M free)
TotalPageFile size 11892M (AvailPageFile size 5M)
current process WorkingSet (physical memory assigned to process): 313M, peak: 313M
current process commit charge ("private bytes"): 361M, peak: 361M

vm_info: OpenJDK 64-Bit Server VM (11.0.10+0-b96-7249189) for windows-amd64 JRE (11.0.10+0-b96-7249189), built on Mar 31 2021 21:44:00 by "builder" with MS VC++ 14.0 (VS2015)

END.
