#
# There is insufficient memory for the Java Runtime Environment to continue.
# Native memory allocation (malloc) failed to allocate 1797136 bytes for Chunk::new
# Possible reasons:
#   The system is out of physical RAM or swap space
#   The process is running with CompressedOops enabled, and the Java Heap may be blocking the growth of the native heap
# Possible solutions:
#   Reduce memory load on the system
#   Increase physical memory or swap space
#   Check if swap backing store is full
#   Decrease Java heap size (-Xmx/-Xms)
#   Decrease number of Java threads
#   Decrease Java thread stack sizes (-Xss)
#   Set larger code cache with -XX:ReservedCodeCacheSize=
#   JVM is running with Unscaled Compressed Oops mode in which the Java heap is
#     placed in the first 4GB address space. The Java Heap base address is the
#     maximum limit for the native heap growth. Please use -XX:HeapBaseMinAddress
#     to set the Java Heap base and to place the Java Heap above 4GB virtual address.
# This output file may be truncated or incomplete.
#
#  Out of Memory Error (./src/hotspot/share/memory/arena.cpp:197), pid=7540, tid=15812
#
# JRE version: OpenJDK Runtime Environment (11.0.10) (build 11.0.10+0-b96-7249189)
# Java VM: OpenJDK 64-Bit Server VM (11.0.10+0-b96-7249189, mixed mode, tiered, compressed oops, g1 gc, windows-amd64)
# No core dump will be written. Minidumps are not enabled by default on client versions of Windows
#

---------------  S U M M A R Y ------------

Command Line: --add-opens=java.base/java.util=ALL-UNNAMED --add-opens=java.base/java.lang=ALL-UNNAMED --add-opens=java.base/java.lang.invoke=ALL-UNNAMED --add-opens=java.base/java.util=ALL-UNNAMED --add-opens=java.prefs/java.util.prefs=ALL-UNNAMED --add-opens=java.prefs/java.util.prefs=ALL-UNNAMED --add-opens=java.base/java.nio.charset=ALL-UNNAMED --add-opens=java.base/java.net=ALL-UNNAMED --add-opens=java.base/java.util.concurrent.atomic=ALL-UNNAMED -Xmx2048m -Dfile.encoding=UTF-8 -Duser.country=CL -Duser.language=es -Duser.variant org.gradle.launcher.daemon.bootstrap.GradleDaemon 7.0.2

Host: Intel(R) Core(TM) i5-7300HQ CPU @ 2.50GHz, 4 cores, 7G,  Windows 10 , 64 bit Build 19041 (10.0.19041.1202)
Time: Tue Oct 26 02:26:36 2021 Hora estándar de Magallanes elapsed time: 4231.022310 seconds (0d 1h 10m 31s)

---------------  T H R E A D  ---------------

Current thread (0x0000027a774f0000):  JavaThread "C2 CompilerThread0" daemon [_thread_in_native, id=15812, stack(0x0000008b75900000,0x0000008b75a00000)]


Current CompileTask:
C2:4231022 20450       4       com.android.tools.r8.internal.Nv::a (455 bytes)

Stack: [0x0000008b75900000,0x0000008b75a00000]
Native frames: (J=compiled Java code, j=interpreted, Vv=VM code, C=native code)
V  [jvm.dll+0x5ecfaa]
V  [jvm.dll+0x722bd5]
V  [jvm.dll+0x72412d]
V  [jvm.dll+0x7247e3]
V  [jvm.dll+0x242928]
V  [jvm.dll+0xbc4fc]
V  [jvm.dll+0xbca0c]
V  [jvm.dll+0x352d7d]
V  [jvm.dll+0x320ad3]
V  [jvm.dll+0x31ffca]
V  [jvm.dll+0x1fb602]
V  [jvm.dll+0x1fa7f4]
V  [jvm.dll+0x18354c]
V  [jvm.dll+0x208ee7]
V  [jvm.dll+0x207731]
V  [jvm.dll+0x6eb1cf]
V  [jvm.dll+0x6e3d45]
V  [jvm.dll+0x5ebe96]
C  [ucrtbase.dll+0x21bb2]
C  [KERNEL32.DLL+0x17034]
C  [ntdll.dll+0x52651]


---------------  P R O C E S S  ---------------

Threads class SMR info:
_java_thread_list=0x0000027a013d2240, length=52, elements={
0x0000027a5d8fc000, 0x0000027a774ce000, 0x0000027a774d0000, 0x0000027a774e8000,
0x0000027a774e8800, 0x0000027a774ea800, 0x0000027a774f0000, 0x0000027a774f4800,
0x0000027a774f8000, 0x0000027a77fc4800, 0x0000027a7a2f4000, 0x0000027a782a8000,
0x0000027a79647800, 0x0000027a7a3a6800, 0x0000027a7a3a8800, 0x0000027a7a3a7800,
0x0000027a7bf0a000, 0x0000027a7bf0b000, 0x0000027a7bf09000, 0x0000027a7bf0d000,
0x0000027a7bf0c800, 0x0000027a7bf0e000, 0x0000027a7bf12000, 0x0000027a7bf11800,
0x0000027a7da3c800, 0x0000027a7da3e000, 0x0000027a7da40800, 0x0000027a7da3b800,
0x0000027a7da3f800, 0x0000027a7bf08800, 0x0000027a7bf0b800, 0x0000027a7bf0f800,
0x0000027a7bf13000, 0x0000027a7bf14000, 0x0000027a7bf14800, 0x0000027a7bf15800,
0x0000027a7bf16000, 0x0000027a7bf17000, 0x0000027a7d74c000, 0x0000027a7d749800,
0x0000027a7d74a800, 0x0000027a7d748800, 0x0000027a7d74b000, 0x0000027a7d746800,
0x0000027a7d74d000, 0x0000027a7d747000, 0x0000027a7d74d800, 0x0000027a7d748000,
0x0000027a7d751000, 0x0000027a7d74e800, 0x0000027a7d752800, 0x0000027a7d753800
}

Java Threads: ( => current thread )
  0x0000027a5d8fc000 JavaThread "main" [_thread_blocked, id=7564, stack(0x0000008b74d00000,0x0000008b74e00000)]
  0x0000027a774ce000 JavaThread "Reference Handler" daemon [_thread_blocked, id=18424, stack(0x0000008b75400000,0x0000008b75500000)]
  0x0000027a774d0000 JavaThread "Finalizer" daemon [_thread_blocked, id=13800, stack(0x0000008b75500000,0x0000008b75600000)]
  0x0000027a774e8000 JavaThread "Signal Dispatcher" daemon [_thread_blocked, id=2512, stack(0x0000008b75600000,0x0000008b75700000)]
  0x0000027a774e8800 JavaThread "Attach Listener" daemon [_thread_blocked, id=13600, stack(0x0000008b75700000,0x0000008b75800000)]
  0x0000027a774ea800 JavaThread "Service Thread" daemon [_thread_blocked, id=7536, stack(0x0000008b75800000,0x0000008b75900000)]
=>0x0000027a774f0000 JavaThread "C2 CompilerThread0" daemon [_thread_in_native, id=15812, stack(0x0000008b75900000,0x0000008b75a00000)]
  0x0000027a774f4800 JavaThread "C1 CompilerThread0" daemon [_thread_blocked, id=2164, stack(0x0000008b75a00000,0x0000008b75b00000)]
  0x0000027a774f8000 JavaThread "Sweeper thread" daemon [_thread_blocked, id=17324, stack(0x0000008b75b00000,0x0000008b75c00000)]
  0x0000027a77fc4800 JavaThread "Common-Cleaner" daemon [_thread_blocked, id=16956, stack(0x0000008b75c00000,0x0000008b75d00000)]
  0x0000027a7a2f4000 JavaThread "Daemon health stats" [_thread_blocked, id=14176, stack(0x0000008b76100000,0x0000008b76200000)]
  0x0000027a782a8000 JavaThread "Incoming local TCP Connector on port 2199" [_thread_in_native, id=12276, stack(0x0000008b75e00000,0x0000008b75f00000)]
  0x0000027a79647800 JavaThread "Daemon periodic checks" [_thread_blocked, id=1000, stack(0x0000008b76200000,0x0000008b76300000)]
  0x0000027a7a3a6800 JavaThread "Cache worker for file hash cache (C:\Users\Jaime Serrano\.gradle\caches\7.0.2\fileHashes)" [_thread_blocked, id=12072, stack(0x0000008b76b00000,0x0000008b76c00000)]
  0x0000027a7a3a8800 JavaThread "File lock request listener" [_thread_in_native, id=7876, stack(0x0000008b76c00000,0x0000008b76d00000)]
  0x0000027a7a3a7800 JavaThread "Cache worker for journal cache (C:\Users\Jaime Serrano\.gradle\caches\journal-1)" [_thread_blocked, id=1816, stack(0x0000008b76d00000,0x0000008b76e00000)]
  0x0000027a7bf0a000 JavaThread "File watcher server" daemon [_thread_in_native, id=12856, stack(0x0000008b77000000,0x0000008b77100000)]
  0x0000027a7bf0b000 JavaThread "File watcher consumer" daemon [_thread_blocked, id=12100, stack(0x0000008b77100000,0x0000008b77200000)]
  0x0000027a7bf09000 JavaThread "jar transforms" [_thread_blocked, id=16404, stack(0x0000008b77200000,0x0000008b77300000)]
  0x0000027a7bf0d000 JavaThread "jar transforms Thread 2" [_thread_blocked, id=4528, stack(0x0000008b77300000,0x0000008b77400000)]
  0x0000027a7bf0c800 JavaThread "jar transforms Thread 3" [_thread_blocked, id=17152, stack(0x0000008b77400000,0x0000008b77500000)]
  0x0000027a7bf0e000 JavaThread "jar transforms Thread 4" [_thread_blocked, id=8800, stack(0x0000008b77500000,0x0000008b77600000)]
  0x0000027a7bf12000 JavaThread "Cache worker for execution history cache (C:\Users\Jaime Serrano\.gradle\caches\7.0.2\executionHistory)" [_thread_blocked, id=16824, stack(0x0000008b77900000,0x0000008b77a00000)]
  0x0000027a7bf11800 JavaThread "Cache worker for file content cache (C:\Users\Jaime Serrano\.gradle\caches\7.0.2\fileContent)" [_thread_blocked, id=18044, stack(0x0000008b77a00000,0x0000008b77b00000)]
  0x0000027a7da3c800 JavaThread "Memory manager" [_thread_blocked, id=14696, stack(0x0000008b78100000,0x0000008b78200000)]
  0x0000027a7da3e000 JavaThread "Daemon Thread 2" [_thread_blocked, id=3536, stack(0x0000008b74a00000,0x0000008b74b00000)]
  0x0000027a7da40800 JavaThread "Handler for socket connection from /127.0.0.1:2199 to /127.0.0.1:1342" [_thread_in_native, id=18056, stack(0x0000008b74b00000,0x0000008b74c00000)]
  0x0000027a7da3b800 JavaThread "Cancel handler" [_thread_blocked, id=14524, stack(0x0000008b74c00000,0x0000008b74d00000)]
  0x0000027a7da3f800 JavaThread "Daemon worker Thread 2" [_thread_blocked, id=11788, stack(0x0000008b76300000,0x0000008b76400000)]
  0x0000027a7bf08800 JavaThread "Asynchronous log dispatcher for DefaultDaemonConnection: socket connection from /127.0.0.1:2199 to /127.0.0.1:1342" [_thread_blocked, id=14924, stack(0x0000008b76400000,0x0000008b76500000)]
  0x0000027a7bf0b800 JavaThread "Stdin handler" [_thread_blocked, id=14664, stack(0x0000008b76500000,0x0000008b76600000)]
  0x0000027a7bf0f800 JavaThread "Daemon client event forwarder" [_thread_blocked, id=6824, stack(0x0000008b76600000,0x0000008b76700000)]
  0x0000027a7bf13000 JavaThread "Cache worker for file hash cache (C:\Users\Jaime Serrano\AndroidStudioProjects\Evaluacion2\.gradle\7.0.2\fileHashes)" [_thread_blocked, id=14348, stack(0x0000008b76700000,0x0000008b76800000)]
  0x0000027a7bf14000 JavaThread "Cache worker for checksums cache (C:\Users\Jaime Serrano\AndroidStudioProjects\Evaluacion2\.gradle\checksums)" [_thread_blocked, id=4288, stack(0x0000008b76800000,0x0000008b76900000)]
  0x0000027a7bf14800 JavaThread "Cache worker for cache directory md-supplier (C:\Users\Jaime Serrano\.gradle\caches\7.0.2\md-supplier)" [_thread_blocked, id=2152, stack(0x0000008b76900000,0x0000008b76a00000)]
  0x0000027a7bf15800 JavaThread "Cache worker for cache directory md-rule (C:\Users\Jaime Serrano\.gradle\caches\7.0.2\md-rule)" [_thread_blocked, id=15188, stack(0x0000008b76e00000,0x0000008b76f00000)]
  0x0000027a7bf16000 JavaThread "C2 CompilerThread1" daemon [_thread_in_native, id=7832, stack(0x0000008b76f00000,0x0000008b77000000)]
  0x0000027a7bf17000 JavaThread "Cache worker for dependencies-accessors (C:\Users\Jaime Serrano\AndroidStudioProjects\Evaluacion2\.gradle\7.0.2\dependencies-accessors)" [_thread_blocked, id=17868, stack(0x0000008b77600000,0x0000008b77700000)]
  0x0000027a7d74c000 JavaThread "Cache worker for Build Output Cleanup Cache (C:\Users\Jaime Serrano\AndroidStudioProjects\Evaluacion2\.gradle\buildOutputCleanup)" [_thread_blocked, id=4220, stack(0x0000008b77700000,0x0000008b77800000)]
  0x0000027a7d749800 JavaThread "Build operations" [_thread_in_Java, id=4520, stack(0x0000008b77800000,0x0000008b77900000)]
  0x0000027a7d74a800 JavaThread "Build operations Thread 2" [_thread_in_Java, id=7368, stack(0x0000008b77b00000,0x0000008b77c00000)]
  0x0000027a7d748800 JavaThread "Build operations Thread 3" [_thread_in_Java, id=17796, stack(0x0000008b77c00000,0x0000008b77d00000)]
  0x0000027a7d74b000 JavaThread "Build operations Thread 4" [_thread_in_Java, id=12516, stack(0x0000008b77d00000,0x0000008b77e00000)]
  0x0000027a7d746800 JavaThread "build event listener" [_thread_blocked, id=11048, stack(0x0000008b77e00000,0x0000008b77f00000)]
  0x0000027a7d74d000 JavaThread "Execution worker for ':'" [_thread_blocked, id=720, stack(0x0000008b77f00000,0x0000008b78000000)]
  0x0000027a7d747000 JavaThread "Execution worker for ':' Thread 2" [_thread_blocked, id=14356, stack(0x0000008b78000000,0x0000008b78100000)]
  0x0000027a7d74d800 JavaThread "Execution worker for ':' Thread 3" [_thread_blocked, id=14700, stack(0x0000008b78200000,0x0000008b78300000)]
  0x0000027a7d748000 JavaThread "Cache worker for execution history cache (C:\Users\Jaime Serrano\AndroidStudioProjects\Evaluacion2\.gradle\7.0.2\executionHistory)" [_thread_blocked, id=12348, stack(0x0000008b78300000,0x0000008b78400000)]
  0x0000027a7d751000 JavaThread "WorkerExecutor Queue" [_thread_blocked, id=5560, stack(0x0000008b78400000,0x0000008b78500000)]
  0x0000027a7d74e800 JavaThread "WorkerExecutor Queue Thread 2" [_thread_blocked, id=1116, stack(0x0000008b78500000,0x0000008b78600000)]
  0x0000027a7d752800 JavaThread "WorkerExecutor Queue Thread 3" [_thread_blocked, id=15420, stack(0x0000008b78600000,0x0000008b78700000)]
  0x0000027a7d753800 JavaThread "WorkerExecutor Queue Thread 4" [_thread_blocked, id=828, stack(0x0000008b78700000,0x0000008b78800000)]

Other Threads:
  0x0000027a774cb800 VMThread "VM Thread" [stack: 0x0000008b75300000,0x0000008b75400000] [id=17156]
  0x0000027a77fce000 WatcherThread [stack: 0x0000008b75d00000,0x0000008b75e00000] [id=18272]
  0x0000027a5d914800 GCTaskThread "GC Thread#0" [stack: 0x0000008b74e00000,0x0000008b74f00000] [id=9360]
  0x0000027a7860a800 GCTaskThread "GC Thread#1" [stack: 0x0000008b75f00000,0x0000008b76000000] [id=14308]
  0x0000027a7860b000 GCTaskThread "GC Thread#2" [stack: 0x0000008b76000000,0x0000008b76100000] [id=3784]
  0x0000027a792bb000 GCTaskThread "GC Thread#3" [stack: 0x0000008b76a00000,0x0000008b76b00000] [id=3100]
  0x0000027a5d947000 ConcurrentGCThread "G1 Main Marker" [stack: 0x0000008b74f00000,0x0000008b75000000] [id=6500]
  0x0000027a5d948800 ConcurrentGCThread "G1 Conc#0" [stack: 0x0000008b75000000,0x0000008b75100000] [id=12156]
  0x0000027a5d9d8800 ConcurrentGCThread "G1 Refine#0" [stack: 0x0000008b75100000,0x0000008b75200000] [id=15108]
  0x0000027a5d9d9800 ConcurrentGCThread "G1 Young RemSet Sampling" [stack: 0x0000008b75200000,0x0000008b75300000] [id=16568]

Threads with active compile tasks:
C2 CompilerThread04231230 20450       4       com.android.tools.r8.internal.Nv::a (455 bytes)
C2 CompilerThread14231230 20519       4       com.android.tools.r8.internal.X4::a (268 bytes)

VM state:not at safepoint (normal execution)

VM Mutex/Monitor currently owned by a thread: None

Heap address: 0x0000000080000000, size: 2048 MB, Compressed Oops mode: 32-bit
Narrow klass base: 0x0000000000000000, Narrow klass shift: 3
Compressed class space size: 1073741824 Address: 0x0000000100000000

Heap:
 garbage-first heap   total 359424K, used 247049K [0x0000000080000000, 0x0000000100000000)
  region size 1024K, 79 young (80896K), 5 survivors (5120K)
 Metaspace       used 126889K, capacity 129848K, committed 129996K, reserved 1163264K
  class space    used 15995K, capacity 17131K, committed 17152K, reserved 1048576K
Heap Regions: E=young(eden), S=young(survivor), O=old, HS=humongous(starts), HC=humongous(continues), CS=collection set, F=free, A=archive, TAMS=top-at-mark-start (previous, next)
|   0|0x0000000080000000, 0x0000000080100000, 0x0000000080100000|100%|HS|  |TAMS 0x0000000080100000, 0x0000000080000000| Complete 
|   1|0x0000000080100000, 0x0000000080200000, 0x0000000080200000|100%|HC|  |TAMS 0x0000000080200000, 0x0000000080100000| Complete 
|   2|0x0000000080200000, 0x0000000080300000, 0x0000000080300000|100%|HC|  |TAMS 0x0000000080300000, 0x0000000080200000| Complete 
|   3|0x0000000080300000, 0x0000000080400000, 0x0000000080400000|100%| O|  |TAMS 0x0000000080400000, 0x0000000080300000| Untracked 
|   4|0x0000000080400000, 0x0000000080500000, 0x0000000080500000|100%| O|  |TAMS 0x0000000080500000, 0x0000000080400000| Untracked 
|   5|0x0000000080500000, 0x0000000080600000, 0x0000000080600000|100%| O|  |TAMS 0x0000000080600000, 0x0000000080500000| Untracked 
|   6|0x0000000080600000, 0x0000000080700000, 0x0000000080700000|100%| O|  |TAMS 0x0000000080700000, 0x0000000080600000| Untracked 
|   7|0x0000000080700000, 0x0000000080800000, 0x0000000080800000|100%| O|  |TAMS 0x0000000080800000, 0x0000000080700000| Untracked 
|   8|0x0000000080800000, 0x0000000080900000, 0x0000000080900000|100%| O|  |TAMS 0x0000000080900000, 0x0000000080800000| Untracked 
|   9|0x0000000080900000, 0x0000000080a00000, 0x0000000080a00000|100%| O|  |TAMS 0x0000000080a00000, 0x0000000080900000| Untracked 
|  10|0x0000000080a00000, 0x0000000080b00000, 0x0000000080b00000|100%| O|  |TAMS 0x0000000080b00000, 0x0000000080a00000| Untracked 
|  11|0x0000000080b00000, 0x0000000080c00000, 0x0000000080c00000|100%| O|  |TAMS 0x0000000080c00000, 0x0000000080b00000| Untracked 
|  12|0x0000000080c00000, 0x0000000080d00000, 0x0000000080d00000|100%| O|  |TAMS 0x0000000080d00000, 0x0000000080c00000| Untracked 
|  13|0x0000000080d00000, 0x0000000080e00000, 0x0000000080e00000|100%| O|  |TAMS 0x0000000080e00000, 0x0000000080d00000| Untracked 
|  14|0x0000000080e00000, 0x0000000080f00000, 0x0000000080f00000|100%| O|  |TAMS 0x0000000080f00000, 0x0000000080e00000| Untracked 
|  15|0x0000000080f00000, 0x0000000081000000, 0x0000000081000000|100%| O|  |TAMS 0x0000000081000000, 0x0000000080f00000| Untracked 
|  16|0x0000000081000000, 0x0000000081100000, 0x0000000081100000|100%| O|  |TAMS 0x0000000081100000, 0x0000000081000000| Untracked 
|  17|0x0000000081100000, 0x0000000081200000, 0x0000000081200000|100%|HS|  |TAMS 0x0000000081200000, 0x0000000081100000| Complete 
|  18|0x0000000081200000, 0x0000000081300000, 0x0000000081300000|100%|HC|  |TAMS 0x0000000081300000, 0x0000000081200000| Complete 
|  19|0x0000000081300000, 0x0000000081400000, 0x0000000081400000|100%|HS|  |TAMS 0x0000000081400000, 0x0000000081300000| Complete 
|  20|0x0000000081400000, 0x0000000081500000, 0x0000000081500000|100%|HC|  |TAMS 0x0000000081500000, 0x0000000081400000| Complete 
|  21|0x0000000081500000, 0x0000000081600000, 0x0000000081600000|100%|HC|  |TAMS 0x0000000081600000, 0x0000000081500000| Complete 
|  22|0x0000000081600000, 0x0000000081700000, 0x0000000081700000|100%|HS|  |TAMS 0x0000000081700000, 0x0000000081600000| Complete 
|  23|0x0000000081700000, 0x0000000081800000, 0x0000000081800000|100%|HC|  |TAMS 0x0000000081800000, 0x0000000081700000| Complete 
|  24|0x0000000081800000, 0x0000000081900000, 0x0000000081900000|100%|HC|  |TAMS 0x0000000081900000, 0x0000000081800000| Complete 
|  25|0x0000000081900000, 0x0000000081a00000, 0x0000000081a00000|100%|HC|  |TAMS 0x0000000081a00000, 0x0000000081900000| Complete 
|  26|0x0000000081a00000, 0x0000000081b00000, 0x0000000081b00000|100%|HC|  |TAMS 0x0000000081b00000, 0x0000000081a00000| Complete 
|  27|0x0000000081b00000, 0x0000000081c00000, 0x0000000081c00000|100%| O|  |TAMS 0x0000000081c00000, 0x0000000081b00000| Untracked 
|  28|0x0000000081c00000, 0x0000000081d00000, 0x0000000081d00000|100%| O|  |TAMS 0x0000000081d00000, 0x0000000081c00000| Untracked 
|  29|0x0000000081d00000, 0x0000000081e00000, 0x0000000081e00000|100%|HS|  |TAMS 0x0000000081e00000, 0x0000000081d00000| Complete 
|  30|0x0000000081e00000, 0x0000000081f00000, 0x0000000081f00000|100%|HC|  |TAMS 0x0000000081f00000, 0x0000000081e00000| Complete 
|  31|0x0000000081f00000, 0x0000000082000000, 0x0000000082000000|100%|HC|  |TAMS 0x0000000082000000, 0x0000000081f00000| Complete 
|  32|0x0000000082000000, 0x0000000082100000, 0x0000000082100000|100%| O|  |TAMS 0x0000000082100000, 0x0000000082000000| Untracked 
|  33|0x0000000082100000, 0x0000000082200000, 0x0000000082200000|100%| O|  |TAMS 0x0000000082200000, 0x0000000082100000| Untracked 
|  34|0x0000000082200000, 0x0000000082300000, 0x0000000082300000|100%| O|  |TAMS 0x0000000082300000, 0x0000000082200000| Untracked 
|  35|0x0000000082300000, 0x0000000082400000, 0x0000000082400000|100%| O|  |TAMS 0x0000000082400000, 0x0000000082300000| Untracked 
|  36|0x0000000082400000, 0x0000000082500000, 0x0000000082500000|100%| O|  |TAMS 0x0000000082500000, 0x0000000082400000| Untracked 
|  37|0x0000000082500000, 0x0000000082600000, 0x0000000082600000|100%|HS|  |TAMS 0x0000000082600000, 0x0000000082500000| Complete 
|  38|0x0000000082600000, 0x0000000082700000, 0x0000000082700000|100%|HC|  |TAMS 0x0000000082700000, 0x0000000082600000| Complete 
|  39|0x0000000082700000, 0x0000000082800000, 0x0000000082800000|100%|HC|  |TAMS 0x0000000082800000, 0x0000000082700000| Complete 
|  40|0x0000000082800000, 0x0000000082900000, 0x0000000082900000|100%|HC|  |TAMS 0x0000000082900000, 0x0000000082800000| Complete 
|  41|0x0000000082900000, 0x0000000082a00000, 0x0000000082a00000|100%|HC|  |TAMS 0x0000000082a00000, 0x0000000082900000| Complete 
|  42|0x0000000082a00000, 0x0000000082b00000, 0x0000000082b00000|100%| O|  |TAMS 0x0000000082b00000, 0x0000000082a00000| Untracked 
|  43|0x0000000082b00000, 0x0000000082c00000, 0x0000000082c00000|100%| O|  |TAMS 0x0000000082c00000, 0x0000000082b00000| Untracked 
|  44|0x0000000082c00000, 0x0000000082d00000, 0x0000000082d00000|100%| O|  |TAMS 0x0000000082d00000, 0x0000000082c00000| Untracked 
|  45|0x0000000082d00000, 0x0000000082e00000, 0x0000000082e00000|100%| O|  |TAMS 0x0000000082e00000, 0x0000000082d00000| Untracked 
|  46|0x0000000082e00000, 0x0000000082f00000, 0x0000000082f00000|100%| O|  |TAMS 0x0000000082f00000, 0x0000000082e00000| Untracked 
|  47|0x0000000082f00000, 0x0000000083000000, 0x0000000083000000|100%| O|  |TAMS 0x0000000083000000, 0x0000000082f00000| Untracked 
|  48|0x0000000083000000, 0x0000000083100000, 0x0000000083100000|100%| O|  |TAMS 0x0000000083100000, 0x0000000083000000| Untracked 
|  49|0x0000000083100000, 0x0000000083200000, 0x0000000083200000|100%| O|  |TAMS 0x0000000083200000, 0x0000000083100000| Untracked 
|  50|0x0000000083200000, 0x0000000083300000, 0x0000000083300000|100%| O|  |TAMS 0x0000000083300000, 0x0000000083200000| Untracked 
|  51|0x0000000083300000, 0x0000000083400000, 0x0000000083400000|100%| O|  |TAMS 0x0000000083400000, 0x0000000083300000| Untracked 
|  52|0x0000000083400000, 0x0000000083500000, 0x0000000083500000|100%| O|  |TAMS 0x0000000083500000, 0x0000000083400000| Untracked 
|  53|0x0000000083500000, 0x0000000083600000, 0x0000000083600000|100%| O|  |TAMS 0x0000000083600000, 0x0000000083500000| Untracked 
|  54|0x0000000083600000, 0x0000000083700000, 0x0000000083700000|100%| O|  |TAMS 0x0000000083700000, 0x0000000083600000| Untracked 
|  55|0x0000000083700000, 0x0000000083800000, 0x0000000083800000|100%|HS|  |TAMS 0x0000000083800000, 0x0000000083700000| Complete 
|  56|0x0000000083800000, 0x0000000083900000, 0x0000000083900000|100%|HS|  |TAMS 0x0000000083900000, 0x0000000083800000| Complete 
|  57|0x0000000083900000, 0x0000000083a00000, 0x0000000083a00000|100%| O|  |TAMS 0x0000000083a00000, 0x0000000083900000| Untracked 
|  58|0x0000000083a00000, 0x0000000083b00000, 0x0000000083b00000|100%| O|  |TAMS 0x0000000083b00000, 0x0000000083a00000| Untracked 
|  59|0x0000000083b00000, 0x0000000083c00000, 0x0000000083c00000|100%| O|  |TAMS 0x0000000083c00000, 0x0000000083b00000| Untracked 
|  60|0x0000000083c00000, 0x0000000083d00000, 0x0000000083d00000|100%|HS|  |TAMS 0x0000000083d00000, 0x0000000083c00000| Complete 
|  61|0x0000000083d00000, 0x0000000083e00000, 0x0000000083e00000|100%|HC|  |TAMS 0x0000000083e00000, 0x0000000083d00000| Complete 
|  62|0x0000000083e00000, 0x0000000083f00000, 0x0000000083f00000|100%| O|  |TAMS 0x0000000083f00000, 0x0000000083e00000| Untracked 
|  63|0x0000000083f00000, 0x0000000084000000, 0x0000000084000000|100%| O|  |TAMS 0x0000000084000000, 0x0000000083f00000| Untracked 
|  64|0x0000000084000000, 0x0000000084100000, 0x0000000084100000|100%| O|  |TAMS 0x0000000084100000, 0x0000000084000000| Untracked 
|  65|0x0000000084100000, 0x0000000084200000, 0x0000000084200000|100%| O|  |TAMS 0x0000000084200000, 0x0000000084100000| Untracked 
|  66|0x0000000084200000, 0x0000000084300000, 0x0000000084300000|100%| O|  |TAMS 0x0000000084300000, 0x0000000084200000| Untracked 
|  67|0x0000000084300000, 0x0000000084400000, 0x0000000084400000|100%| O|  |TAMS 0x0000000084400000, 0x0000000084300000| Untracked 
|  68|0x0000000084400000, 0x0000000084500000, 0x0000000084500000|100%| O|  |TAMS 0x0000000084500000, 0x0000000084400000| Untracked 
|  69|0x0000000084500000, 0x0000000084600000, 0x0000000084600000|100%| O|  |TAMS 0x0000000084600000, 0x0000000084500000| Untracked 
|  70|0x0000000084600000, 0x0000000084700000, 0x0000000084700000|100%| O|  |TAMS 0x0000000084700000, 0x0000000084600000| Untracked 
|  71|0x0000000084700000, 0x0000000084800000, 0x0000000084800000|100%| O|  |TAMS 0x0000000084800000, 0x0000000084700000| Untracked 
|  72|0x0000000084800000, 0x0000000084900000, 0x0000000084900000|100%| O|  |TAMS 0x0000000084900000, 0x0000000084800000| Untracked 
|  73|0x0000000084900000, 0x0000000084a00000, 0x0000000084a00000|100%| O|  |TAMS 0x0000000084a00000, 0x0000000084900000| Untracked 
|  74|0x0000000084a00000, 0x0000000084b00000, 0x0000000084b00000|100%| O|  |TAMS 0x0000000084b00000, 0x0000000084a00000| Untracked 
|  75|0x0000000084b00000, 0x0000000084c00000, 0x0000000084c00000|100%|HS|  |TAMS 0x0000000084c00000, 0x0000000084b00000| Complete 
|  76|0x0000000084c00000, 0x0000000084d00000, 0x0000000084d00000|100%|HC|  |TAMS 0x0000000084d00000, 0x0000000084c00000| Complete 
|  77|0x0000000084d00000, 0x0000000084e00000, 0x0000000084e00000|100%| O|  |TAMS 0x0000000084e00000, 0x0000000084d00000| Untracked 
|  78|0x0000000084e00000, 0x0000000084f00000, 0x0000000084f00000|100%| O|  |TAMS 0x0000000084f00000, 0x0000000084e00000| Untracked 
|  79|0x0000000084f00000, 0x0000000085000000, 0x0000000085000000|100%| O|  |TAMS 0x0000000085000000, 0x0000000084f00000| Untracked 
|  80|0x0000000085000000, 0x0000000085100000, 0x0000000085100000|100%| O|  |TAMS 0x0000000085100000, 0x0000000085000000| Untracked 
|  81|0x0000000085100000, 0x0000000085200000, 0x0000000085200000|100%| O|  |TAMS 0x0000000085200000, 0x0000000085100000| Untracked 
|  82|0x0000000085200000, 0x0000000085300000, 0x0000000085300000|100%| O|  |TAMS 0x0000000085300000, 0x0000000085200000| Untracked 
|  83|0x0000000085300000, 0x0000000085400000, 0x0000000085400000|100%| O|  |TAMS 0x0000000085400000, 0x0000000085300000| Untracked 
|  84|0x0000000085400000, 0x0000000085500000, 0x0000000085500000|100%| O|  |TAMS 0x0000000085500000, 0x0000000085400000| Untracked 
|  85|0x0000000085500000, 0x0000000085600000, 0x0000000085600000|100%| O|  |TAMS 0x0000000085600000, 0x0000000085500000| Untracked 
|  86|0x0000000085600000, 0x0000000085700000, 0x0000000085700000|100%| O|  |TAMS 0x0000000085700000, 0x0000000085600000| Untracked 
|  87|0x0000000085700000, 0x0000000085800000, 0x0000000085800000|100%| O|  |TAMS 0x0000000085800000, 0x0000000085700000| Untracked 
|  88|0x0000000085800000, 0x0000000085900000, 0x0000000085900000|100%| O|  |TAMS 0x0000000085900000, 0x0000000085800000| Untracked 
|  89|0x0000000085900000, 0x0000000085a00000, 0x0000000085a00000|100%| O|  |TAMS 0x0000000085a00000, 0x0000000085900000| Untracked 
|  90|0x0000000085a00000, 0x0000000085b00000, 0x0000000085b00000|100%| O|  |TAMS 0x0000000085b00000, 0x0000000085a00000| Untracked 
|  91|0x0000000085b00000, 0x0000000085c00000, 0x0000000085c00000|100%| O|  |TAMS 0x0000000085c00000, 0x0000000085b00000| Untracked 
|  92|0x0000000085c00000, 0x0000000085d00000, 0x0000000085d00000|100%| O|  |TAMS 0x0000000085d00000, 0x0000000085c00000| Untracked 
|  93|0x0000000085d00000, 0x0000000085e00000, 0x0000000085e00000|100%| O|  |TAMS 0x0000000085e00000, 0x0000000085d00000| Untracked 
|  94|0x0000000085e00000, 0x0000000085f00000, 0x0000000085f00000|100%| O|  |TAMS 0x0000000085f00000, 0x0000000085e00000| Untracked 
|  95|0x0000000085f00000, 0x0000000086000000, 0x0000000086000000|100%| O|  |TAMS 0x0000000086000000, 0x0000000085f00000| Untracked 
|  96|0x0000000086000000, 0x0000000086100000, 0x0000000086100000|100%| O|  |TAMS 0x0000000086100000, 0x0000000086000000| Untracked 
|  97|0x0000000086100000, 0x0000000086200000, 0x0000000086200000|100%| O|  |TAMS 0x0000000086200000, 0x0000000086100000| Untracked 
|  98|0x0000000086200000, 0x0000000086300000, 0x0000000086300000|100%| O|  |TAMS 0x0000000086300000, 0x0000000086200000| Untracked 
|  99|0x0000000086300000, 0x0000000086400000, 0x0000000086400000|100%| O|  |TAMS 0x0000000086400000, 0x0000000086300000| Untracked 
| 100|0x0000000086400000, 0x0000000086500000, 0x0000000086500000|100%| O|  |TAMS 0x0000000086500000, 0x0000000086400000| Untracked 
| 101|0x0000000086500000, 0x0000000086600000, 0x0000000086600000|100%| O|  |TAMS 0x0000000086600000, 0x0000000086500000| Untracked 
| 102|0x0000000086600000, 0x0000000086700000, 0x0000000086700000|100%| O|  |TAMS 0x0000000086700000, 0x0000000086600000| Untracked 
| 103|0x0000000086700000, 0x0000000086800000, 0x0000000086800000|100%| O|  |TAMS 0x0000000086800000, 0x0000000086700000| Untracked 
| 104|0x0000000086800000, 0x0000000086900000, 0x0000000086900000|100%| O|  |TAMS 0x0000000086900000, 0x0000000086800000| Untracked 
| 105|0x0000000086900000, 0x0000000086a00000, 0x0000000086a00000|100%| O|  |TAMS 0x0000000086a00000, 0x0000000086900000| Untracked 
| 106|0x0000000086a00000, 0x0000000086b00000, 0x0000000086b00000|100%| O|  |TAMS 0x0000000086b00000, 0x0000000086a00000| Untracked 
| 107|0x0000000086b00000, 0x0000000086c00000, 0x0000000086c00000|100%| O|  |TAMS 0x0000000086c00000, 0x0000000086b00000| Untracked 
| 108|0x0000000086c00000, 0x0000000086d00000, 0x0000000086d00000|100%| O|  |TAMS 0x0000000086d00000, 0x0000000086c00000| Untracked 
| 109|0x0000000086d00000, 0x0000000086e00000, 0x0000000086e00000|100%| O|  |TAMS 0x0000000086e00000, 0x0000000086d00000| Untracked 
| 110|0x0000000086e00000, 0x0000000086f00000, 0x0000000086f00000|100%| O|  |TAMS 0x0000000086f00000, 0x0000000086e00000| Untracked 
| 111|0x0000000086f00000, 0x0000000087000000, 0x0000000087000000|100%| O|  |TAMS 0x0000000087000000, 0x0000000086f00000| Untracked 
| 112|0x0000000087000000, 0x0000000087100000, 0x0000000087100000|100%| O|  |TAMS 0x0000000087100000, 0x0000000087000000| Untracked 
| 113|0x0000000087100000, 0x0000000087200000, 0x0000000087200000|100%| O|  |TAMS 0x0000000087200000, 0x0000000087100000| Untracked 
| 114|0x0000000087200000, 0x0000000087300000, 0x0000000087300000|100%| O|  |TAMS 0x0000000087300000, 0x0000000087200000| Untracked 
| 115|0x0000000087300000, 0x0000000087400000, 0x0000000087400000|100%| O|  |TAMS 0x0000000087400000, 0x0000000087300000| Untracked 
| 116|0x0000000087400000, 0x0000000087500000, 0x0000000087500000|100%| O|  |TAMS 0x0000000087500000, 0x0000000087400000| Untracked 
| 117|0x0000000087500000, 0x0000000087600000, 0x0000000087600000|100%| O|  |TAMS 0x0000000087600000, 0x0000000087500000| Untracked 
| 118|0x0000000087600000, 0x0000000087700000, 0x0000000087700000|100%| O|  |TAMS 0x0000000087700000, 0x0000000087600000| Untracked 
| 119|0x0000000087700000, 0x0000000087800000, 0x0000000087800000|100%| O|  |TAMS 0x0000000087800000, 0x0000000087700000| Untracked 
| 120|0x0000000087800000, 0x0000000087900000, 0x0000000087900000|100%| O|  |TAMS 0x0000000087900000, 0x0000000087800000| Untracked 
| 121|0x0000000087900000, 0x0000000087a00000, 0x0000000087a00000|100%| O|  |TAMS 0x0000000087a00000, 0x0000000087900000| Untracked 
| 122|0x0000000087a00000, 0x0000000087b00000, 0x0000000087b00000|100%| O|  |TAMS 0x0000000087b00000, 0x0000000087a00000| Untracked 
| 123|0x0000000087b00000, 0x0000000087c00000, 0x0000000087c00000|100%| O|  |TAMS 0x0000000087c00000, 0x0000000087b00000| Untracked 
| 124|0x0000000087c00000, 0x0000000087d00000, 0x0000000087d00000|100%| O|  |TAMS 0x0000000087d00000, 0x0000000087c00000| Untracked 
| 125|0x0000000087d00000, 0x0000000087e00000, 0x0000000087e00000|100%| O|  |TAMS 0x0000000087e00000, 0x0000000087d00000| Untracked 
| 126|0x0000000087e00000, 0x0000000087f00000, 0x0000000087f00000|100%| O|  |TAMS 0x0000000087f00000, 0x0000000087e00000| Untracked 
| 127|0x0000000087f00000, 0x0000000088000000, 0x0000000088000000|100%| O|  |TAMS 0x0000000088000000, 0x0000000087f00000| Untracked 
| 128|0x0000000088000000, 0x0000000088100000, 0x0000000088100000|100%| O|  |TAMS 0x0000000088100000, 0x0000000088000000| Untracked 
| 129|0x0000000088100000, 0x0000000088200000, 0x0000000088200000|100%| O|  |TAMS 0x0000000088200000, 0x0000000088100000| Untracked 
| 130|0x0000000088200000, 0x0000000088300000, 0x0000000088300000|100%| O|  |TAMS 0x0000000088300000, 0x0000000088200000| Untracked 
| 131|0x0000000088300000, 0x0000000088400000, 0x0000000088400000|100%| O|  |TAMS 0x0000000088400000, 0x0000000088300000| Untracked 
| 132|0x0000000088400000, 0x0000000088500000, 0x0000000088500000|100%| O|  |TAMS 0x0000000088500000, 0x0000000088400000| Untracked 
| 133|0x0000000088500000, 0x0000000088600000, 0x0000000088600000|100%| O|  |TAMS 0x0000000088600000, 0x0000000088500000| Untracked 
| 134|0x0000000088600000, 0x0000000088700000, 0x0000000088700000|100%| O|  |TAMS 0x0000000088700000, 0x0000000088600000| Untracked 
| 135|0x0000000088700000, 0x0000000088800000, 0x0000000088800000|100%| O|  |TAMS 0x0000000088800000, 0x0000000088700000| Untracked 
| 136|0x0000000088800000, 0x0000000088900000, 0x0000000088900000|100%| O|  |TAMS 0x0000000088900000, 0x0000000088800000| Untracked 
| 137|0x0000000088900000, 0x0000000088a00000, 0x0000000088a00000|100%| O|  |TAMS 0x0000000088a00000, 0x0000000088900000| Untracked 
| 138|0x0000000088a00000, 0x0000000088b00000, 0x0000000088b00000|100%| O|  |TAMS 0x0000000088b00000, 0x0000000088a00000| Untracked 
| 139|0x0000000088b00000, 0x0000000088c00000, 0x0000000088c00000|100%| O|  |TAMS 0x0000000088c00000, 0x0000000088b00000| Untracked 
| 140|0x0000000088c00000, 0x0000000088d00000, 0x0000000088d00000|100%| O|  |TAMS 0x0000000088d00000, 0x0000000088c00000| Untracked 
| 141|0x0000000088d00000, 0x0000000088e00000, 0x0000000088e00000|100%| O|  |TAMS 0x0000000088e00000, 0x0000000088d00000| Untracked 
| 142|0x0000000088e00000, 0x0000000088f00000, 0x0000000088f00000|100%| O|  |TAMS 0x0000000088f00000, 0x0000000088e00000| Untracked 
| 143|0x0000000088f00000, 0x0000000089000000, 0x0000000089000000|100%| O|  |TAMS 0x0000000089000000, 0x0000000088f00000| Untracked 
| 144|0x0000000089000000, 0x0000000089100000, 0x0000000089100000|100%| O|  |TAMS 0x0000000089100000, 0x0000000089000000| Untracked 
| 145|0x0000000089100000, 0x0000000089200000, 0x0000000089200000|100%| O|  |TAMS 0x0000000089200000, 0x0000000089100000| Untracked 
| 146|0x0000000089200000, 0x0000000089300000, 0x0000000089300000|100%| O|  |TAMS 0x0000000089300000, 0x0000000089200000| Untracked 
| 147|0x0000000089300000, 0x0000000089400000, 0x0000000089400000|100%| O|  |TAMS 0x0000000089400000, 0x0000000089300000| Untracked 
| 148|0x0000000089400000, 0x0000000089500000, 0x0000000089500000|100%| O|  |TAMS 0x0000000089500000, 0x0000000089400000| Untracked 
| 149|0x0000000089500000, 0x0000000089600000, 0x0000000089600000|100%| O|  |TAMS 0x0000000089600000, 0x0000000089500000| Untracked 
| 150|0x0000000089600000, 0x0000000089700000, 0x0000000089700000|100%| O|  |TAMS 0x0000000089700000, 0x0000000089600000| Untracked 
| 151|0x0000000089700000, 0x0000000089800000, 0x0000000089800000|100%| O|  |TAMS 0x0000000089800000, 0x0000000089700000| Untracked 
| 152|0x0000000089800000, 0x0000000089900000, 0x0000000089900000|100%| O|  |TAMS 0x0000000089900000, 0x0000000089800000| Untracked 
| 153|0x0000000089900000, 0x0000000089a00000, 0x0000000089a00000|100%| O|  |TAMS 0x0000000089a00000, 0x0000000089900000| Untracked 
| 154|0x0000000089a00000, 0x0000000089b00000, 0x0000000089b00000|100%| O|  |TAMS 0x0000000089b00000, 0x0000000089a00000| Untracked 
| 155|0x0000000089b00000, 0x0000000089c00000, 0x0000000089c00000|100%| O|  |TAMS 0x0000000089c00000, 0x0000000089b00000| Untracked 
| 156|0x0000000089c00000, 0x0000000089d00000, 0x0000000089d00000|100%| O|  |TAMS 0x0000000089d00000, 0x0000000089c00000| Untracked 
| 157|0x0000000089d00000, 0x0000000089e00000, 0x0000000089e00000|100%| O|  |TAMS 0x0000000089e00000, 0x0000000089d00000| Untracked 
| 158|0x0000000089e00000, 0x0000000089f00000, 0x0000000089f00000|100%| O|  |TAMS 0x0000000089f00000, 0x0000000089e00000| Untracked 
| 159|0x0000000089f00000, 0x000000008a000000, 0x000000008a000000|100%| O|  |TAMS 0x000000008a000000, 0x0000000089f00000| Untracked 
| 160|0x000000008a000000, 0x000000008a100000, 0x000000008a100000|100%| O|  |TAMS 0x000000008a100000, 0x000000008a000000| Untracked 
| 161|0x000000008a100000, 0x000000008a200000, 0x000000008a200000|100%| O|  |TAMS 0x000000008a200000, 0x000000008a100000| Untracked 
| 162|0x000000008a200000, 0x000000008a300000, 0x000000008a300000|100%| O|  |TAMS 0x000000008a300000, 0x000000008a200000| Untracked 
| 163|0x000000008a300000, 0x000000008a34f400, 0x000000008a400000| 30%| O|  |TAMS 0x000000008a34f400, 0x000000008a300000| Untracked 
| 164|0x000000008a400000, 0x000000008a400000, 0x000000008a500000|  0%| F|  |TAMS 0x000000008a400000, 0x000000008a400000| Untracked 
| 165|0x000000008a500000, 0x000000008a500000, 0x000000008a600000|  0%| F|  |TAMS 0x000000008a500000, 0x000000008a500000| Untracked 
| 166|0x000000008a600000, 0x000000008a600000, 0x000000008a700000|  0%| F|  |TAMS 0x000000008a600000, 0x000000008a600000| Untracked 
| 167|0x000000008a700000, 0x000000008a700000, 0x000000008a800000|  0%| F|  |TAMS 0x000000008a700000, 0x000000008a700000| Untracked 
| 168|0x000000008a800000, 0x000000008a800000, 0x000000008a900000|  0%| F|  |TAMS 0x000000008a800000, 0x000000008a800000| Untracked 
| 169|0x000000008a900000, 0x000000008a900000, 0x000000008aa00000|  0%| F|  |TAMS 0x000000008a900000, 0x000000008a900000| Untracked 
| 170|0x000000008aa00000, 0x000000008aa00000, 0x000000008ab00000|  0%| F|  |TAMS 0x000000008aa00000, 0x000000008aa00000| Untracked 
| 171|0x000000008ab00000, 0x000000008ab00000, 0x000000008ac00000|  0%| F|  |TAMS 0x000000008ab00000, 0x000000008ab00000| Untracked 
| 172|0x000000008ac00000, 0x000000008ac00000, 0x000000008ad00000|  0%| F|  |TAMS 0x000000008ac00000, 0x000000008ac00000| Untracked 
| 173|0x000000008ad00000, 0x000000008ad00000, 0x000000008ae00000|  0%| F|  |TAMS 0x000000008ad00000, 0x000000008ad00000| Untracked 
| 174|0x000000008ae00000, 0x000000008ae00000, 0x000000008af00000|  0%| F|  |TAMS 0x000000008ae00000, 0x000000008ae00000| Untracked 
| 175|0x000000008af00000, 0x000000008af00000, 0x000000008b000000|  0%| F|  |TAMS 0x000000008af00000, 0x000000008af00000| Untracked 
| 176|0x000000008b000000, 0x000000008b000000, 0x000000008b100000|  0%| F|  |TAMS 0x000000008b000000, 0x000000008b000000| Untracked 
| 177|0x000000008b100000, 0x000000008b100000, 0x000000008b200000|  0%| F|  |TAMS 0x000000008b100000, 0x000000008b100000| Untracked 
| 178|0x000000008b200000, 0x000000008b200000, 0x000000008b300000|  0%| F|  |TAMS 0x000000008b200000, 0x000000008b200000| Untracked 
| 179|0x000000008b300000, 0x000000008b300000, 0x000000008b400000|  0%| F|  |TAMS 0x000000008b300000, 0x000000008b300000| Untracked 
| 180|0x000000008b400000, 0x000000008b400000, 0x000000008b500000|  0%| F|  |TAMS 0x000000008b400000, 0x000000008b400000| Untracked 
| 181|0x000000008b500000, 0x000000008b500000, 0x000000008b600000|  0%| F|  |TAMS 0x000000008b500000, 0x000000008b500000| Untracked 
| 182|0x000000008b600000, 0x000000008b600000, 0x000000008b700000|  0%| F|  |TAMS 0x000000008b600000, 0x000000008b600000| Untracked 
| 183|0x000000008b700000, 0x000000008b700000, 0x000000008b800000|  0%| F|  |TAMS 0x000000008b700000, 0x000000008b700000| Untracked 
| 184|0x000000008b800000, 0x000000008b800000, 0x000000008b900000|  0%| F|  |TAMS 0x000000008b800000, 0x000000008b800000| Untracked 
| 185|0x000000008b900000, 0x000000008b900000, 0x000000008ba00000|  0%| F|  |TAMS 0x000000008b900000, 0x000000008b900000| Untracked 
| 186|0x000000008ba00000, 0x000000008ba00000, 0x000000008bb00000|  0%| F|  |TAMS 0x000000008ba00000, 0x000000008ba00000| Untracked 
| 187|0x000000008bb00000, 0x000000008bb00000, 0x000000008bc00000|  0%| F|  |TAMS 0x000000008bb00000, 0x000000008bb00000| Untracked 
| 188|0x000000008bc00000, 0x000000008bc00000, 0x000000008bd00000|  0%| F|  |TAMS 0x000000008bc00000, 0x000000008bc00000| Untracked 
| 189|0x000000008bd00000, 0x000000008bd00000, 0x000000008be00000|  0%| F|  |TAMS 0x000000008bd00000, 0x000000008bd00000| Untracked 
| 190|0x000000008be00000, 0x000000008be00000, 0x000000008bf00000|  0%| F|  |TAMS 0x000000008be00000, 0x000000008be00000| Untracked 
| 191|0x000000008bf00000, 0x000000008bf00000, 0x000000008c000000|  0%| F|  |TAMS 0x000000008bf00000, 0x000000008bf00000| Untracked 
| 192|0x000000008c000000, 0x000000008c000000, 0x000000008c100000|  0%| F|  |TAMS 0x000000008c000000, 0x000000008c000000| Untracked 
| 193|0x000000008c100000, 0x000000008c100000, 0x000000008c200000|  0%| F|  |TAMS 0x000000008c100000, 0x000000008c100000| Untracked 
| 194|0x000000008c200000, 0x000000008c200000, 0x000000008c300000|  0%| F|  |TAMS 0x000000008c200000, 0x000000008c200000| Untracked 
| 195|0x000000008c300000, 0x000000008c300000, 0x000000008c400000|  0%| F|  |TAMS 0x000000008c300000, 0x000000008c300000| Untracked 
| 196|0x000000008c400000, 0x000000008c400000, 0x000000008c500000|  0%| F|  |TAMS 0x000000008c400000, 0x000000008c400000| Untracked 
| 197|0x000000008c500000, 0x000000008c500000, 0x000000008c600000|  0%| F|  |TAMS 0x000000008c500000, 0x000000008c500000| Untracked 
| 198|0x000000008c600000, 0x000000008c600000, 0x000000008c700000|  0%| F|  |TAMS 0x000000008c600000, 0x000000008c600000| Untracked 
| 199|0x000000008c700000, 0x000000008c700000, 0x000000008c800000|  0%| F|  |TAMS 0x000000008c700000, 0x000000008c700000| Untracked 
| 200|0x000000008c800000, 0x000000008c800000, 0x000000008c900000|  0%| F|  |TAMS 0x000000008c800000, 0x000000008c800000| Untracked 
| 201|0x000000008c900000, 0x000000008c900000, 0x000000008ca00000|  0%| F|  |TAMS 0x000000008c900000, 0x000000008c900000| Untracked 
| 202|0x000000008ca00000, 0x000000008ca00000, 0x000000008cb00000|  0%| F|  |TAMS 0x000000008ca00000, 0x000000008ca00000| Untracked 
| 203|0x000000008cb00000, 0x000000008cb00000, 0x000000008cc00000|  0%| F|  |TAMS 0x000000008cb00000, 0x000000008cb00000| Untracked 
| 204|0x000000008cc00000, 0x000000008cc00000, 0x000000008cd00000|  0%| F|  |TAMS 0x000000008cc00000, 0x000000008cc00000| Untracked 
| 205|0x000000008cd00000, 0x000000008cd00000, 0x000000008ce00000|  0%| F|  |TAMS 0x000000008cd00000, 0x000000008cd00000| Untracked 
| 206|0x000000008ce00000, 0x000000008ce00000, 0x000000008cf00000|  0%| F|  |TAMS 0x000000008ce00000, 0x000000008ce00000| Untracked 
| 207|0x000000008cf00000, 0x000000008cf00000, 0x000000008d000000|  0%| F|  |TAMS 0x000000008cf00000, 0x000000008cf00000| Untracked 
| 208|0x000000008d000000, 0x000000008d000000, 0x000000008d100000|  0%| F|  |TAMS 0x000000008d000000, 0x000000008d000000| Untracked 
| 209|0x000000008d100000, 0x000000008d100000, 0x000000008d200000|  0%| F|  |TAMS 0x000000008d100000, 0x000000008d100000| Untracked 
| 210|0x000000008d200000, 0x000000008d200000, 0x000000008d300000|  0%| F|  |TAMS 0x000000008d200000, 0x000000008d200000| Untracked 
| 211|0x000000008d300000, 0x000000008d300000, 0x000000008d400000|  0%| F|  |TAMS 0x000000008d300000, 0x000000008d300000| Untracked 
| 212|0x000000008d400000, 0x000000008d400000, 0x000000008d500000|  0%| F|  |TAMS 0x000000008d400000, 0x000000008d400000| Untracked 
| 213|0x000000008d500000, 0x000000008d500000, 0x000000008d600000|  0%| F|  |TAMS 0x000000008d500000, 0x000000008d500000| Untracked 
| 214|0x000000008d600000, 0x000000008d600000, 0x000000008d700000|  0%| F|  |TAMS 0x000000008d600000, 0x000000008d600000| Untracked 
| 215|0x000000008d700000, 0x000000008d700000, 0x000000008d800000|  0%| F|  |TAMS 0x000000008d700000, 0x000000008d700000| Untracked 
| 216|0x000000008d800000, 0x000000008d800000, 0x000000008d900000|  0%| F|  |TAMS 0x000000008d800000, 0x000000008d800000| Untracked 
| 217|0x000000008d900000, 0x000000008d900000, 0x000000008da00000|  0%| F|  |TAMS 0x000000008d900000, 0x000000008d900000| Untracked 
| 218|0x000000008da00000, 0x000000008da00000, 0x000000008db00000|  0%| F|  |TAMS 0x000000008da00000, 0x000000008da00000| Untracked 
| 219|0x000000008db00000, 0x000000008db00000, 0x000000008dc00000|  0%| F|  |TAMS 0x000000008db00000, 0x000000008db00000| Untracked 
| 220|0x000000008dc00000, 0x000000008dc00000, 0x000000008dd00000|  0%| F|  |TAMS 0x000000008dc00000, 0x000000008dc00000| Untracked 
| 221|0x000000008dd00000, 0x000000008dd00000, 0x000000008de00000|  0%| F|  |TAMS 0x000000008dd00000, 0x000000008dd00000| Untracked 
| 222|0x000000008de00000, 0x000000008de00000, 0x000000008df00000|  0%| F|  |TAMS 0x000000008de00000, 0x000000008de00000| Untracked 
| 223|0x000000008df00000, 0x000000008df00000, 0x000000008e000000|  0%| F|  |TAMS 0x000000008df00000, 0x000000008df00000| Untracked 
| 224|0x000000008e000000, 0x000000008e000000, 0x000000008e100000|  0%| F|  |TAMS 0x000000008e000000, 0x000000008e000000| Untracked 
| 225|0x000000008e100000, 0x000000008e100000, 0x000000008e200000|  0%| F|  |TAMS 0x000000008e100000, 0x000000008e100000| Untracked 
| 226|0x000000008e200000, 0x000000008e200000, 0x000000008e300000|  0%| F|  |TAMS 0x000000008e200000, 0x000000008e200000| Untracked 
| 227|0x000000008e300000, 0x000000008e300000, 0x000000008e400000|  0%| F|  |TAMS 0x000000008e300000, 0x000000008e300000| Untracked 
| 228|0x000000008e400000, 0x000000008e400000, 0x000000008e500000|  0%| F|  |TAMS 0x000000008e400000, 0x000000008e400000| Untracked 
| 229|0x000000008e500000, 0x000000008e500000, 0x000000008e600000|  0%| F|  |TAMS 0x000000008e500000, 0x000000008e500000| Untracked 
| 230|0x000000008e600000, 0x000000008e600000, 0x000000008e700000|  0%| F|  |TAMS 0x000000008e600000, 0x000000008e600000| Untracked 
| 231|0x000000008e700000, 0x000000008e700000, 0x000000008e800000|  0%| F|  |TAMS 0x000000008e700000, 0x000000008e700000| Untracked 
| 232|0x000000008e800000, 0x000000008e800000, 0x000000008e900000|  0%| F|  |TAMS 0x000000008e800000, 0x000000008e800000| Untracked 
| 233|0x000000008e900000, 0x000000008e900000, 0x000000008ea00000|  0%| F|  |TAMS 0x000000008e900000, 0x000000008e900000| Untracked 
| 234|0x000000008ea00000, 0x000000008ea00000, 0x000000008eb00000|  0%| F|  |TAMS 0x000000008ea00000, 0x000000008ea00000| Untracked 
| 235|0x000000008eb00000, 0x000000008eb00000, 0x000000008ec00000|  0%| F|  |TAMS 0x000000008eb00000, 0x000000008eb00000| Untracked 
| 236|0x000000008ec00000, 0x000000008ec00000, 0x000000008ed00000|  0%| F|  |TAMS 0x000000008ec00000, 0x000000008ec00000| Untracked 
| 237|0x000000008ed00000, 0x000000008ed00000, 0x000000008ee00000|  0%| F|  |TAMS 0x000000008ed00000, 0x000000008ed00000| Untracked 
| 238|0x000000008ee00000, 0x000000008ee00000, 0x000000008ef00000|  0%| F|  |TAMS 0x000000008ee00000, 0x000000008ee00000| Untracked 
| 239|0x000000008ef00000, 0x000000008ef00000, 0x000000008f000000|  0%| F|  |TAMS 0x000000008ef00000, 0x000000008ef00000| Untracked 
| 240|0x000000008f000000, 0x000000008f000000, 0x000000008f100000|  0%| F|  |TAMS 0x000000008f000000, 0x000000008f000000| Untracked 
| 241|0x000000008f100000, 0x000000008f100000, 0x000000008f200000|  0%| F|  |TAMS 0x000000008f100000, 0x000000008f100000| Untracked 
| 242|0x000000008f200000, 0x000000008f200000, 0x000000008f300000|  0%| F|  |TAMS 0x000000008f200000, 0x000000008f200000| Untracked 
| 243|0x000000008f300000, 0x000000008f300000, 0x000000008f400000|  0%| F|  |TAMS 0x000000008f300000, 0x000000008f300000| Untracked 
| 244|0x000000008f400000, 0x000000008f400000, 0x000000008f500000|  0%| F|  |TAMS 0x000000008f400000, 0x000000008f400000| Untracked 
| 245|0x000000008f500000, 0x000000008f500000, 0x000000008f600000|  0%| F|  |TAMS 0x000000008f500000, 0x000000008f500000| Untracked 
| 246|0x000000008f600000, 0x000000008f600000, 0x000000008f700000|  0%| F|  |TAMS 0x000000008f600000, 0x000000008f600000| Untracked 
| 247|0x000000008f700000, 0x000000008f700000, 0x000000008f800000|  0%| F|  |TAMS 0x000000008f700000, 0x000000008f700000| Untracked 
| 248|0x000000008f800000, 0x000000008f800000, 0x000000008f900000|  0%| F|  |TAMS 0x000000008f800000, 0x000000008f800000| Untracked 
| 249|0x000000008f900000, 0x000000008f900000, 0x000000008fa00000|  0%| F|  |TAMS 0x000000008f900000, 0x000000008f900000| Untracked 
| 250|0x000000008fa00000, 0x000000008fa00000, 0x000000008fb00000|  0%| F|  |TAMS 0x000000008fa00000, 0x000000008fa00000| Untracked 
| 251|0x000000008fb00000, 0x000000008fb00000, 0x000000008fc00000|  0%| F|  |TAMS 0x000000008fb00000, 0x000000008fb00000| Untracked 
| 252|0x000000008fc00000, 0x000000008fc00000, 0x000000008fd00000|  0%| F|  |TAMS 0x000000008fc00000, 0x000000008fc00000| Untracked 
| 253|0x000000008fd00000, 0x000000008fd00000, 0x000000008fe00000|  0%| F|  |TAMS 0x000000008fd00000, 0x000000008fd00000| Untracked 
| 254|0x000000008fe00000, 0x000000008fe00000, 0x000000008ff00000|  0%| F|  |TAMS 0x000000008fe00000, 0x000000008fe00000| Untracked 
| 255|0x000000008ff00000, 0x000000008ff00000, 0x0000000090000000|  0%| F|  |TAMS 0x000000008ff00000, 0x000000008ff00000| Untracked 
| 256|0x0000000090000000, 0x0000000090000000, 0x0000000090100000|  0%| F|  |TAMS 0x0000000090000000, 0x0000000090000000| Untracked 
| 257|0x0000000090100000, 0x0000000090100000, 0x0000000090200000|  0%| F|  |TAMS 0x0000000090100000, 0x0000000090100000| Untracked 
| 258|0x0000000090200000, 0x0000000090200000, 0x0000000090300000|  0%| F|  |TAMS 0x0000000090200000, 0x0000000090200000| Untracked 
| 259|0x0000000090300000, 0x0000000090300000, 0x0000000090400000|  0%| F|  |TAMS 0x0000000090300000, 0x0000000090300000| Untracked 
| 260|0x0000000090400000, 0x0000000090400000, 0x0000000090500000|  0%| F|  |TAMS 0x0000000090400000, 0x0000000090400000| Untracked 
| 261|0x0000000090500000, 0x0000000090500000, 0x0000000090600000|  0%| F|  |TAMS 0x0000000090500000, 0x0000000090500000| Untracked 
| 262|0x0000000090600000, 0x0000000090600000, 0x0000000090700000|  0%| F|  |TAMS 0x0000000090600000, 0x0000000090600000| Untracked 
| 263|0x0000000090700000, 0x0000000090700000, 0x0000000090800000|  0%| F|  |TAMS 0x0000000090700000, 0x0000000090700000| Untracked 
| 264|0x0000000090800000, 0x00000000908f30a0, 0x0000000090900000| 94%| S|CS|TAMS 0x0000000090800000, 0x0000000090800000| Complete 
| 265|0x0000000090900000, 0x0000000090a00000, 0x0000000090a00000|100%| S|CS|TAMS 0x0000000090900000, 0x0000000090900000| Complete 
| 266|0x0000000090a00000, 0x0000000090b00000, 0x0000000090b00000|100%| S|CS|TAMS 0x0000000090a00000, 0x0000000090a00000| Complete 
| 267|0x0000000090b00000, 0x0000000090c00000, 0x0000000090c00000|100%| S|CS|TAMS 0x0000000090b00000, 0x0000000090b00000| Complete 
| 268|0x0000000090c00000, 0x0000000090d00000, 0x0000000090d00000|100%| S|CS|TAMS 0x0000000090c00000, 0x0000000090c00000| Complete 
| 269|0x0000000090d00000, 0x0000000090d00000, 0x0000000090e00000|  0%| F|  |TAMS 0x0000000090d00000, 0x0000000090d00000| Untracked 
| 270|0x0000000090e00000, 0x0000000090e00000, 0x0000000090f00000|  0%| F|  |TAMS 0x0000000090e00000, 0x0000000090e00000| Untracked 
| 271|0x0000000090f00000, 0x0000000090f00000, 0x0000000091000000|  0%| F|  |TAMS 0x0000000090f00000, 0x0000000090f00000| Untracked 
| 272|0x0000000091000000, 0x0000000091000000, 0x0000000091100000|  0%| F|  |TAMS 0x0000000091000000, 0x0000000091000000| Untracked 
| 273|0x0000000091100000, 0x0000000091100000, 0x0000000091200000|  0%| F|  |TAMS 0x0000000091100000, 0x0000000091100000| Untracked 
| 274|0x0000000091200000, 0x0000000091200000, 0x0000000091300000|  0%| F|  |TAMS 0x0000000091200000, 0x0000000091200000| Untracked 
| 275|0x0000000091300000, 0x0000000091300000, 0x0000000091400000|  0%| F|  |TAMS 0x0000000091300000, 0x0000000091300000| Untracked 
| 276|0x0000000091400000, 0x0000000091400000, 0x0000000091500000|  0%| F|  |TAMS 0x0000000091400000, 0x0000000091400000| Untracked 
| 277|0x0000000091500000, 0x00000000915fe9f8, 0x0000000091600000| 99%| E|  |TAMS 0x0000000091500000, 0x0000000091500000| Complete 
| 278|0x0000000091600000, 0x0000000091700000, 0x0000000091700000|100%| E|CS|TAMS 0x0000000091600000, 0x0000000091600000| Complete 
| 279|0x0000000091700000, 0x0000000091800000, 0x0000000091800000|100%| E|CS|TAMS 0x0000000091700000, 0x0000000091700000| Complete 
| 280|0x0000000091800000, 0x0000000091900000, 0x0000000091900000|100%| E|CS|TAMS 0x0000000091800000, 0x0000000091800000| Complete 
| 281|0x0000000091900000, 0x0000000091a00000, 0x0000000091a00000|100%| E|CS|TAMS 0x0000000091900000, 0x0000000091900000| Complete 
| 282|0x0000000091a00000, 0x0000000091b00000, 0x0000000091b00000|100%| E|CS|TAMS 0x0000000091a00000, 0x0000000091a00000| Complete 
| 283|0x0000000091b00000, 0x0000000091c00000, 0x0000000091c00000|100%| E|CS|TAMS 0x0000000091b00000, 0x0000000091b00000| Complete 
| 284|0x0000000091c00000, 0x0000000091d00000, 0x0000000091d00000|100%| E|CS|TAMS 0x0000000091c00000, 0x0000000091c00000| Complete 
| 285|0x0000000091d00000, 0x0000000091e00000, 0x0000000091e00000|100%| E|CS|TAMS 0x0000000091d00000, 0x0000000091d00000| Complete 
| 286|0x0000000091e00000, 0x0000000091f00000, 0x0000000091f00000|100%| E|CS|TAMS 0x0000000091e00000, 0x0000000091e00000| Complete 
| 287|0x0000000091f00000, 0x0000000092000000, 0x0000000092000000|100%| E|CS|TAMS 0x0000000091f00000, 0x0000000091f00000| Complete 
| 288|0x0000000092000000, 0x0000000092100000, 0x0000000092100000|100%| E|CS|TAMS 0x0000000092000000, 0x0000000092000000| Complete 
| 289|0x0000000092100000, 0x0000000092200000, 0x0000000092200000|100%| E|CS|TAMS 0x0000000092100000, 0x0000000092100000| Complete 
| 290|0x0000000092200000, 0x0000000092300000, 0x0000000092300000|100%| E|CS|TAMS 0x0000000092200000, 0x0000000092200000| Complete 
| 291|0x0000000092300000, 0x0000000092400000, 0x0000000092400000|100%| E|CS|TAMS 0x0000000092300000, 0x0000000092300000| Complete 
| 292|0x0000000092400000, 0x0000000092500000, 0x0000000092500000|100%| E|CS|TAMS 0x0000000092400000, 0x0000000092400000| Complete 
| 293|0x0000000092500000, 0x0000000092600000, 0x0000000092600000|100%| E|CS|TAMS 0x0000000092500000, 0x0000000092500000| Complete 
| 294|0x0000000092600000, 0x0000000092700000, 0x0000000092700000|100%| E|CS|TAMS 0x0000000092600000, 0x0000000092600000| Complete 
| 295|0x0000000092700000, 0x0000000092800000, 0x0000000092800000|100%| E|CS|TAMS 0x0000000092700000, 0x0000000092700000| Complete 
| 296|0x0000000092800000, 0x0000000092900000, 0x0000000092900000|100%| E|CS|TAMS 0x0000000092800000, 0x0000000092800000| Complete 
| 297|0x0000000092900000, 0x0000000092a00000, 0x0000000092a00000|100%| E|CS|TAMS 0x0000000092900000, 0x0000000092900000| Complete 
| 298|0x0000000092a00000, 0x0000000092b00000, 0x0000000092b00000|100%| E|CS|TAMS 0x0000000092a00000, 0x0000000092a00000| Complete 
| 299|0x0000000092b00000, 0x0000000092c00000, 0x0000000092c00000|100%| E|CS|TAMS 0x0000000092b00000, 0x0000000092b00000| Complete 
| 300|0x0000000092c00000, 0x0000000092d00000, 0x0000000092d00000|100%| E|CS|TAMS 0x0000000092c00000, 0x0000000092c00000| Complete 
| 301|0x0000000092d00000, 0x0000000092e00000, 0x0000000092e00000|100%| E|CS|TAMS 0x0000000092d00000, 0x0000000092d00000| Complete 
| 302|0x0000000092e00000, 0x0000000092f00000, 0x0000000092f00000|100%| E|CS|TAMS 0x0000000092e00000, 0x0000000092e00000| Complete 
| 303|0x0000000092f00000, 0x0000000093000000, 0x0000000093000000|100%| E|CS|TAMS 0x0000000092f00000, 0x0000000092f00000| Complete 
| 304|0x0000000093000000, 0x0000000093100000, 0x0000000093100000|100%| E|CS|TAMS 0x0000000093000000, 0x0000000093000000| Complete 
| 305|0x0000000093100000, 0x0000000093200000, 0x0000000093200000|100%| E|CS|TAMS 0x0000000093100000, 0x0000000093100000| Complete 
| 306|0x0000000093200000, 0x0000000093300000, 0x0000000093300000|100%| E|CS|TAMS 0x0000000093200000, 0x0000000093200000| Complete 
| 307|0x0000000093300000, 0x0000000093400000, 0x0000000093400000|100%| E|CS|TAMS 0x0000000093300000, 0x0000000093300000| Complete 
| 308|0x0000000093400000, 0x0000000093500000, 0x0000000093500000|100%| E|CS|TAMS 0x0000000093400000, 0x0000000093400000| Complete 
| 309|0x0000000093500000, 0x0000000093600000, 0x0000000093600000|100%| E|CS|TAMS 0x0000000093500000, 0x0000000093500000| Complete 
| 310|0x0000000093600000, 0x0000000093700000, 0x0000000093700000|100%| E|CS|TAMS 0x0000000093600000, 0x0000000093600000| Complete 
| 311|0x0000000093700000, 0x0000000093800000, 0x0000000093800000|100%| E|CS|TAMS 0x0000000093700000, 0x0000000093700000| Complete 
| 312|0x0000000093800000, 0x0000000093900000, 0x0000000093900000|100%| E|CS|TAMS 0x0000000093800000, 0x0000000093800000| Complete 
| 313|0x0000000093900000, 0x0000000093a00000, 0x0000000093a00000|100%| E|CS|TAMS 0x0000000093900000, 0x0000000093900000| Complete 
| 314|0x0000000093a00000, 0x0000000093b00000, 0x0000000093b00000|100%| E|CS|TAMS 0x0000000093a00000, 0x0000000093a00000| Complete 
| 315|0x0000000093b00000, 0x0000000093c00000, 0x0000000093c00000|100%| E|CS|TAMS 0x0000000093b00000, 0x0000000093b00000| Complete 
| 316|0x0000000093c00000, 0x0000000093d00000, 0x0000000093d00000|100%| E|CS|TAMS 0x0000000093c00000, 0x0000000093c00000| Complete 
| 317|0x0000000093d00000, 0x0000000093e00000, 0x0000000093e00000|100%| E|CS|TAMS 0x0000000093d00000, 0x0000000093d00000| Complete 
| 318|0x0000000093e00000, 0x0000000093f00000, 0x0000000093f00000|100%| E|CS|TAMS 0x0000000093e00000, 0x0000000093e00000| Complete 
| 319|0x0000000093f00000, 0x0000000094000000, 0x0000000094000000|100%| E|CS|TAMS 0x0000000093f00000, 0x0000000093f00000| Complete 
| 320|0x0000000094000000, 0x0000000094100000, 0x0000000094100000|100%| E|CS|TAMS 0x0000000094000000, 0x0000000094000000| Complete 
| 321|0x0000000094100000, 0x0000000094200000, 0x0000000094200000|100%| E|CS|TAMS 0x0000000094100000, 0x0000000094100000| Complete 
| 322|0x0000000094200000, 0x0000000094300000, 0x0000000094300000|100%| E|CS|TAMS 0x0000000094200000, 0x0000000094200000| Complete 
| 323|0x0000000094300000, 0x0000000094400000, 0x0000000094400000|100%| E|CS|TAMS 0x0000000094300000, 0x0000000094300000| Complete 
| 324|0x0000000094400000, 0x0000000094500000, 0x0000000094500000|100%| E|CS|TAMS 0x0000000094400000, 0x0000000094400000| Complete 
| 325|0x0000000094500000, 0x0000000094600000, 0x0000000094600000|100%| E|CS|TAMS 0x0000000094500000, 0x0000000094500000| Complete 
| 326|0x0000000094600000, 0x0000000094700000, 0x0000000094700000|100%| E|CS|TAMS 0x0000000094600000, 0x0000000094600000| Complete 
| 327|0x0000000094700000, 0x0000000094800000, 0x0000000094800000|100%| E|CS|TAMS 0x0000000094700000, 0x0000000094700000| Complete 
| 328|0x0000000094800000, 0x0000000094900000, 0x0000000094900000|100%| E|CS|TAMS 0x0000000094800000, 0x0000000094800000| Complete 
| 329|0x0000000094900000, 0x0000000094a00000, 0x0000000094a00000|100%| E|CS|TAMS 0x0000000094900000, 0x0000000094900000| Complete 
| 330|0x0000000094a00000, 0x0000000094b00000, 0x0000000094b00000|100%| E|CS|TAMS 0x0000000094a00000, 0x0000000094a00000| Complete 
| 331|0x0000000094b00000, 0x0000000094c00000, 0x0000000094c00000|100%| E|CS|TAMS 0x0000000094b00000, 0x0000000094b00000| Complete 
| 332|0x0000000094c00000, 0x0000000094d00000, 0x0000000094d00000|100%| E|CS|TAMS 0x0000000094c00000, 0x0000000094c00000| Complete 
| 333|0x0000000094d00000, 0x0000000094e00000, 0x0000000094e00000|100%| E|CS|TAMS 0x0000000094d00000, 0x0000000094d00000| Complete 
| 334|0x0000000094e00000, 0x0000000094f00000, 0x0000000094f00000|100%| E|CS|TAMS 0x0000000094e00000, 0x0000000094e00000| Complete 
| 335|0x0000000094f00000, 0x0000000095000000, 0x0000000095000000|100%| E|CS|TAMS 0x0000000094f00000, 0x0000000094f00000| Complete 
| 336|0x0000000095000000, 0x0000000095100000, 0x0000000095100000|100%| E|CS|TAMS 0x0000000095000000, 0x0000000095000000| Complete 
| 337|0x0000000095100000, 0x0000000095200000, 0x0000000095200000|100%| E|CS|TAMS 0x0000000095100000, 0x0000000095100000| Complete 
| 338|0x0000000095200000, 0x0000000095300000, 0x0000000095300000|100%| E|CS|TAMS 0x0000000095200000, 0x0000000095200000| Complete 
| 339|0x0000000095300000, 0x0000000095400000, 0x0000000095400000|100%| E|CS|TAMS 0x0000000095300000, 0x0000000095300000| Complete 
| 340|0x0000000095400000, 0x0000000095500000, 0x0000000095500000|100%| E|CS|TAMS 0x0000000095400000, 0x0000000095400000| Complete 
| 341|0x0000000095500000, 0x0000000095600000, 0x0000000095600000|100%| E|CS|TAMS 0x0000000095500000, 0x0000000095500000| Complete 
| 342|0x0000000095600000, 0x0000000095700000, 0x0000000095700000|100%| E|CS|TAMS 0x0000000095600000, 0x0000000095600000| Complete 
| 343|0x0000000095700000, 0x0000000095800000, 0x0000000095800000|100%| E|CS|TAMS 0x0000000095700000, 0x0000000095700000| Complete 
| 344|0x0000000095800000, 0x0000000095900000, 0x0000000095900000|100%| E|CS|TAMS 0x0000000095800000, 0x0000000095800000| Complete 
| 345|0x0000000095900000, 0x0000000095a00000, 0x0000000095a00000|100%| E|CS|TAMS 0x0000000095900000, 0x0000000095900000| Complete 
| 346|0x0000000095a00000, 0x0000000095b00000, 0x0000000095b00000|100%| E|CS|TAMS 0x0000000095a00000, 0x0000000095a00000| Complete 
| 347|0x0000000095b00000, 0x0000000095c00000, 0x0000000095c00000|100%| E|CS|TAMS 0x0000000095b00000, 0x0000000095b00000| Complete 
| 348|0x0000000095c00000, 0x0000000095d00000, 0x0000000095d00000|100%| E|CS|TAMS 0x0000000095c00000, 0x0000000095c00000| Complete 
| 349|0x0000000095d00000, 0x0000000095e00000, 0x0000000095e00000|100%| E|CS|TAMS 0x0000000095d00000, 0x0000000095d00000| Complete 
| 350|0x0000000095e00000, 0x0000000095f00000, 0x0000000095f00000|100%| E|CS|TAMS 0x0000000095e00000, 0x0000000095e00000| Complete 

Card table byte_map: [0x0000027a707f0000,0x0000027a70bf0000] _byte_map_base: 0x0000027a703f0000

Marking Bits (Prev, Next): (CMBitMap*) 0x0000027a5d93e508, (CMBitMap*) 0x0000027a5d93e540
 Prev Bits: [0x0000027a70ff0000, 0x0000027a72ff0000)
 Next Bits: [0x0000027a72ff0000, 0x0000027a74ff0000)

Polling page: 0x0000027a5b8e0000

Metaspace:

Usage:
  Non-class:    110.08 MB capacity,   108.29 MB ( 98%) used,     1.42 MB (  1%) free+waste,   372.44 KB ( <1%) overhead. 
      Class:     16.73 MB capacity,    15.62 MB ( 93%) used,   972.19 KB (  6%) free+waste,   162.88 KB ( <1%) overhead. 
       Both:    126.80 MB capacity,   123.92 MB ( 98%) used,     2.37 MB (  2%) free+waste,   535.31 KB ( <1%) overhead. 

Virtual space:
  Non-class space:      112.00 MB reserved,     110.20 MB ( 98%) committed 
      Class space:        1.00 GB reserved,      16.75 MB (  2%) committed 
             Both:        1.11 GB reserved,     126.95 MB ( 11%) committed 

Chunk freelists:
   Non-Class:  63.00 KB
       Class:  0 bytes
        Both:  63.00 KB

MaxMetaspaceSize: 17179869184.00 GB
CompressedClassSpaceSize: 1.00 GB

CodeHeap 'non-profiled nmethods': size=120064Kb used=12805Kb max_used=12805Kb free=107258Kb
 bounds [0x0000027a68eb0000, 0x0000027a69b40000, 0x0000027a703f0000]
CodeHeap 'profiled nmethods': size=120000Kb used=44899Kb max_used=44899Kb free=75100Kb
 bounds [0x0000027a61980000, 0x0000027a64570000, 0x0000027a68eb0000]
CodeHeap 'non-nmethods': size=5696Kb used=2368Kb max_used=2434Kb free=3327Kb
 bounds [0x0000027a613f0000, 0x0000027a61660000, 0x0000027a61980000]
 total_blobs=20237 nmethods=19253 adapters=890
 compilation: enabled
              stopped_count=0, restarted_count=0
 full_count=0

Compilation events (20 events):
Event: 4230.831 Thread 0x0000027a774f4800 nmethod 20614 0x0000027a64482710 code [0x0000027a644828c0, 0x0000027a644829d8]
Event: 4230.831 Thread 0x0000027a774f4800 20615       2       com.android.tools.r8.internal.zz::a (69 bytes)
Event: 4230.831 Thread 0x0000027a774f4800 nmethod 20615 0x0000027a64482a90 code [0x0000027a64482c80, 0x0000027a64482f68]
Event: 4230.831 Thread 0x0000027a774f4800 20616       2       com.android.tools.r8.internal.S4::a (41 bytes)
Event: 4230.831 Thread 0x0000027a774f4800 nmethod 20616 0x0000027a64483190 code [0x0000027a64483380, 0x0000027a64483828]
Event: 4230.832 Thread 0x0000027a774f4800 20617       2       com.android.tools.r8.internal.S4::a (12 bytes)
Event: 4230.832 Thread 0x0000027a774f4800 nmethod 20617 0x0000027a64483a90 code [0x0000027a64483ca0, 0x0000027a64484208]
Event: 4230.832 Thread 0x0000027a774f4800 20618       2       com.android.tools.r8.graph.P::Y0 (14 bytes)
Event: 4230.832 Thread 0x0000027a774f4800 nmethod 20618 0x0000027a64484490 code [0x0000027a64484640, 0x0000027a64484778]
Event: 4230.832 Thread 0x0000027a774f4800 20619       2       com.android.tools.r8.graph.X0::d (13 bytes)
Event: 4230.832 Thread 0x0000027a774f4800 nmethod 20619 0x0000027a64484890 code [0x0000027a64484a40, 0x0000027a64484b58]
Event: 4230.832 Thread 0x0000027a774f4800 20620       2       com.android.tools.r8.internal.FB::<init> (6 bytes)
Event: 4230.832 Thread 0x0000027a774f4800 nmethod 20620 0x0000027a64484c10 code [0x0000027a64484dc0, 0x0000027a64484ee8]
Event: 4230.833 Thread 0x0000027a774f4800 20621 %     3       java.util.HashMap::containsValue @ 27 (89 bytes)
Event: 4230.833 Thread 0x0000027a774f4800 nmethod 20621% 0x0000027a64484f90 code [0x0000027a64485180, 0x0000027a644856c8]
Event: 4230.833 Thread 0x0000027a774f4800 20622 %     3       com.android.tools.r8.internal.Nv::a @ 199 (270 bytes)
Event: 4230.836 Thread 0x0000027a774f4800 nmethod 20622% 0x0000027a64485890 code [0x0000027a64485e60, 0x0000027a64489768]
Event: 4230.836 Thread 0x0000027a774f4800 20623   !   2       com.android.tools.r8.ir.conversion.k::a (509 bytes)
Event: 4230.839 Thread 0x0000027a774f4800 nmethod 20623 0x0000027a6448a890 code [0x0000027a6448ad80, 0x0000027a6448c828]
Event: 4230.839 Thread 0x0000027a774f4800 20627 %     3       com.android.tools.r8.internal.ka::a @ 390 (1420 bytes)

GC Heap History (20 events):
Event: 4225.733 GC heap before
{Heap before GC invocations=65 (full 0):
 garbage-first heap   total 227328K, used 171670K [0x0000000080000000, 0x0000000100000000)
  region size 1024K, 67 young (68608K), 2 survivors (2048K)
 Metaspace       used 117168K, capacity 119767K, committed 120268K, reserved 1153024K
  class space    used 14735K, capacity 15731K, committed 15872K, reserved 1048576K
}
Event: 4225.735 GC heap after
{Heap after GC invocations=66 (full 0):
 garbage-first heap   total 227328K, used 102131K [0x0000000080000000, 0x0000000100000000)
  region size 1024K, 1 young (1024K), 1 survivors (1024K)
 Metaspace       used 117168K, capacity 119767K, committed 120268K, reserved 1153024K
  class space    used 14735K, capacity 15731K, committed 15872K, reserved 1048576K
}
Event: 4226.083 GC heap before
{Heap before GC invocations=66 (full 0):
 garbage-first heap   total 227328K, used 182003K [0x0000000080000000, 0x0000000100000000)
  region size 1024K, 79 young (80896K), 1 survivors (1024K)
 Metaspace       used 117219K, capacity 119876K, committed 120268K, reserved 1153024K
  class space    used 14742K, capacity 15767K, committed 15872K, reserved 1048576K
}
Event: 4226.085 GC heap after
{Heap after GC invocations=67 (full 0):
 garbage-first heap   total 227328K, used 102305K [0x0000000080000000, 0x0000000100000000)
  region size 1024K, 1 young (1024K), 1 survivors (1024K)
 Metaspace       used 117219K, capacity 119876K, committed 120268K, reserved 1153024K
  class space    used 14742K, capacity 15767K, committed 15872K, reserved 1048576K
}
Event: 4226.421 GC heap before
{Heap before GC invocations=68 (full 0):
 garbage-first heap   total 227328K, used 139169K [0x0000000080000000, 0x0000000100000000)
  region size 1024K, 38 young (38912K), 1 survivors (1024K)
 Metaspace       used 117313K, capacity 119968K, committed 120268K, reserved 1153024K
  class space    used 14753K, capacity 15775K, committed 15872K, reserved 1048576K
}
Event: 4226.424 GC heap after
{Heap after GC invocations=69 (full 0):
 garbage-first heap   total 227328K, used 102412K [0x0000000080000000, 0x0000000100000000)
  region size 1024K, 1 young (1024K), 1 survivors (1024K)
 Metaspace       used 117313K, capacity 119968K, committed 120268K, reserved 1153024K
  class space    used 14753K, capacity 15775K, committed 15872K, reserved 1048576K
}
Event: 4226.804 GC heap before
{Heap before GC invocations=70 (full 0):
 garbage-first heap   total 227328K, used 175116K [0x0000000080000000, 0x0000000100000000)
  region size 1024K, 69 young (70656K), 1 survivors (1024K)
 Metaspace       used 118661K, capacity 121310K, committed 121420K, reserved 1155072K
  class space    used 14951K, capacity 15994K, committed 16000K, reserved 1048576K
}
Event: 4226.812 GC heap after
{Heap after GC invocations=71 (full 0):
 garbage-first heap   total 227328K, used 120160K [0x0000000080000000, 0x0000000100000000)
  region size 1024K, 9 young (9216K), 9 survivors (9216K)
 Metaspace       used 118661K, capacity 121310K, committed 121420K, reserved 1155072K
  class space    used 14951K, capacity 15994K, committed 16000K, reserved 1048576K
}
Event: 4227.110 GC heap before
{Heap before GC invocations=71 (full 0):
 garbage-first heap   total 227328K, used 176480K [0x0000000080000000, 0x0000000100000000)
  region size 1024K, 64 young (65536K), 9 survivors (9216K)
 Metaspace       used 119308K, capacity 122029K, committed 122316K, reserved 1155072K
  class space    used 15014K, capacity 16057K, committed 16128K, reserved 1048576K
}
Event: 4227.133 GC heap after
{Heap after GC invocations=72 (full 0):
 garbage-first heap   total 227328K, used 129292K [0x0000000080000000, 0x0000000100000000)
  region size 1024K, 8 young (8192K), 8 survivors (8192K)
 Metaspace       used 119308K, capacity 122029K, committed 122316K, reserved 1155072K
  class space    used 15014K, capacity 16057K, committed 16128K, reserved 1048576K
}
Event: 4227.436 GC heap before
{Heap before GC invocations=73 (full 0):
 garbage-first heap   total 227328K, used 177420K [0x0000000080000000, 0x0000000100000000)
  region size 1024K, 55 young (56320K), 8 survivors (8192K)
 Metaspace       used 120044K, capacity 122778K, committed 122956K, reserved 1157120K
  class space    used 15104K, capacity 16155K, committed 16256K, reserved 1048576K
}
Event: 4227.459 GC heap after
{Heap after GC invocations=74 (full 0):
 garbage-first heap   total 227328K, used 139637K [0x0000000080000000, 0x0000000100000000)
  region size 1024K, 7 young (7168K), 7 survivors (7168K)
 Metaspace       used 120044K, capacity 122778K, committed 122956K, reserved 1157120K
  class space    used 15104K, capacity 16155K, committed 16256K, reserved 1048576K
}
Event: 4227.568 GC heap before
{Heap before GC invocations=74 (full 0):
 garbage-first heap   total 227328K, used 181621K [0x0000000080000000, 0x0000000100000000)
  region size 1024K, 48 young (49152K), 7 survivors (7168K)
 Metaspace       used 120995K, capacity 123748K, committed 123852K, reserved 1157120K
  class space    used 15229K, capacity 16284K, committed 16384K, reserved 1048576K
}
Event: 4227.584 GC heap after
{Heap after GC invocations=75 (full 0):
 garbage-first heap   total 227328K, used 147928K [0x0000000080000000, 0x0000000100000000)
  region size 1024K, 6 young (6144K), 6 survivors (6144K)
 Metaspace       used 120995K, capacity 123748K, committed 123852K, reserved 1157120K
  class space    used 15229K, capacity 16284K, committed 16384K, reserved 1048576K
}
Event: 4227.703 GC heap before
{Heap before GC invocations=75 (full 0):
 garbage-first heap   total 227328K, used 185816K [0x0000000080000000, 0x0000000100000000)
  region size 1024K, 43 young (44032K), 6 survivors (6144K)
 Metaspace       used 121110K, capacity 123932K, committed 124108K, reserved 1157120K
  class space    used 15247K, capacity 16322K, committed 16384K, reserved 1048576K
}
Event: 4227.720 GC heap after
{Heap after GC invocations=76 (full 0):
 garbage-first heap   total 359424K, used 155449K [0x0000000080000000, 0x0000000100000000)
  region size 1024K, 6 young (6144K), 6 survivors (6144K)
 Metaspace       used 121110K, capacity 123932K, committed 124108K, reserved 1157120K
  class space    used 15247K, capacity 16322K, committed 16384K, reserved 1048576K
}
Event: 4229.339 GC heap before
{Heap before GC invocations=77 (full 0):
 garbage-first heap   total 359424K, used 235321K [0x0000000080000000, 0x0000000100000000)
  region size 1024K, 84 young (86016K), 6 survivors (6144K)
 Metaspace       used 124532K, capacity 127453K, committed 127820K, reserved 1161216K
  class space    used 15809K, capacity 16904K, committed 17024K, reserved 1048576K
}
Event: 4229.380 GC heap after
{Heap after GC invocations=78 (full 0):
 garbage-first heap   total 359424K, used 167580K [0x0000000080000000, 0x0000000100000000)
  region size 1024K, 11 young (11264K), 11 survivors (11264K)
 Metaspace       used 124532K, capacity 127453K, committed 127820K, reserved 1161216K
  class space    used 15809K, capacity 16904K, committed 17024K, reserved 1048576K
}
Event: 4230.047 GC heap before
{Heap before GC invocations=78 (full 0):
 garbage-first heap   total 359424K, used 247452K [0x0000000080000000, 0x0000000100000000)
  region size 1024K, 89 young (91136K), 11 survivors (11264K)
 Metaspace       used 125915K, capacity 128828K, committed 128844K, reserved 1161216K
  class space    used 15887K, capacity 17009K, committed 17024K, reserved 1048576K
}
Event: 4230.072 GC heap after
{Heap after GC invocations=79 (full 0):
 garbage-first heap   total 359424K, used 171854K [0x0000000080000000, 0x0000000100000000)
  region size 1024K, 5 young (5120K), 5 survivors (5120K)
 Metaspace       used 125915K, capacity 128828K, committed 128844K, reserved 1161216K
  class space    used 15887K, capacity 17009K, committed 17024K, reserved 1048576K
}

Deoptimization events (20 events):
Event: 4230.416 Thread 0x0000027a7d74b000 DEOPT PACKING pc=0x0000027a642a0661 sp=0x0000008b77df99a0
Event: 4230.416 Thread 0x0000027a7d74b000 DEOPT UNPACKING pc=0x0000027a614176ce sp=0x0000008b77df9030 mode 0
Event: 4230.420 Thread 0x0000027a7d749800 Uncommon trap: trap_request=0xffffff4d fr.pc=0x0000027a69af1968 relative=0x0000000000000128
Event: 4230.420 Thread 0x0000027a7d749800 Uncommon trap: reason=unstable_if action=reinterpret pc=0x0000027a69af1968 method=com.android.tools.r8.internal.E9.a(C)Z @ 21 c2
Event: 4230.420 Thread 0x0000027a7d749800 DEOPT PACKING pc=0x0000027a69af1968 sp=0x0000008b778f9dc0
Event: 4230.420 Thread 0x0000027a7d749800 DEOPT UNPACKING pc=0x0000027a614178af sp=0x0000008b778f9c90 mode 2
Event: 4230.420 Thread 0x0000027a7d749800 Uncommon trap: trap_request=0xffffff4d fr.pc=0x0000027a69addc9c relative=0x000000000000007c
Event: 4230.420 Thread 0x0000027a7d749800 Uncommon trap: reason=unstable_if action=reinterpret pc=0x0000027a69addc9c method=com.android.tools.r8.internal.E9.a(C)Z @ 21 c2
Event: 4230.420 Thread 0x0000027a7d749800 DEOPT PACKING pc=0x0000027a69addc9c sp=0x0000008b778f9d00
Event: 4230.420 Thread 0x0000027a7d749800 DEOPT UNPACKING pc=0x0000027a614178af sp=0x0000008b778f9c90 mode 2
Event: 4230.551 Thread 0x0000027a7d74b000 Uncommon trap: trap_request=0xffffff4d fr.pc=0x0000027a69ae8588 relative=0x00000000000009c8
Event: 4230.551 Thread 0x0000027a7d74b000 Uncommon trap: reason=unstable_if action=reinterpret pc=0x0000027a69ae8588 method=com.android.tools.r8.ir.regalloc.b.g(I)Lcom/android/tools/r8/ir/regalloc/b; @ 132 c2
Event: 4230.551 Thread 0x0000027a7d74b000 DEOPT PACKING pc=0x0000027a69ae8588 sp=0x0000008b77df94d0
Event: 4230.551 Thread 0x0000027a7d74b000 DEOPT UNPACKING pc=0x0000027a614178af sp=0x0000008b77df93f0 mode 2
Event: 4230.590 Thread 0x0000027a7d74b000 DEOPT PACKING pc=0x0000027a642ccd5e sp=0x0000008b77df9be0
Event: 4230.590 Thread 0x0000027a7d74b000 DEOPT UNPACKING pc=0x0000027a614176ce sp=0x0000008b77df9210 mode 0
Event: 4230.625 Thread 0x0000027a7d74a800 DEOPT PACKING pc=0x0000027a643a91d8 sp=0x0000008b77bf9bd0
Event: 4230.625 Thread 0x0000027a7d74a800 DEOPT UNPACKING pc=0x0000027a614176ce sp=0x0000008b77bf90b0 mode 0
Event: 4230.652 Thread 0x0000027a7d74a800 DEOPT PACKING pc=0x0000027a6426b6cc sp=0x0000008b77bf9920
Event: 4230.652 Thread 0x0000027a7d74a800 DEOPT UNPACKING pc=0x0000027a614176ce sp=0x0000008b77bf8e30 mode 0

Classes redefined (0 events):
No events

Internal exceptions (20 events):
Event: 4226.745 Thread 0x0000027a7d749800 Exception <a 'java/lang/IncompatibleClassChangeError'{0x000000008a2c0a40}: Found class java.lang.Object, but interface was expected> (0x000000008a2c0a40) thrown at [./src/hotspot/share/interpreter/linkResolver.cpp, line 839]
Event: 4226.745 Thread 0x0000027a7d74b000 Exception <a 'java/lang/IncompatibleClassChangeError'{0x000000008a4ad628}: Found class java.lang.Object, but interface was expected> (0x000000008a4ad628) thrown at [./src/hotspot/share/interpreter/linkResolver.cpp, line 839]
Event: 4226.769 Thread 0x0000027a7d74b000 Exception <a 'java/lang/NoSuchMethodError'{0x0000000089c26a78}: 'java.lang.Object java.lang.invoke.DirectMethodHandle$Holder.invokeStatic(java.lang.Object, long)'> (0x0000000089c26a78) thrown at [./src/hotspot/share/interpreter/linkResolver.cpp, line 773]
Event: 4226.769 Thread 0x0000027a7d74a800 Exception <a 'java/lang/NoSuchMethodError'{0x000000008a1b5ec0}: 'java.lang.Object java.lang.invoke.DirectMethodHandle$Holder.invokeStatic(java.lang.Object, long)'> (0x000000008a1b5ec0) thrown at [./src/hotspot/share/interpreter/linkResolver.cpp, line 773]
Event: 4226.769 Thread 0x0000027a7d749800 Exception <a 'java/lang/NoSuchMethodError'{0x0000000089dfed08}: 'java.lang.Object java.lang.invoke.DirectMethodHandle$Holder.invokeStatic(java.lang.Object, long)'> (0x0000000089dfed08) thrown at [./src/hotspot/share/interpreter/linkResolver.cpp, line 773]
Event: 4226.772 Thread 0x0000027a7d74a800 Exception <a 'java/lang/NoSuchMethodError'{0x000000008a1b9e78}: 'java.lang.Object java.lang.invoke.DirectMethodHandle$Holder.invokeSpecial(java.lang.Object, java.lang.Object, long)'> (0x000000008a1b9e78) thrown at [./src/hotspot/share/interpreter/linkResolver.cpp, line 773]
Event: 4226.772 Thread 0x0000027a7d74a800 Exception <a 'java/lang/NoSuchMethodError'{0x0000000089c7ddc8}: 'java.lang.Object java.lang.invoke.Invokers$Holder.linkToTargetMethod(long, java.lang.Object)'> (0x0000000089c7ddc8) thrown at [./src/hotspot/share/interpreter/linkResolver.cpp, line 773]
Event: 4226.839 Thread 0x0000027a7d748800 Exception <a 'sun/nio/fs/WindowsException'{0x000000008d92e970}> (0x000000008d92e970) thrown at [./src/hotspot/share/prims/jni.cpp, line 615]
Event: 4226.926 Thread 0x0000027a7d74a800 Exception <a 'java/lang/NoSuchMethodError'{0x000000008d2caf30}: 'long java.lang.invoke.DirectMethodHandle$Holder.invokeStatic(java.lang.Object, java.lang.Object)'> (0x000000008d2caf30) thrown at [./src/hotspot/share/interpreter/linkResolver.cpp, line 773]
Event: 4227.037 Thread 0x0000027a7d74a800 Exception <a 'java/lang/IncompatibleClassChangeError'{0x000000008bb38790}: Found class java.lang.Object, but interface was expected> (0x000000008bb38790) thrown at [./src/hotspot/share/interpreter/linkResolver.cpp, line 839]
Event: 4227.045 Thread 0x0000027a7d74a800 Exception <a 'java/lang/NoSuchMethodError'{0x000000008bb40468}: 'java.lang.Object java.lang.invoke.DirectMethodHandle$Holder.newInvokeSpecial(java.lang.Object, int)'> (0x000000008bb40468) thrown at [./src/hotspot/share/interpreter/linkResolver.cpp, line 773]
Event: 4227.067 Thread 0x0000027a7d74a800 Exception <a 'java/lang/IncompatibleClassChangeError'{0x000000008bb4c650}: Found class java.lang.Object, but interface was expected> (0x000000008bb4c650) thrown at [./src/hotspot/share/interpreter/linkResolver.cpp, line 839]
Event: 4227.067 Thread 0x0000027a7d74a800 Exception <a 'java/lang/IncompatibleClassChangeError'{0x000000008b29e000}: Found class java.lang.Object, but interface was expected> (0x000000008b29e000) thrown at [./src/hotspot/share/interpreter/linkResolver.cpp, line 839]
Event: 4227.103 Thread 0x0000027a7d74b000 Exception <a 'java/lang/IncompatibleClassChangeError'{0x000000008a9d2360}: Found class java.lang.Object, but interface was expected> (0x000000008a9d2360) thrown at [./src/hotspot/share/interpreter/linkResolver.cpp, line 839]
Event: 4227.524 Thread 0x0000027a7d74b000 Exception <a 'java/lang/NoSuchMethodError'{0x000000008c503218}: 'int java.lang.invoke.DirectMethodHandle$Holder.invokeSpecial(java.lang.Object, java.lang.Object, java.lang.Object, java.lang.Object, java.lang.Object, java.lang.Object, java.lang.Object, java.lang.Object, java.lang.Object)'> (0x000000008c503218) thrown at [./src/hotspot/share/interpreter/linkResolver.cpp, line 773]
Event: 4227.524 Thread 0x0000027a7d74b000 Exception <a 'java/lang/NoSuchMethodError'{0x000000008c50d160}: 'java.lang.Object java.lang.invoke.Invokers$Holder.linkToTargetMethod(java.lang.Object, java.lang.Object, java.lang.Object, java.lang.Object, java.lang.Object, java.lang.Object, java.lang.Object, java.lang.Object)'> (0x000000008c50d160) thrown at [./src/hotspot/share/interpreter/linkResolver.cpp, line 773]
Event: 4228.181 Thread 0x0000027a7d74a800 Exception <a 'java/lang/NoSuchMethodError'{0x0000000093a90208}: 'java.lang.Object java.lang.invoke.DirectMethodHandle$Holder.invokeVirtual(java.lang.Object, java.lang.Object, int, java.lang.Object)'> (0x0000000093a90208) thrown at [./src/hotspot/share/interpreter/linkResolver.cpp, line 773]
Event: 4228.372 Thread 0x0000027a7d74b000 Exception <a 'java/lang/NoSuchMethodError'{0x00000000933e85d0}: 'void java.lang.invoke.DirectMethodHandle$Holder.invokeVirtual(java.lang.Object, java.lang.Object, int, java.lang.Object)'> (0x00000000933e85d0) thrown at [./src/hotspot/share/interpreter/linkResolver.cpp, line 773]
Event: 4228.953 Thread 0x0000027a7d74b000 Exception <a 'java/lang/NoSuchMethodError'{0x000000009213f7b8}: 'java.lang.Object java.lang.invoke.DirectMethodHandle$Holder.invokeInterface(java.lang.Object, java.lang.Object, int)'> (0x000000009213f7b8) thrown at [./src/hotspot/share/interpreter/linkResolver.cpp, line 773]
Event: 4229.946 Thread 0x0000027a7d74b000 Exception <a 'java/lang/NoSuchMethodError'{0x0000000091f03358}: 'int java.lang.invoke.DirectMethodHandle$Holder.invokeInterface(java.lang.Object, java.lang.Object, int)'> (0x0000000091f03358) thrown at [./src/hotspot/share/interpreter/linkResolver.cpp, line 773]

Events (20 events):
Event: 4230.448 loading class com/android/tools/r8/internal/FE
Event: 4230.448 loading class com/android/tools/r8/internal/FE done
Event: 4230.448 loading class com/android/tools/r8/code/K0
Event: 4230.448 loading class com/android/tools/r8/code/K0 done
Event: 4230.448 loading class com/android/tools/r8/code/K0
Event: 4230.448 loading class com/android/tools/r8/code/K0 done
Event: 4230.449 loading class com/android/tools/r8/code/K0
Event: 4230.449 loading class com/android/tools/r8/code/K0 done
Event: 4230.449 loading class com/android/tools/r8/code/K0
Event: 4230.449 loading class com/android/tools/r8/code/K0 done
Event: 4230.487 Executing VM operation: CGC_Operation
Event: 4230.535 Executing VM operation: CGC_Operation done
Event: 4230.554 Executing VM operation: ICBufferFull
Event: 4230.555 Executing VM operation: ICBufferFull done
Event: 4230.569 Executing VM operation: ICBufferFull
Event: 4230.569 Executing VM operation: ICBufferFull done
Event: 4230.652 Executing VM operation: ICBufferFull
Event: 4230.654 Executing VM operation: ICBufferFull done
Event: 4230.721 Executing VM operation: CGC_Operation
Event: 4230.742 Executing VM operation: CGC_Operation done


Dynamic libraries:
0x00007ff6fbb70000 - 0x00007ff6fbb7a000 	D:\android studio\jre\bin\java.exe
0x00007ff849930000 - 0x00007ff849b25000 	C:\WINDOWS\SYSTEM32\ntdll.dll
0x00007ff848600000 - 0x00007ff8486be000 	C:\WINDOWS\System32\KERNEL32.DLL
0x00007ff847190000 - 0x00007ff847459000 	C:\WINDOWS\System32\KERNELBASE.dll
0x00007ff847570000 - 0x00007ff847670000 	C:\WINDOWS\System32\ucrtbase.dll
0x00007ff83f480000 - 0x00007ff83f499000 	D:\android studio\jre\bin\jli.dll
0x00007ff8496e0000 - 0x00007ff849881000 	C:\WINDOWS\System32\USER32.dll
0x00007ff847950000 - 0x00007ff847972000 	C:\WINDOWS\System32\win32u.dll
0x00007ff847fa0000 - 0x00007ff847fcb000 	C:\WINDOWS\System32\GDI32.dll
0x00007ff847460000 - 0x00007ff84756b000 	C:\WINDOWS\System32\gdi32full.dll
0x00007ff838d80000 - 0x00007ff83901a000 	C:\WINDOWS\WinSxS\amd64_microsoft.windows.common-controls_6595b64144ccf1df_6.0.19041.1110_none_60b5254171f9507e\COMCTL32.dll
0x00007ff847720000 - 0x00007ff8477bd000 	C:\WINDOWS\System32\msvcp_win.dll
0x00007ff83dc50000 - 0x00007ff83dc67000 	D:\android studio\jre\bin\VCRUNTIME140.dll
0x00007ff8479a0000 - 0x00007ff847a3e000 	C:\WINDOWS\System32\msvcrt.dll
0x00007ff849440000 - 0x00007ff849470000 	C:\WINDOWS\System32\IMM32.DLL
0x00007ff8204b0000 - 0x00007ff82054d000 	D:\android studio\jre\bin\msvcp140.dll
0x00007fffcb0a0000 - 0x00007fffcbb6f000 	D:\android studio\jre\bin\server\jvm.dll
0x00007ff849620000 - 0x00007ff8496cc000 	C:\WINDOWS\System32\ADVAPI32.dll
0x00007ff8492f0000 - 0x00007ff84938b000 	C:\WINDOWS\System32\sechost.dll
0x00007ff848ed0000 - 0x00007ff848ffa000 	C:\WINDOWS\System32\RPCRT4.dll
0x00007ff8490d0000 - 0x00007ff8490d8000 	C:\WINDOWS\System32\PSAPI.DLL
0x00007ff83fbe0000 - 0x00007ff83fbe9000 	C:\WINDOWS\SYSTEM32\WSOCK32.dll
0x00007ff830650000 - 0x00007ff830677000 	C:\WINDOWS\SYSTEM32\WINMM.dll
0x00007ff846bd0000 - 0x00007ff846bda000 	C:\WINDOWS\SYSTEM32\VERSION.dll
0x00007ff849190000 - 0x00007ff8491fb000 	C:\WINDOWS\System32\ws2_32.DLL
0x00007ff845860000 - 0x00007ff845872000 	C:\WINDOWS\SYSTEM32\kernel.appcore.dll
0x00007ff836150000 - 0x00007ff836161000 	D:\android studio\jre\bin\verify.dll
0x00007ff845650000 - 0x00007ff845834000 	C:\WINDOWS\SYSTEM32\DBGHELP.DLL
0x00007ff839500000 - 0x00007ff83952c000 	C:\WINDOWS\SYSTEM32\dbgcore.DLL
0x00007ff847050000 - 0x00007ff8470d3000 	C:\WINDOWS\System32\bcryptPrimitives.dll
0x00007ff8324e0000 - 0x00007ff832509000 	D:\android studio\jre\bin\java.dll
0x00007ff83fa10000 - 0x00007ff83fa1b000 	D:\android studio\jre\bin\jimage.dll
0x00007ff835500000 - 0x00007ff835518000 	D:\android studio\jre\bin\zip.dll
0x00007ff848790000 - 0x00007ff848ecf000 	C:\WINDOWS\System32\SHELL32.dll
0x00007ff844d80000 - 0x00007ff845510000 	C:\WINDOWS\SYSTEM32\windows.storage.dll
0x00007ff847fd0000 - 0x00007ff848325000 	C:\WINDOWS\System32\combase.dll
0x00007ff846a30000 - 0x00007ff846a5c000 	C:\WINDOWS\SYSTEM32\Wldp.dll
0x00007ff8490e0000 - 0x00007ff84918d000 	C:\WINDOWS\System32\SHCORE.dll
0x00007ff849290000 - 0x00007ff8492e5000 	C:\WINDOWS\System32\shlwapi.dll
0x00007ff846f90000 - 0x00007ff846faf000 	C:\WINDOWS\SYSTEM32\profapi.dll
0x00007ff832440000 - 0x00007ff83245a000 	D:\android studio\jre\bin\net.dll
0x00007ff839ad0000 - 0x00007ff839bd8000 	C:\WINDOWS\SYSTEM32\WINHTTP.dll
0x00007ff846790000 - 0x00007ff8467fa000 	C:\WINDOWS\system32\mswsock.dll
0x00007ff830c10000 - 0x00007ff830c24000 	D:\android studio\jre\bin\nio.dll
0x00007ff828730000 - 0x00007ff828757000 	C:\Users\Jaime Serrano\.gradle\native\8bec1ad78214c89d9ad589b4d07fe93259594b29d510b10fafb7a158f7737e5d\windows-amd64\native-platform.dll
0x00007fffef330000 - 0x00007fffef46d000 	C:\Users\Jaime Serrano\.gradle\native\53dbd7edfb1c66fb8903c78663c9afc45aea4f116125fa6feffd364cf09443e8\windows-amd64\native-platform-file-events.dll
0x00007ff83e440000 - 0x00007ff83e44a000 	D:\android studio\jre\bin\management.dll
0x00007ff83a850000 - 0x00007ff83a85c000 	D:\android studio\jre\bin\management_ext.dll
0x00007ff846980000 - 0x00007ff846998000 	C:\WINDOWS\SYSTEM32\CRYPTSP.dll
0x00007ff8460a0000 - 0x00007ff8460d4000 	C:\WINDOWS\system32\rsaenh.dll
0x00007ff847920000 - 0x00007ff847947000 	C:\WINDOWS\System32\bcrypt.dll
0x00007ff846f10000 - 0x00007ff846f3e000 	C:\WINDOWS\SYSTEM32\USERENV.dll
0x00007ff8469a0000 - 0x00007ff8469ac000 	C:\WINDOWS\SYSTEM32\CRYPTBASE.dll
0x00007ff846430000 - 0x00007ff84646b000 	C:\WINDOWS\SYSTEM32\IPHLPAPI.DLL
0x00007ff8496d0000 - 0x00007ff8496d8000 	C:\WINDOWS\System32\NSI.dll
0x00007ff839760000 - 0x00007ff839777000 	C:\WINDOWS\SYSTEM32\dhcpcsvc6.DLL
0x00007ff839720000 - 0x00007ff83973d000 	C:\WINDOWS\SYSTEM32\dhcpcsvc.DLL
0x00007ff846470000 - 0x00007ff84653c000 	C:\WINDOWS\SYSTEM32\DNSAPI.dll
0x00007ff8342d0000 - 0x00007ff8342f7000 	D:\android studio\jre\bin\sunec.dll
0x0000000055a10000 - 0x0000000055a36000 	C:\Program Files\Bonjour\mdnsNSP.dll
0x00007ff8391b0000 - 0x00007ff8391ba000 	C:\Windows\System32\rasadhlp.dll
0x00007ff8343a0000 - 0x00007ff83441f000 	C:\WINDOWS\System32\fwpuclnt.dll
0x00007ff845cd0000 - 0x00007ff845d03000 	C:\WINDOWS\SYSTEM32\ntmarta.dll

dbghelp: loaded successfully - version: 4.0.5 - missing functions: none
symbol engine: initialized successfully - sym options: 0x614 - pdb path: .;D:\android studio\jre\bin;C:\WINDOWS\SYSTEM32;C:\WINDOWS\WinSxS\amd64_microsoft.windows.common-controls_6595b64144ccf1df_6.0.19041.1110_none_60b5254171f9507e;D:\android studio\jre\bin\server;C:\Users\Jaime Serrano\.gradle\native\8bec1ad78214c89d9ad589b4d07fe93259594b29d510b10fafb7a158f7737e5d\windows-amd64;C:\Users\Jaime Serrano\.gradle\native\53dbd7edfb1c66fb8903c78663c9afc45aea4f116125fa6feffd364cf09443e8\windows-amd64;C:\Program Files\Bonjour

VM Arguments:
jvm_args: --add-opens=java.base/java.util=ALL-UNNAMED --add-opens=java.base/java.lang=ALL-UNNAMED --add-opens=java.base/java.lang.invoke=ALL-UNNAMED --add-opens=java.base/java.util=ALL-UNNAMED --add-opens=java.prefs/java.util.prefs=ALL-UNNAMED --add-opens=java.prefs/java.util.prefs=ALL-UNNAMED --add-opens=java.base/java.nio.charset=ALL-UNNAMED --add-opens=java.base/java.net=ALL-UNNAMED --add-opens=java.base/java.util.concurrent.atomic=ALL-UNNAMED -Xmx2048m -Dfile.encoding=UTF-8 -Duser.country=CL -Duser.language=es -Duser.variant 
java_command: org.gradle.launcher.daemon.bootstrap.GradleDaemon 7.0.2
java_class_path (initial): C:\Users\Jaime Serrano\.gradle\wrapper\dists\gradle-7.0.2-bin\857tjihv64xamwrf0h14cai3r\gradle-7.0.2\lib\gradle-launcher-7.0.2.jar
Launcher Type: SUN_STANDARD

[Global flags]
     intx CICompilerCount                          = 3                                         {product} {ergonomic}
     uint ConcGCThreads                            = 1                                         {product} {ergonomic}
     uint G1ConcRefinementThreads                  = 4                                         {product} {ergonomic}
   size_t G1HeapRegionSize                         = 1048576                                   {product} {ergonomic}
    uintx GCDrainStackTargetSize                   = 64                                        {product} {ergonomic}
   size_t InitialHeapSize                          = 134217728                                 {product} {ergonomic}
   size_t MarkStackSize                            = 4194304                                   {product} {ergonomic}
   size_t MaxHeapSize                              = 2147483648                                {product} {command line}
   size_t MaxNewSize                               = 1287651328                                {product} {ergonomic}
   size_t MinHeapDeltaBytes                        = 1048576                                   {product} {ergonomic}
    uintx NonNMethodCodeHeapSize                   = 5830732                                {pd product} {ergonomic}
    uintx NonProfiledCodeHeapSize                  = 122913754                              {pd product} {ergonomic}
    uintx ProfiledCodeHeapSize                     = 122913754                              {pd product} {ergonomic}
    uintx ReservedCodeCacheSize                    = 251658240                              {pd product} {ergonomic}
     bool SegmentedCodeCache                       = true                                      {product} {ergonomic}
     bool UseCompressedClassPointers               = true                                 {lp64_product} {ergonomic}
     bool UseCompressedOops                        = true                                 {lp64_product} {ergonomic}
     bool UseG1GC                                  = true                                      {product} {ergonomic}
     bool UseLargePagesIndividualAllocation        = false                                  {pd product} {ergonomic}

Logging:
Log output configuration:
 #0: stdout all=warning uptime,level,tags
 #1: stderr all=off uptime,level,tags

Environment Variables:
JAVA_HOME=C:\Program Files\Java\jdk1.8.0_261
PATH=C:\Program Files (x86)\ActiveState Komodo IDE 12\;C:\ProgramData\Oracle\Java\javapath;C:\Program Files (x86)\Intel\iCLS Client\;C:\Program Files\Intel\iCLS Client\;C:\Windows\system32;C:\Windows;C:\Windows\System32\Wbem;C:\Windows\System32\WindowsPowerShell\v1.0\;C:\Program Files (x86)\NVIDIA Corporation\PhysX\Common;C:\Program Files (x86)\Intel\Intel(R) Management Engine Components\DAL;C:\Program Files\Intel\Intel(R) Management Engine Components\DAL;C:\Program Files (x86)\Intel\Intel(R) Management Engine Components\IPT;C:\Program Files\Intel\Intel(R) Management Engine Components\IPT;C:\WINDOWS\system32;C:\WINDOWS;C:\WINDOWS\System32\Wbem;C:\WINDOWS\System32\WindowsPowerShell\v1.0\;C:\WINDOWS\System32\OpenSSH\;C:\Program Files\NVIDIA Corporation\NVIDIA NvDLISR;C:\WINDOWS\system32;C:\WINDOWS;C:\WINDOWS\System32\Wbem;C:\WINDOWS\System32\WindowsPowerShell\v1.0\;C:\WINDOWS\System32\OpenSSH\;%JAVA_HOME%\bin;C:\Program Files\dotnet\;C:\Program Files (x86)\dotnet\;C:\Program Files\Microsoft SQL Server\130\Tools\Binn\;C:\Program Files\Microsoft SQL Server\Client SDK\ODBC\170\Tools\Binn\;C:\Users\Jaime Serrano\AppData\Local\Microsoft\WindowsApps;C:\Program Files\Java\jdk1.8.0_261\bin;C:\Users\Jaime Serrano\.dotnet\tools
USERNAME=Lenovo Legion
OS=Windows_NT
PROCESSOR_IDENTIFIER=Intel64 Family 6 Model 158 Stepping 9, GenuineIntel



---------------  S Y S T E M  ---------------

OS: Windows 10 , 64 bit Build 19041 (10.0.19041.1202)
OS uptime: 0 days 20:26 hours

CPU:total 4 (initial active 4) (4 cores per cpu, 1 threads per core) family 6 model 158 stepping 9 microcode 0xb4, cmov, cx8, fxsr, mmx, sse, sse2, sse3, ssse3, sse4.1, sse4.2, popcnt, avx, avx2, aes, clmul, erms, 3dnowpref, lzcnt, tsc, tscinvbit, bmi1, bmi2, adx, fma

Memory: 4k page, system-wide physical 8084M (281M free)
TotalPageFile size 11892M (AvailPageFile size 10M)
current process WorkingSet (physical memory assigned to process): 578M, peak: 578M
current process commit charge ("private bytes"): 813M, peak: 818M

vm_info: OpenJDK 64-Bit Server VM (11.0.10+0-b96-7249189) for windows-amd64 JRE (11.0.10+0-b96-7249189), built on Mar 31 2021 21:44:00 by "builder" with MS VC++ 14.0 (VS2015)

END.
