#
# There is insufficient memory for the Java Runtime Environment to continue.
# Native memory allocation (malloc) failed to allocate 1069936 bytes for Chunk::new
# Possible reasons:
#   The system is out of physical RAM or swap space
#   The process is running with CompressedOops enabled, and the Java Heap may be blocking the growth of the native heap
# Possible solutions:
#   Reduce memory load on the system
#   Increase physical memory or swap space
#   Check if swap backing store is full
#   Decrease Java heap size (-Xmx/-Xms)
#   Decrease number of Java threads
#   Decrease Java thread stack sizes (-Xss)
#   Set larger code cache with -XX:ReservedCodeCacheSize=
#   JVM is running with Unscaled Compressed Oops mode in which the Java heap is
#     placed in the first 4GB address space. The Java Heap base address is the
#     maximum limit for the native heap growth. Please use -XX:HeapBaseMinAddress
#     to set the Java Heap base and to place the Java Heap above 4GB virtual address.
# This output file may be truncated or incomplete.
#
#  Out of Memory Error (./src/hotspot/share/memory/arena.cpp:197), pid=3464, tid=2084
#
# JRE version: OpenJDK Runtime Environment (11.0.10) (build 11.0.10+0-b96-7249189)
# Java VM: OpenJDK 64-Bit Server VM (11.0.10+0-b96-7249189, mixed mode, tiered, compressed oops, g1 gc, windows-amd64)
# No core dump will be written. Minidumps are not enabled by default on client versions of Windows
#

---------------  S U M M A R Y ------------

Command Line: --add-opens=java.base/java.util=ALL-UNNAMED --add-opens=java.base/java.lang=ALL-UNNAMED --add-opens=java.base/java.lang.invoke=ALL-UNNAMED --add-opens=java.base/java.util=ALL-UNNAMED --add-opens=java.prefs/java.util.prefs=ALL-UNNAMED --add-opens=java.prefs/java.util.prefs=ALL-UNNAMED --add-opens=java.base/java.nio.charset=ALL-UNNAMED --add-opens=java.base/java.net=ALL-UNNAMED --add-opens=java.base/java.util.concurrent.atomic=ALL-UNNAMED -Xmx2048m -Dfile.encoding=UTF-8 -Duser.country=CL -Duser.language=es -Duser.variant org.gradle.launcher.daemon.bootstrap.GradleDaemon 7.0.2

Host: Intel(R) Core(TM) i5-7300HQ CPU @ 2.50GHz, 4 cores, 7G,  Windows 10 , 64 bit Build 19041 (10.0.19041.1202)
Time: Tue Oct 26 02:32:26 2021 Hora estándar de Magallanes elapsed time: 27.646756 seconds (0d 0h 0m 27s)

---------------  T H R E A D  ---------------

Current thread (0x000001d3c8921000):  JavaThread "C2 CompilerThread0" daemon [_thread_in_native, id=2084, stack(0x0000005eb9700000,0x0000005eb9800000)]


Current CompileTask:
C2:  27646 11294   !   4       java.nio.file.FileTreeWalker::next (144 bytes)

Stack: [0x0000005eb9700000,0x0000005eb9800000]
Native frames: (J=compiled Java code, j=interpreted, Vv=VM code, C=native code)
V  [jvm.dll+0x5ecfaa]
V  [jvm.dll+0x722bd5]
V  [jvm.dll+0x72412d]
V  [jvm.dll+0x7247e3]
V  [jvm.dll+0x242928]
V  [jvm.dll+0xbc4fc]
V  [jvm.dll+0xbca0c]
V  [jvm.dll+0x352d7d]
V  [jvm.dll+0x197e0c]
V  [jvm.dll+0x1fb70e]
V  [jvm.dll+0x1fa7f4]
V  [jvm.dll+0x18354c]
V  [jvm.dll+0x208ee7]
V  [jvm.dll+0x207731]
V  [jvm.dll+0x6eb1cf]
V  [jvm.dll+0x6e3d45]
V  [jvm.dll+0x5ebe96]
C  [ucrtbase.dll+0x21bb2]
C  [KERNEL32.DLL+0x17034]
C  [ntdll.dll+0x52651]


---------------  P R O C E S S  ---------------

Threads class SMR info:
_java_thread_list=0x000001d3cc46bd20, length=52, elements={
0x000001d3ae5ec800, 0x000001d3c8901000, 0x000001d3c890a800, 0x000001d3c92b3800,
0x000001d3c891d000, 0x000001d3c891e000, 0x000001d3c8921000, 0x000001d3c8923800,
0x000001d3c8928800, 0x000001d3c9418800, 0x000001d3cb485000, 0x000001d3ca852800,
0x000001d3cb47f800, 0x000001d3cb340800, 0x000001d3ca7b6000, 0x000001d3ca9f2000,
0x000001d3ca8f0800, 0x000001d3c9895000, 0x000001d3c9896000, 0x000001d3c9893800,
0x000001d3c9894800, 0x000001d3c92d5000, 0x000001d3c92da000, 0x000001d3c92d6800,
0x000001d3c92d4800, 0x000001d3c92d7800, 0x000001d3c92d6000, 0x000001d3c92d9000,
0x000001d3c92d8800, 0x000001d3c92db000, 0x000001d3caab4000, 0x000001d3caab2000,
0x000001d3caab6800, 0x000001d3caab9800, 0x000001d3caab8000, 0x000001d3caaba800,
0x000001d3caab4800, 0x000001d3caab7000, 0x000001d3caabb000, 0x000001d3caab9000,
0x000001d3caab5800, 0x000001d3caabd000, 0x000001d3caabe800, 0x000001d3caabf800,
0x000001d3d0e35000, 0x000001d3d0e37800, 0x000001d3d0e38000, 0x000001d3d0e34000,
0x000001d3d0e39000, 0x000001d3d0e33800, 0x000001d3d0e35800, 0x000001d3d0e36800
}

Java Threads: ( => current thread )
  0x000001d3ae5ec800 JavaThread "main" [_thread_blocked, id=15180, stack(0x0000005eb8b00000,0x0000005eb8c00000)]
  0x000001d3c8901000 JavaThread "Reference Handler" daemon [_thread_blocked, id=14524, stack(0x0000005eb9200000,0x0000005eb9300000)]
  0x000001d3c890a800 JavaThread "Finalizer" daemon [_thread_blocked, id=13648, stack(0x0000005eb9300000,0x0000005eb9400000)]
  0x000001d3c92b3800 JavaThread "Signal Dispatcher" daemon [_thread_blocked, id=13056, stack(0x0000005eb9400000,0x0000005eb9500000)]
  0x000001d3c891d000 JavaThread "Attach Listener" daemon [_thread_blocked, id=12740, stack(0x0000005eb9500000,0x0000005eb9600000)]
  0x000001d3c891e000 JavaThread "Service Thread" daemon [_thread_blocked, id=16560, stack(0x0000005eb9600000,0x0000005eb9700000)]
=>0x000001d3c8921000 JavaThread "C2 CompilerThread0" daemon [_thread_in_native, id=2084, stack(0x0000005eb9700000,0x0000005eb9800000)]
  0x000001d3c8923800 JavaThread "C1 CompilerThread0" daemon [_thread_blocked, id=17400, stack(0x0000005eb9800000,0x0000005eb9900000)]
  0x000001d3c8928800 JavaThread "Sweeper thread" daemon [_thread_blocked, id=11920, stack(0x0000005eb9900000,0x0000005eb9a00000)]
  0x000001d3c9418800 JavaThread "Common-Cleaner" daemon [_thread_blocked, id=13672, stack(0x0000005eb9a00000,0x0000005eb9b00000)]
  0x000001d3cb485000 JavaThread "Daemon health stats" [_thread_blocked, id=14940, stack(0x0000005eb9f00000,0x0000005eba000000)]
  0x000001d3ca852800 JavaThread "Incoming local TCP Connector on port 7403" [_thread_in_native, id=5268, stack(0x0000005eb9e00000,0x0000005eb9f00000)]
  0x000001d3cb47f800 JavaThread "Daemon periodic checks" [_thread_blocked, id=2832, stack(0x0000005eba000000,0x0000005eba100000)]
  0x000001d3cb340800 JavaThread "Daemon" [_thread_blocked, id=6384, stack(0x0000005eba100000,0x0000005eba200000)]
  0x000001d3ca7b6000 JavaThread "Handler for socket connection from /127.0.0.1:7403 to /127.0.0.1:7404" [_thread_in_native, id=18328, stack(0x0000005eba200000,0x0000005eba300000)]
  0x000001d3ca9f2000 JavaThread "Cancel handler" [_thread_blocked, id=13276, stack(0x0000005eba300000,0x0000005eba400000)]
  0x000001d3ca8f0800 JavaThread "Daemon worker" [_thread_blocked, id=5208, stack(0x0000005eba400000,0x0000005eba500000)]
  0x000001d3c9895000 JavaThread "Asynchronous log dispatcher for DefaultDaemonConnection: socket connection from /127.0.0.1:7403 to /127.0.0.1:7404" [_thread_blocked, id=3352, stack(0x0000005eba500000,0x0000005eba600000)]
  0x000001d3c9896000 JavaThread "Stdin handler" [_thread_blocked, id=17060, stack(0x0000005eba600000,0x0000005eba700000)]
  0x000001d3c9893800 JavaThread "Daemon client event forwarder" [_thread_blocked, id=12564, stack(0x0000005eba700000,0x0000005eba800000)]
  0x000001d3c9894800 JavaThread "Cache worker for file hash cache (C:\Users\Jaime Serrano\.gradle\caches\7.0.2\fileHashes)" [_thread_blocked, id=12768, stack(0x0000005eba900000,0x0000005ebaa00000)]
  0x000001d3c92d5000 JavaThread "File lock request listener" [_thread_in_native, id=16944, stack(0x0000005ebaa00000,0x0000005ebab00000)]
  0x000001d3c92da000 JavaThread "Cache worker for journal cache (C:\Users\Jaime Serrano\.gradle\caches\journal-1)" [_thread_blocked, id=10852, stack(0x0000005ebab00000,0x0000005ebac00000)]
  0x000001d3c92d6800 JavaThread "Cache worker for file hash cache (C:\Users\Jaime Serrano\AndroidStudioProjects\Evaluacion2\.gradle\7.0.2\fileHashes)" [_thread_blocked, id=9948, stack(0x0000005ebad00000,0x0000005ebae00000)]
  0x000001d3c92d4800 JavaThread "File watcher server" daemon [_thread_in_native, id=16824, stack(0x0000005ebae00000,0x0000005ebaf00000)]
  0x000001d3c92d7800 JavaThread "File watcher consumer" daemon [_thread_blocked, id=520, stack(0x0000005ebaf00000,0x0000005ebb000000)]
  0x000001d3c92d6000 JavaThread "Cache worker for checksums cache (C:\Users\Jaime Serrano\AndroidStudioProjects\Evaluacion2\.gradle\checksums)" [_thread_blocked, id=11232, stack(0x0000005ebb000000,0x0000005ebb100000)]
  0x000001d3c92d9000 JavaThread "Cache worker for cache directory md-supplier (C:\Users\Jaime Serrano\.gradle\caches\7.0.2\md-supplier)" [_thread_blocked, id=7300, stack(0x0000005ebb100000,0x0000005ebb200000)]
  0x000001d3c92d8800 JavaThread "Cache worker for cache directory md-rule (C:\Users\Jaime Serrano\.gradle\caches\7.0.2\md-rule)" [_thread_blocked, id=16016, stack(0x0000005ebb200000,0x0000005ebb300000)]
  0x000001d3c92db000 JavaThread "Cache worker for execution history cache (C:\Users\Jaime Serrano\.gradle\caches\7.0.2\executionHistory)" [_thread_blocked, id=2152, stack(0x0000005ebb300000,0x0000005ebb400000)]
  0x000001d3caab4000 JavaThread "jar transforms" [_thread_blocked, id=10248, stack(0x0000005ebb400000,0x0000005ebb500000)]
  0x000001d3caab2000 JavaThread "jar transforms Thread 2" [_thread_blocked, id=8800, stack(0x0000005ebb500000,0x0000005ebb600000)]
  0x000001d3caab6800 JavaThread "Cache worker for file content cache (C:\Users\Jaime Serrano\.gradle\caches\7.0.2\fileContent)" [_thread_blocked, id=15108, stack(0x0000005ebb600000,0x0000005ebb700000)]
  0x000001d3caab9800 JavaThread "Cache worker for dependencies-accessors (C:\Users\Jaime Serrano\AndroidStudioProjects\Evaluacion2\.gradle\7.0.2\dependencies-accessors)" [_thread_blocked, id=9472, stack(0x0000005ebb700000,0x0000005ebb800000)]
  0x000001d3caab8000 JavaThread "jar transforms Thread 3" [_thread_blocked, id=1268, stack(0x0000005ebb800000,0x0000005ebb900000)]
  0x000001d3caaba800 JavaThread "Cache worker for Build Output Cleanup Cache (C:\Users\Jaime Serrano\AndroidStudioProjects\Evaluacion2\.gradle\buildOutputCleanup)" [_thread_blocked, id=13812, stack(0x0000005ebb900000,0x0000005ebba00000)]
  0x000001d3caab4800 JavaThread "Build operations" [_thread_blocked, id=18148, stack(0x0000005ebba00000,0x0000005ebbb00000)]
  0x000001d3caab7000 JavaThread "Build operations Thread 2" [_thread_blocked, id=13224, stack(0x0000005ebbb00000,0x0000005ebbc00000)]
  0x000001d3caabb000 JavaThread "Build operations Thread 3" [_thread_blocked, id=12712, stack(0x0000005ebbc00000,0x0000005ebbd00000)]
  0x000001d3caab9000 JavaThread "Build operations Thread 4" [_thread_blocked, id=12472, stack(0x0000005ebbd00000,0x0000005ebbe00000)]
  0x000001d3caab5800 JavaThread "jar transforms Thread 4" [_thread_blocked, id=18288, stack(0x0000005ebbe00000,0x0000005ebbf00000)]
  0x000001d3caabd000 JavaThread "Memory manager" [_thread_blocked, id=14028, stack(0x0000005ebac00000,0x0000005ebad00000)]
  0x000001d3caabe800 JavaThread "build event listener" [_thread_blocked, id=9324, stack(0x0000005ebbf00000,0x0000005ebc000000)]
  0x000001d3caabf800 JavaThread "Execution worker for ':'" [_thread_blocked, id=4044, stack(0x0000005ebc000000,0x0000005ebc100000)]
  0x000001d3d0e35000 JavaThread "Execution worker for ':' Thread 2" [_thread_blocked, id=1084, stack(0x0000005ebc100000,0x0000005ebc200000)]
  0x000001d3d0e37800 JavaThread "Execution worker for ':' Thread 3" [_thread_blocked, id=10480, stack(0x0000005ebc200000,0x0000005ebc300000)]
  0x000001d3d0e38000 JavaThread "Cache worker for execution history cache (C:\Users\Jaime Serrano\AndroidStudioProjects\Evaluacion2\.gradle\7.0.2\executionHistory)" [_thread_blocked, id=3856, stack(0x0000005ebc300000,0x0000005ebc400000)]
  0x000001d3d0e34000 JavaThread "WorkerExecutor Queue" [_thread_in_native, id=15200, stack(0x0000005ebc400000,0x0000005ebc500000)]
  0x000001d3d0e39000 JavaThread "WorkerExecutor Queue Thread 2" [_thread_blocked, id=13112, stack(0x0000005ebc500000,0x0000005ebc600000)]
  0x000001d3d0e33800 JavaThread "WorkerExecutor Queue Thread 3" [_thread_blocked, id=15252, stack(0x0000005ebc600000,0x0000005ebc700000)]
  0x000001d3d0e35800 JavaThread "WorkerExecutor Queue Thread 5" [_thread_blocked, id=10208, stack(0x0000005ebc800000,0x0000005ebc900000)]
  0x000001d3d0e36800 JavaThread "Java2D Disposer" daemon [_thread_blocked, id=8380, stack(0x0000005ebc900000,0x0000005ebca00000)]

Other Threads:
  0x000001d3c88fc800 VMThread "VM Thread" [stack: 0x0000005eb9100000,0x0000005eb9200000] [id=13808]
  0x000001d3c941a000 WatcherThread [stack: 0x0000005eb9b00000,0x0000005eb9c00000] [id=12192]
  0x000001d3ae605000 GCTaskThread "GC Thread#0" [stack: 0x0000005eb8c00000,0x0000005eb8d00000] [id=3184]
  0x000001d3c99ec000 GCTaskThread "GC Thread#1" [stack: 0x0000005eb9c00000,0x0000005eb9d00000] [id=14684]
  0x000001d3c99ed000 GCTaskThread "GC Thread#2" [stack: 0x0000005eb9d00000,0x0000005eb9e00000] [id=13024]
  0x000001d3ca1f5000 GCTaskThread "GC Thread#3" [stack: 0x0000005eba800000,0x0000005eba900000] [id=10984]
  0x000001d3ae636000 ConcurrentGCThread "G1 Main Marker" [stack: 0x0000005eb8d00000,0x0000005eb8e00000] [id=14852]
  0x000001d3ae637000 ConcurrentGCThread "G1 Conc#0" [stack: 0x0000005eb8e00000,0x0000005eb8f00000] [id=9160]
  0x000001d3ae6cb000 ConcurrentGCThread "G1 Refine#0" [stack: 0x0000005eb8f00000,0x0000005eb9000000] [id=11112]
  0x000001d3ae6cc000 ConcurrentGCThread "G1 Young RemSet Sampling" [stack: 0x0000005eb9000000,0x0000005eb9100000] [id=2736]

Threads with active compile tasks:
C2 CompilerThread0  27732 11294   !   4       java.nio.file.FileTreeWalker::next (144 bytes)

VM state:not at safepoint (normal execution)

VM Mutex/Monitor currently owned by a thread: None

Heap address: 0x0000000080000000, size: 2048 MB, Compressed Oops mode: 32-bit
Narrow klass base: 0x0000000000000000, Narrow klass shift: 3
Compressed class space size: 1073741824 Address: 0x0000000100000000

Heap:
 garbage-first heap   total 189440K, used 81211K [0x0000000080000000, 0x0000000100000000)
  region size 1024K, 6 young (6144K), 4 survivors (4096K)
 Metaspace       used 93180K, capacity 95388K, committed 95692K, reserved 1132544K
  class space    used 11660K, capacity 12433K, committed 12492K, reserved 1048576K
Heap Regions: E=young(eden), S=young(survivor), O=old, HS=humongous(starts), HC=humongous(continues), CS=collection set, F=free, A=archive, TAMS=top-at-mark-start (previous, next)
|   0|0x0000000080000000, 0x0000000080100000, 0x0000000080100000|100%|HS|  |TAMS 0x0000000080100000, 0x0000000080000000| Complete 
|   1|0x0000000080100000, 0x0000000080200000, 0x0000000080200000|100%|HC|  |TAMS 0x0000000080200000, 0x0000000080100000| Complete 
|   2|0x0000000080200000, 0x0000000080300000, 0x0000000080300000|100%|HC|  |TAMS 0x0000000080300000, 0x0000000080200000| Complete 
|   3|0x0000000080300000, 0x0000000080400000, 0x0000000080400000|100%| O|  |TAMS 0x0000000080400000, 0x0000000080300000| Untracked 
|   4|0x0000000080400000, 0x0000000080500000, 0x0000000080500000|100%| O|  |TAMS 0x0000000080500000, 0x0000000080400000| Untracked 
|   5|0x0000000080500000, 0x0000000080600000, 0x0000000080600000|100%| O|  |TAMS 0x0000000080600000, 0x0000000080500000| Untracked 
|   6|0x0000000080600000, 0x0000000080700000, 0x0000000080700000|100%| O|  |TAMS 0x0000000080700000, 0x0000000080600000| Untracked 
|   7|0x0000000080700000, 0x0000000080800000, 0x0000000080800000|100%| O|  |TAMS 0x0000000080800000, 0x0000000080700000| Untracked 
|   8|0x0000000080800000, 0x0000000080900000, 0x0000000080900000|100%| O|  |TAMS 0x0000000080900000, 0x0000000080800000| Untracked 
|   9|0x0000000080900000, 0x0000000080a00000, 0x0000000080a00000|100%| O|  |TAMS 0x0000000080a00000, 0x0000000080900000| Untracked 
|  10|0x0000000080a00000, 0x0000000080b00000, 0x0000000080b00000|100%| O|  |TAMS 0x0000000080b00000, 0x0000000080a00000| Untracked 
|  11|0x0000000080b00000, 0x0000000080c00000, 0x0000000080c00000|100%| O|  |TAMS 0x0000000080c00000, 0x0000000080b00000| Untracked 
|  12|0x0000000080c00000, 0x0000000080d00000, 0x0000000080d00000|100%| O|  |TAMS 0x0000000080d00000, 0x0000000080c00000| Untracked 
|  13|0x0000000080d00000, 0x0000000080e00000, 0x0000000080e00000|100%| O|  |TAMS 0x0000000080e00000, 0x0000000080d00000| Untracked 
|  14|0x0000000080e00000, 0x0000000080f00000, 0x0000000080f00000|100%| O|  |TAMS 0x0000000080f00000, 0x0000000080e00000| Untracked 
|  15|0x0000000080f00000, 0x0000000081000000, 0x0000000081000000|100%| O|  |TAMS 0x0000000081000000, 0x0000000080f00000| Untracked 
|  16|0x0000000081000000, 0x0000000081100000, 0x0000000081100000|100%| O|  |TAMS 0x0000000081100000, 0x0000000081000000| Untracked 
|  17|0x0000000081100000, 0x0000000081200000, 0x0000000081200000|100%| O|  |TAMS 0x0000000081200000, 0x0000000081100000| Untracked 
|  18|0x0000000081200000, 0x0000000081300000, 0x0000000081300000|100%| O|  |TAMS 0x0000000081300000, 0x0000000081200000| Untracked 
|  19|0x0000000081300000, 0x0000000081400000, 0x0000000081400000|100%|HS|  |TAMS 0x0000000081400000, 0x0000000081300000| Complete 
|  20|0x0000000081400000, 0x0000000081500000, 0x0000000081500000|100%| O|  |TAMS 0x0000000081500000, 0x0000000081400000| Untracked 
|  21|0x0000000081500000, 0x0000000081600000, 0x0000000081600000|100%| O|  |TAMS 0x0000000081600000, 0x0000000081500000| Untracked 
|  22|0x0000000081600000, 0x0000000081700000, 0x0000000081700000|100%| O|  |TAMS 0x0000000081700000, 0x0000000081600000| Untracked 
|  23|0x0000000081700000, 0x0000000081800000, 0x0000000081800000|100%| O|  |TAMS 0x0000000081800000, 0x0000000081700000| Untracked 
|  24|0x0000000081800000, 0x0000000081900000, 0x0000000081900000|100%| O|  |TAMS 0x0000000081900000, 0x0000000081800000| Untracked 
|  25|0x0000000081900000, 0x0000000081a00000, 0x0000000081a00000|100%| O|  |TAMS 0x0000000081a00000, 0x0000000081900000| Untracked 
|  26|0x0000000081a00000, 0x0000000081b00000, 0x0000000081b00000|100%| O|  |TAMS 0x0000000081b00000, 0x0000000081a00000| Untracked 
|  27|0x0000000081b00000, 0x0000000081c00000, 0x0000000081c00000|100%|HS|  |TAMS 0x0000000081c00000, 0x0000000081b00000| Complete 
|  28|0x0000000081c00000, 0x0000000081d00000, 0x0000000081d00000|100%|HS|  |TAMS 0x0000000081d00000, 0x0000000081c00000| Complete 
|  29|0x0000000081d00000, 0x0000000081e00000, 0x0000000081e00000|100%|HC|  |TAMS 0x0000000081e00000, 0x0000000081d00000| Complete 
|  30|0x0000000081e00000, 0x0000000081f00000, 0x0000000081f00000|100%| O|  |TAMS 0x0000000081f00000, 0x0000000081e00000| Untracked 
|  31|0x0000000081f00000, 0x0000000082000000, 0x0000000082000000|100%| O|  |TAMS 0x0000000082000000, 0x0000000081f00000| Untracked 
|  32|0x0000000082000000, 0x0000000082100000, 0x0000000082100000|100%| O|  |TAMS 0x0000000082100000, 0x0000000082000000| Untracked 
|  33|0x0000000082100000, 0x0000000082200000, 0x0000000082200000|100%| O|  |TAMS 0x0000000082200000, 0x0000000082100000| Untracked 
|  34|0x0000000082200000, 0x0000000082300000, 0x0000000082300000|100%| O|  |TAMS 0x0000000082300000, 0x0000000082200000| Untracked 
|  35|0x0000000082300000, 0x0000000082400000, 0x0000000082400000|100%| O|  |TAMS 0x0000000082400000, 0x0000000082300000| Untracked 
|  36|0x0000000082400000, 0x0000000082500000, 0x0000000082500000|100%| O|  |TAMS 0x0000000082500000, 0x0000000082400000| Untracked 
|  37|0x0000000082500000, 0x0000000082600000, 0x0000000082600000|100%| O|  |TAMS 0x0000000082600000, 0x0000000082500000| Untracked 
|  38|0x0000000082600000, 0x0000000082700000, 0x0000000082700000|100%| O|  |TAMS 0x0000000082700000, 0x0000000082600000| Untracked 
|  39|0x0000000082700000, 0x0000000082800000, 0x0000000082800000|100%| O|  |TAMS 0x0000000082800000, 0x0000000082700000| Untracked 
|  40|0x0000000082800000, 0x0000000082900000, 0x0000000082900000|100%| O|  |TAMS 0x0000000082900000, 0x0000000082800000| Untracked 
|  41|0x0000000082900000, 0x0000000082a00000, 0x0000000082a00000|100%| O|  |TAMS 0x0000000082a00000, 0x0000000082900000| Untracked 
|  42|0x0000000082a00000, 0x0000000082b00000, 0x0000000082b00000|100%| O|  |TAMS 0x0000000082b00000, 0x0000000082a00000| Untracked 
|  43|0x0000000082b00000, 0x0000000082c00000, 0x0000000082c00000|100%| O|  |TAMS 0x0000000082c00000, 0x0000000082b00000| Untracked 
|  44|0x0000000082c00000, 0x0000000082d00000, 0x0000000082d00000|100%| O|  |TAMS 0x0000000082d00000, 0x0000000082c00000| Untracked 
|  45|0x0000000082d00000, 0x0000000082e00000, 0x0000000082e00000|100%| O|  |TAMS 0x0000000082e00000, 0x0000000082d00000| Untracked 
|  46|0x0000000082e00000, 0x0000000082f00000, 0x0000000082f00000|100%| O|  |TAMS 0x0000000082f00000, 0x0000000082e00000| Untracked 
|  47|0x0000000082f00000, 0x0000000083000000, 0x0000000083000000|100%| O|  |TAMS 0x0000000083000000, 0x0000000082f00000| Untracked 
|  48|0x0000000083000000, 0x0000000083100000, 0x0000000083100000|100%| O|  |TAMS 0x0000000083100000, 0x0000000083000000| Untracked 
|  49|0x0000000083100000, 0x0000000083200000, 0x0000000083200000|100%| O|  |TAMS 0x0000000083200000, 0x0000000083100000| Untracked 
|  50|0x0000000083200000, 0x0000000083300000, 0x0000000083300000|100%| O|  |TAMS 0x0000000083300000, 0x0000000083200000| Untracked 
|  51|0x0000000083300000, 0x0000000083400000, 0x0000000083400000|100%| O|  |TAMS 0x0000000083400000, 0x0000000083300000| Untracked 
|  52|0x0000000083400000, 0x0000000083500000, 0x0000000083500000|100%| O|  |TAMS 0x0000000083500000, 0x0000000083400000| Untracked 
|  53|0x0000000083500000, 0x0000000083600000, 0x0000000083600000|100%| O|  |TAMS 0x0000000083600000, 0x0000000083500000| Untracked 
|  54|0x0000000083600000, 0x0000000083700000, 0x0000000083700000|100%| O|  |TAMS 0x0000000083700000, 0x0000000083600000| Untracked 
|  55|0x0000000083700000, 0x0000000083800000, 0x0000000083800000|100%| O|  |TAMS 0x0000000083800000, 0x0000000083700000| Untracked 
|  56|0x0000000083800000, 0x0000000083900000, 0x0000000083900000|100%| O|  |TAMS 0x0000000083900000, 0x0000000083800000| Untracked 
|  57|0x0000000083900000, 0x0000000083a00000, 0x0000000083a00000|100%| O|  |TAMS 0x0000000083a00000, 0x0000000083900000| Untracked 
|  58|0x0000000083a00000, 0x0000000083ae0a00, 0x0000000083b00000| 87%| O|  |TAMS 0x0000000083a00000, 0x0000000083a00000| Untracked 
|  59|0x0000000083b00000, 0x0000000083c00000, 0x0000000083c00000|100%| O|  |TAMS 0x0000000083c00000, 0x0000000083b00000| Untracked 
|  60|0x0000000083c00000, 0x0000000083d00000, 0x0000000083d00000|100%| O|  |TAMS 0x0000000083d00000, 0x0000000083c00000| Untracked 
|  61|0x0000000083d00000, 0x0000000083e00000, 0x0000000083e00000|100%| O|  |TAMS 0x0000000083e00000, 0x0000000083d00000| Untracked 
|  62|0x0000000083e00000, 0x0000000083f00000, 0x0000000083f00000|100%| O|  |TAMS 0x0000000083f00000, 0x0000000083e00000| Untracked 
|  63|0x0000000083f00000, 0x0000000084000000, 0x0000000084000000|100%| O|  |TAMS 0x0000000084000000, 0x0000000083f00000| Untracked 
|  64|0x0000000084000000, 0x0000000084000000, 0x0000000084100000|  0%| F|  |TAMS 0x0000000084000000, 0x0000000084000000| Untracked 
|  65|0x0000000084100000, 0x0000000084100000, 0x0000000084200000|  0%| F|  |TAMS 0x0000000084100000, 0x0000000084100000| Untracked 
|  66|0x0000000084200000, 0x0000000084200000, 0x0000000084300000|  0%| F|  |TAMS 0x0000000084200000, 0x0000000084200000| Untracked 
|  67|0x0000000084300000, 0x0000000084300000, 0x0000000084400000|  0%| F|  |TAMS 0x0000000084300000, 0x0000000084300000| Untracked 
|  68|0x0000000084400000, 0x0000000084400000, 0x0000000084500000|  0%| F|  |TAMS 0x0000000084400000, 0x0000000084400000| Untracked 
|  69|0x0000000084500000, 0x0000000084500000, 0x0000000084600000|  0%| F|  |TAMS 0x0000000084500000, 0x0000000084500000| Untracked 
|  70|0x0000000084600000, 0x0000000084600000, 0x0000000084700000|  0%| F|  |TAMS 0x0000000084600000, 0x0000000084600000| Untracked 
|  71|0x0000000084700000, 0x0000000084700000, 0x0000000084800000|  0%| F|  |TAMS 0x0000000084700000, 0x0000000084700000| Untracked 
|  72|0x0000000084800000, 0x0000000084800000, 0x0000000084900000|  0%| F|  |TAMS 0x0000000084800000, 0x0000000084800000| Untracked 
|  73|0x0000000084900000, 0x0000000084900000, 0x0000000084a00000|  0%| F|  |TAMS 0x0000000084900000, 0x0000000084900000| Untracked 
|  74|0x0000000084a00000, 0x0000000084a00000, 0x0000000084b00000|  0%| F|  |TAMS 0x0000000084a00000, 0x0000000084a00000| Untracked 
|  75|0x0000000084b00000, 0x0000000084b00000, 0x0000000084c00000|  0%| F|  |TAMS 0x0000000084b00000, 0x0000000084b00000| Untracked 
|  76|0x0000000084c00000, 0x0000000084c00000, 0x0000000084d00000|  0%| F|  |TAMS 0x0000000084c00000, 0x0000000084c00000| Untracked 
|  77|0x0000000084d00000, 0x0000000084d00000, 0x0000000084e00000|  0%| F|  |TAMS 0x0000000084d00000, 0x0000000084d00000| Untracked 
|  78|0x0000000084e00000, 0x0000000084e00000, 0x0000000084f00000|  0%| F|  |TAMS 0x0000000084e00000, 0x0000000084e00000| Untracked 
|  79|0x0000000084f00000, 0x0000000085000000, 0x0000000085000000|100%| O|  |TAMS 0x0000000085000000, 0x0000000084f00000| Untracked 
|  80|0x0000000085000000, 0x0000000085000000, 0x0000000085100000|  0%| F|  |TAMS 0x0000000085000000, 0x0000000085000000| Untracked 
|  81|0x0000000085100000, 0x0000000085200000, 0x0000000085200000|100%| O|  |TAMS 0x0000000085200000, 0x0000000085100000| Untracked 
|  82|0x0000000085200000, 0x0000000085300000, 0x0000000085300000|100%| O|  |TAMS 0x0000000085300000, 0x0000000085200000| Untracked 
|  83|0x0000000085300000, 0x0000000085400000, 0x0000000085400000|100%| O|  |TAMS 0x0000000085400000, 0x0000000085300000| Untracked 
|  84|0x0000000085400000, 0x0000000085500000, 0x0000000085500000|100%| O|  |TAMS 0x0000000085500000, 0x0000000085400000| Untracked 
|  85|0x0000000085500000, 0x0000000085500000, 0x0000000085600000|  0%| F|  |TAMS 0x0000000085500000, 0x0000000085500000| Untracked 
|  86|0x0000000085600000, 0x0000000085600000, 0x0000000085700000|  0%| F|  |TAMS 0x0000000085600000, 0x0000000085600000| Untracked 
|  87|0x0000000085700000, 0x0000000085800000, 0x0000000085800000|100%| O|  |TAMS 0x0000000085800000, 0x0000000085700000| Untracked 
|  88|0x0000000085800000, 0x0000000085900000, 0x0000000085900000|100%| O|  |TAMS 0x0000000085900000, 0x0000000085800000| Untracked 
|  89|0x0000000085900000, 0x0000000085a00000, 0x0000000085a00000|100%| O|  |TAMS 0x0000000085a00000, 0x0000000085900000| Untracked 
|  90|0x0000000085a00000, 0x0000000085b00000, 0x0000000085b00000|100%| O|  |TAMS 0x0000000085b00000, 0x0000000085a00000| Untracked 
|  91|0x0000000085b00000, 0x0000000085c00000, 0x0000000085c00000|100%| O|  |TAMS 0x0000000085b4b400, 0x0000000085b00000| Untracked 
|  92|0x0000000085c00000, 0x0000000085c00000, 0x0000000085d00000|  0%| F|  |TAMS 0x0000000085c00000, 0x0000000085c00000| Untracked 
|  93|0x0000000085d00000, 0x0000000085d00000, 0x0000000085e00000|  0%| F|  |TAMS 0x0000000085d00000, 0x0000000085d00000| Untracked 
|  94|0x0000000085e00000, 0x0000000085e00000, 0x0000000085f00000|  0%| F|  |TAMS 0x0000000085e00000, 0x0000000085e00000| Untracked 
|  95|0x0000000085f00000, 0x0000000085f00000, 0x0000000086000000|  0%| F|  |TAMS 0x0000000085f00000, 0x0000000085f00000| Untracked 
|  96|0x0000000086000000, 0x0000000086000000, 0x0000000086100000|  0%| F|  |TAMS 0x0000000086000000, 0x0000000086000000| Untracked 
|  97|0x0000000086100000, 0x0000000086100000, 0x0000000086200000|  0%| F|  |TAMS 0x0000000086100000, 0x0000000086100000| Untracked 
|  98|0x0000000086200000, 0x0000000086200000, 0x0000000086300000|  0%| F|  |TAMS 0x0000000086200000, 0x0000000086200000| Untracked 
|  99|0x0000000086300000, 0x0000000086300000, 0x0000000086400000|  0%| F|  |TAMS 0x0000000086300000, 0x0000000086300000| Untracked 
| 100|0x0000000086400000, 0x0000000086400000, 0x0000000086500000|  0%| F|  |TAMS 0x0000000086400000, 0x0000000086400000| Untracked 
| 101|0x0000000086500000, 0x0000000086500000, 0x0000000086600000|  0%| F|  |TAMS 0x0000000086500000, 0x0000000086500000| Untracked 
| 102|0x0000000086600000, 0x0000000086600000, 0x0000000086700000|  0%| F|  |TAMS 0x0000000086600000, 0x0000000086600000| Untracked 
| 103|0x0000000086700000, 0x0000000086700000, 0x0000000086800000|  0%| F|  |TAMS 0x0000000086700000, 0x0000000086700000| Untracked 
| 104|0x0000000086800000, 0x0000000086900000, 0x0000000086900000|100%| O|  |TAMS 0x0000000086900000, 0x0000000086800000| Untracked 
| 105|0x0000000086900000, 0x0000000086900000, 0x0000000086a00000|  0%| F|  |TAMS 0x0000000086900000, 0x0000000086900000| Untracked 
| 106|0x0000000086a00000, 0x0000000086a00000, 0x0000000086b00000|  0%| F|  |TAMS 0x0000000086a00000, 0x0000000086a00000| Untracked 
| 107|0x0000000086b00000, 0x0000000086b00000, 0x0000000086c00000|  0%| F|  |TAMS 0x0000000086b00000, 0x0000000086b00000| Untracked 
| 108|0x0000000086c00000, 0x0000000086c00000, 0x0000000086d00000|  0%| F|  |TAMS 0x0000000086c00000, 0x0000000086c00000| Untracked 
| 109|0x0000000086d00000, 0x0000000086d00000, 0x0000000086e00000|  0%| F|  |TAMS 0x0000000086d00000, 0x0000000086d00000| Untracked 
| 110|0x0000000086e00000, 0x0000000086e00000, 0x0000000086f00000|  0%| F|  |TAMS 0x0000000086e00000, 0x0000000086e00000| Untracked 
| 111|0x0000000086f00000, 0x0000000086f00000, 0x0000000087000000|  0%| F|  |TAMS 0x0000000086f00000, 0x0000000086f00000| Untracked 
| 112|0x0000000087000000, 0x0000000087000000, 0x0000000087100000|  0%| F|  |TAMS 0x0000000087000000, 0x0000000087000000| Untracked 
| 113|0x0000000087100000, 0x0000000087100000, 0x0000000087200000|  0%| F|  |TAMS 0x0000000087100000, 0x0000000087100000| Untracked 
| 114|0x0000000087200000, 0x0000000087200000, 0x0000000087300000|  0%| F|  |TAMS 0x0000000087200000, 0x0000000087200000| Untracked 
| 115|0x0000000087300000, 0x0000000087300000, 0x0000000087400000|  0%| F|  |TAMS 0x0000000087300000, 0x0000000087300000| Untracked 
| 116|0x0000000087400000, 0x0000000087400000, 0x0000000087500000|  0%| F|  |TAMS 0x0000000087400000, 0x0000000087400000| Untracked 
| 117|0x0000000087500000, 0x0000000087500000, 0x0000000087600000|  0%| F|  |TAMS 0x0000000087500000, 0x0000000087500000| Untracked 
| 118|0x0000000087600000, 0x0000000087600000, 0x0000000087700000|  0%| F|  |TAMS 0x0000000087600000, 0x0000000087600000| Untracked 
| 119|0x0000000087700000, 0x0000000087700000, 0x0000000087800000|  0%| F|  |TAMS 0x0000000087700000, 0x0000000087700000| Untracked 
| 120|0x0000000087800000, 0x0000000087800000, 0x0000000087900000|  0%| F|  |TAMS 0x0000000087800000, 0x0000000087800000| Untracked 
| 121|0x0000000087900000, 0x0000000087900000, 0x0000000087a00000|  0%| F|  |TAMS 0x0000000087900000, 0x0000000087900000| Untracked 
| 122|0x0000000087a00000, 0x0000000087a00000, 0x0000000087b00000|  0%| F|  |TAMS 0x0000000087a00000, 0x0000000087a00000| Untracked 
| 123|0x0000000087b00000, 0x0000000087b00000, 0x0000000087c00000|  0%| F|  |TAMS 0x0000000087b00000, 0x0000000087b00000| Untracked 
| 124|0x0000000087c00000, 0x0000000087c00000, 0x0000000087d00000|  0%| F|  |TAMS 0x0000000087c00000, 0x0000000087c00000| Untracked 
| 125|0x0000000087d00000, 0x0000000087d00000, 0x0000000087e00000|  0%| F|  |TAMS 0x0000000087d00000, 0x0000000087d00000| Untracked 
| 126|0x0000000087e00000, 0x0000000087e00000, 0x0000000087f00000|  0%| F|  |TAMS 0x0000000087e00000, 0x0000000087e00000| Untracked 
| 127|0x0000000087f00000, 0x0000000087f00000, 0x0000000088000000|  0%| F|  |TAMS 0x0000000087f00000, 0x0000000087f00000| Untracked 
| 128|0x0000000088000000, 0x000000008806e420, 0x0000000088100000| 43%| S|CS|TAMS 0x0000000088000000, 0x0000000088000000| Complete 
| 129|0x0000000088100000, 0x0000000088200000, 0x0000000088200000|100%| S|CS|TAMS 0x0000000088100000, 0x0000000088100000| Complete 
| 130|0x0000000088200000, 0x0000000088300000, 0x0000000088300000|100%| S|CS|TAMS 0x0000000088200000, 0x0000000088200000| Complete 
| 131|0x0000000088300000, 0x0000000088400000, 0x0000000088400000|100%| S|CS|TAMS 0x0000000088300000, 0x0000000088300000| Complete 
| 132|0x0000000088400000, 0x0000000088400000, 0x0000000088500000|  0%| F|  |TAMS 0x0000000088400000, 0x0000000088400000| Untracked 
| 133|0x0000000088500000, 0x0000000088500000, 0x0000000088600000|  0%| F|  |TAMS 0x0000000088500000, 0x0000000088500000| Untracked 
| 134|0x0000000088600000, 0x0000000088600000, 0x0000000088700000|  0%| F|  |TAMS 0x0000000088600000, 0x0000000088600000| Untracked 
| 135|0x0000000088700000, 0x0000000088700000, 0x0000000088800000|  0%| F|  |TAMS 0x0000000088700000, 0x0000000088700000| Untracked 
| 136|0x0000000088800000, 0x0000000088800000, 0x0000000088900000|  0%| F|  |TAMS 0x0000000088800000, 0x0000000088800000| Untracked 
| 137|0x0000000088900000, 0x0000000088900000, 0x0000000088a00000|  0%| F|  |TAMS 0x0000000088900000, 0x0000000088900000| Untracked 
| 138|0x0000000088a00000, 0x0000000088a00000, 0x0000000088b00000|  0%| F|  |TAMS 0x0000000088a00000, 0x0000000088a00000| Untracked 
| 139|0x0000000088b00000, 0x0000000088b00000, 0x0000000088c00000|  0%| F|  |TAMS 0x0000000088b00000, 0x0000000088b00000| Untracked 
| 140|0x0000000088c00000, 0x0000000088c00000, 0x0000000088d00000|  0%| F|  |TAMS 0x0000000088c00000, 0x0000000088c00000| Untracked 
| 141|0x0000000088d00000, 0x0000000088d00000, 0x0000000088e00000|  0%| F|  |TAMS 0x0000000088d00000, 0x0000000088d00000| Untracked 
| 142|0x0000000088e00000, 0x0000000088e00000, 0x0000000088f00000|  0%| F|  |TAMS 0x0000000088e00000, 0x0000000088e00000| Untracked 
| 143|0x0000000088f00000, 0x0000000088f00000, 0x0000000089000000|  0%| F|  |TAMS 0x0000000088f00000, 0x0000000088f00000| Untracked 
| 144|0x0000000089000000, 0x0000000089000000, 0x0000000089100000|  0%| F|  |TAMS 0x0000000089000000, 0x0000000089000000| Untracked 
| 145|0x0000000089100000, 0x0000000089100000, 0x0000000089200000|  0%| F|  |TAMS 0x0000000089100000, 0x0000000089100000| Untracked 
| 146|0x0000000089200000, 0x0000000089200000, 0x0000000089300000|  0%| F|  |TAMS 0x0000000089200000, 0x0000000089200000| Untracked 
| 147|0x0000000089300000, 0x0000000089300000, 0x0000000089400000|  0%| F|  |TAMS 0x0000000089300000, 0x0000000089300000| Untracked 
| 148|0x0000000089400000, 0x0000000089400000, 0x0000000089500000|  0%| F|  |TAMS 0x0000000089400000, 0x0000000089400000| Untracked 
| 149|0x0000000089500000, 0x0000000089500000, 0x0000000089600000|  0%| F|  |TAMS 0x0000000089500000, 0x0000000089500000| Untracked 
| 150|0x0000000089600000, 0x0000000089600000, 0x0000000089700000|  0%| F|  |TAMS 0x0000000089600000, 0x0000000089600000| Untracked 
| 151|0x0000000089700000, 0x0000000089700000, 0x0000000089800000|  0%| F|  |TAMS 0x0000000089700000, 0x0000000089700000| Untracked 
| 152|0x0000000089800000, 0x0000000089800000, 0x0000000089900000|  0%| F|  |TAMS 0x0000000089800000, 0x0000000089800000| Untracked 
| 153|0x0000000089900000, 0x0000000089900000, 0x0000000089a00000|  0%| F|  |TAMS 0x0000000089900000, 0x0000000089900000| Untracked 
| 154|0x0000000089a00000, 0x0000000089a00000, 0x0000000089b00000|  0%| F|  |TAMS 0x0000000089a00000, 0x0000000089a00000| Untracked 
| 155|0x0000000089b00000, 0x0000000089b00000, 0x0000000089c00000|  0%| F|  |TAMS 0x0000000089b00000, 0x0000000089b00000| Untracked 
| 156|0x0000000089c00000, 0x0000000089c00000, 0x0000000089d00000|  0%| F|  |TAMS 0x0000000089c00000, 0x0000000089c00000| Untracked 
| 157|0x0000000089d00000, 0x0000000089d00000, 0x0000000089e00000|  0%| F|  |TAMS 0x0000000089d00000, 0x0000000089d00000| Untracked 
| 158|0x0000000089e00000, 0x0000000089e00000, 0x0000000089f00000|  0%| F|  |TAMS 0x0000000089e00000, 0x0000000089e00000| Untracked 
| 159|0x0000000089f00000, 0x0000000089f00000, 0x000000008a000000|  0%| F|  |TAMS 0x0000000089f00000, 0x0000000089f00000| Untracked 
| 160|0x000000008a000000, 0x000000008a000000, 0x000000008a100000|  0%| F|  |TAMS 0x000000008a000000, 0x000000008a000000| Untracked 
| 161|0x000000008a100000, 0x000000008a100000, 0x000000008a200000|  0%| F|  |TAMS 0x000000008a100000, 0x000000008a100000| Untracked 
| 162|0x000000008a200000, 0x000000008a200000, 0x000000008a300000|  0%| F|  |TAMS 0x000000008a200000, 0x000000008a200000| Untracked 
| 163|0x000000008a300000, 0x000000008a300000, 0x000000008a400000|  0%| F|  |TAMS 0x000000008a300000, 0x000000008a300000| Untracked 
| 164|0x000000008a400000, 0x000000008a400000, 0x000000008a500000|  0%| F|  |TAMS 0x000000008a400000, 0x000000008a400000| Untracked 
| 165|0x000000008a500000, 0x000000008a500000, 0x000000008a600000|  0%| F|  |TAMS 0x000000008a500000, 0x000000008a500000| Untracked 
| 166|0x000000008a600000, 0x000000008a600000, 0x000000008a700000|  0%| F|  |TAMS 0x000000008a600000, 0x000000008a600000| Untracked 
| 167|0x000000008a700000, 0x000000008a700000, 0x000000008a800000|  0%| F|  |TAMS 0x000000008a700000, 0x000000008a700000| Untracked 
| 168|0x000000008a800000, 0x000000008a800000, 0x000000008a900000|  0%| F|  |TAMS 0x000000008a800000, 0x000000008a800000| Untracked 
| 169|0x000000008a900000, 0x000000008a900000, 0x000000008aa00000|  0%| F|  |TAMS 0x000000008a900000, 0x000000008a900000| Untracked 
| 170|0x000000008aa00000, 0x000000008aa00000, 0x000000008ab00000|  0%| F|  |TAMS 0x000000008aa00000, 0x000000008aa00000| Untracked 
| 171|0x000000008ab00000, 0x000000008ab00000, 0x000000008ac00000|  0%| F|  |TAMS 0x000000008ab00000, 0x000000008ab00000| Untracked 
| 172|0x000000008ac00000, 0x000000008ac00000, 0x000000008ad00000|  0%| F|  |TAMS 0x000000008ac00000, 0x000000008ac00000| Untracked 
| 173|0x000000008ad00000, 0x000000008ad00000, 0x000000008ae00000|  0%| F|  |TAMS 0x000000008ad00000, 0x000000008ad00000| Untracked 
| 174|0x000000008ae00000, 0x000000008ae00000, 0x000000008af00000|  0%| F|  |TAMS 0x000000008ae00000, 0x000000008ae00000| Untracked 
| 175|0x000000008af00000, 0x000000008af00000, 0x000000008b000000|  0%| F|  |TAMS 0x000000008af00000, 0x000000008af00000| Untracked 
| 176|0x000000008b000000, 0x000000008b000000, 0x000000008b100000|  0%| F|  |TAMS 0x000000008b000000, 0x000000008b000000| Untracked 
| 177|0x000000008b100000, 0x000000008b100000, 0x000000008b200000|  0%| F|  |TAMS 0x000000008b100000, 0x000000008b100000| Untracked 
| 178|0x000000008b200000, 0x000000008b200000, 0x000000008b300000|  0%| F|  |TAMS 0x000000008b200000, 0x000000008b200000| Untracked 
| 179|0x000000008b300000, 0x000000008b300000, 0x000000008b400000|  0%| F|  |TAMS 0x000000008b300000, 0x000000008b300000| Untracked 
| 180|0x000000008b400000, 0x000000008b400000, 0x000000008b500000|  0%| F|  |TAMS 0x000000008b400000, 0x000000008b400000| Untracked 
| 181|0x000000008b500000, 0x000000008b500000, 0x000000008b600000|  0%| F|  |TAMS 0x000000008b500000, 0x000000008b500000| Untracked 
| 182|0x000000008b600000, 0x000000008b600000, 0x000000008b700000|  0%| F|  |TAMS 0x000000008b600000, 0x000000008b600000| Untracked 
| 183|0x000000008b700000, 0x000000008b7cb970, 0x000000008b800000| 79%| E|  |TAMS 0x000000008b700000, 0x000000008b700000| Complete 
| 184|0x000000008b800000, 0x000000008b900000, 0x000000008b900000|100%| E|CS|TAMS 0x000000008b800000, 0x000000008b800000| Complete 

Card table byte_map: [0x000001d3c1b10000,0x000001d3c1f10000] _byte_map_base: 0x000001d3c1710000

Marking Bits (Prev, Next): (CMBitMap*) 0x000001d3ae62cf60, (CMBitMap*) 0x000001d3ae62cf28
 Prev Bits: [0x000001d3c4310000, 0x000001d3c6310000)
 Next Bits: [0x000001d3c2310000, 0x000001d3c4310000)

Polling page: 0x000001d3acc50000

Metaspace:

Usage:
  Non-class:     81.01 MB capacity,    79.65 MB ( 98%) used,     1.12 MB (  1%) free+waste,   247.31 KB ( <1%) overhead. 
      Class:     12.14 MB capacity,    11.39 MB ( 94%) used,   658.48 KB (  5%) free+waste,   110.81 KB ( <1%) overhead. 
       Both:     93.15 MB capacity,    91.04 MB ( 98%) used,     1.76 MB (  2%) free+waste,   358.13 KB ( <1%) overhead. 

Virtual space:
  Non-class space:       82.00 MB reserved,      81.25 MB (>99%) committed 
      Class space:        1.00 GB reserved,      12.20 MB (  1%) committed 
             Both:        1.08 GB reserved,      93.45 MB (  8%) committed 

Chunk freelists:
   Non-Class:  53.00 KB
       Class:  15.00 KB
        Both:  68.00 KB

MaxMetaspaceSize: 17179869184.00 GB
CompressedClassSpaceSize: 1.00 GB

CodeHeap 'non-profiled nmethods': size=120064Kb used=5652Kb max_used=5652Kb free=114411Kb
 bounds [0x000001d3b9ba0000, 0x000001d3ba130000, 0x000001d3c10e0000]
CodeHeap 'profiled nmethods': size=120000Kb used=23488Kb max_used=23488Kb free=96511Kb
 bounds [0x000001d3b2670000, 0x000001d3b3d70000, 0x000001d3b9ba0000]
CodeHeap 'non-nmethods': size=5696Kb used=2362Kb max_used=2393Kb free=3334Kb
 bounds [0x000001d3b20e0000, 0x000001d3b2350000, 0x000001d3b2670000]
 total_blobs=12520 nmethods=11517 adapters=914
 compilation: enabled
              stopped_count=0, restarted_count=0
 full_count=0

Compilation events (20 events):
Event: 27.534 Thread 0x000001d3c8923800 11357       2       org.gradle.internal.serialize.AbstractEncoder::writeBinary (13 bytes)
Event: 27.534 Thread 0x000001d3c8923800 nmethod 11357 0x000001d3b3ce8090 code [0x000001d3b3ce8260, 0x000001d3b3ce83d8]
Event: 27.534 Thread 0x000001d3c8923800 11353       2       org.gradle.internal.serialize.AbstractEncoder::writeBinary (9 bytes)
Event: 27.534 Thread 0x000001d3c8923800 nmethod 11353 0x000001d3b3ce8490 code [0x000001d3b3ce8660, 0x000001d3b3ce87d8]
Event: 27.534 Thread 0x000001d3c8923800 11359       2       org.gradle.internal.execution.history.impl.FileSystemSnapshotSerializer$1::visitEntry (19 bytes)
Event: 27.534 Thread 0x000001d3c8923800 nmethod 11359 0x000001d3b3ce8910 code [0x000001d3b3ce8ae0, 0x000001d3b3ce8cc8]
Event: 27.534 Thread 0x000001d3c8923800 11360       2       org.gradle.internal.execution.history.impl.FileSystemSnapshotSerializer$1$1::<init> (15 bytes)
Event: 27.534 Thread 0x000001d3c8923800 nmethod 11360 0x000001d3b3ce8d90 code [0x000001d3b3ce8f40, 0x000001d3b3ce9098]
Event: 27.534 Thread 0x000001d3c8923800 11362       2       org.gradle.internal.execution.history.impl.FileSystemSnapshotSerializer::access$200 (7 bytes)
Event: 27.534 Thread 0x000001d3c8923800 nmethod 11362 0x000001d3b3ce9110 code [0x000001d3b3ce92e0, 0x000001d3b3ce9468]
Event: 27.534 Thread 0x000001d3c8923800 11363       2       org.gradle.internal.execution.history.impl.FileSystemSnapshotSerializer::writePath (26 bytes)
Event: 27.535 Thread 0x000001d3c8923800 nmethod 11363 0x000001d3b3ce9590 code [0x000001d3b3ce9760, 0x000001d3b3ce98e8]
Event: 27.535 Thread 0x000001d3c8923800 11364       2       org.gradle.internal.execution.history.impl.FileSystemSnapshotSerializer::access$300 (6 bytes)
Event: 27.535 Thread 0x000001d3c8923800 nmethod 11364 0x000001d3b3ce9a10 code [0x000001d3b3ce9bc0, 0x000001d3b3ce9cc8]
Event: 27.535 Thread 0x000001d3c8923800 11365       2       org.gradle.internal.execution.history.impl.FileSystemSnapshotSerializer::writeAccessType (12 bytes)
Event: 27.535 Thread 0x000001d3c8923800 nmethod 11365 0x000001d3b3ce9d90 code [0x000001d3b3ce9f40, 0x000001d3b3cea048]
Event: 27.535 Thread 0x000001d3c8923800 11366       2       org.gradle.internal.execution.history.impl.FileSystemSnapshotSerializer::access$400 (6 bytes)
Event: 27.535 Thread 0x000001d3c8923800 nmethod 11366 0x000001d3b3cea110 code [0x000001d3b3cea2e0, 0x000001d3b3cea4e8]
Event: 27.535 Thread 0x000001d3c8923800 11358       1       org.gradle.internal.MutableReference::set (6 bytes)
Event: 27.535 Thread 0x000001d3c8923800 nmethod 11358 0x000001d3ba115d90 code [0x000001d3ba115f40, 0x000001d3ba116038]

GC Heap History (20 events):
Event: 25.378 GC heap before
{Heap before GC invocations=30 (full 0):
 garbage-first heap   total 131072K, used 105911K [0x0000000080000000, 0x0000000100000000)
  region size 1024K, 20 young (20480K), 3 survivors (3072K)
 Metaspace       used 84409K, capacity 86487K, committed 86732K, reserved 1124352K
  class space    used 10820K, capacity 11592K, committed 11724K, reserved 1048576K
}
Event: 25.382 GC heap after
{Heap after GC invocations=31 (full 0):
 garbage-first heap   total 131072K, used 89145K [0x0000000080000000, 0x0000000100000000)
  region size 1024K, 1 young (1024K), 1 survivors (1024K)
 Metaspace       used 84409K, capacity 86487K, committed 86732K, reserved 1124352K
  class space    used 10820K, capacity 11592K, committed 11724K, reserved 1048576K
}
Event: 25.541 GC heap before
{Heap before GC invocations=31 (full 0):
 garbage-first heap   total 131072K, used 105529K [0x0000000080000000, 0x0000000100000000)
  region size 1024K, 18 young (18432K), 1 survivors (1024K)
 Metaspace       used 84414K, capacity 86487K, committed 86732K, reserved 1124352K
  class space    used 10820K, capacity 11592K, committed 11724K, reserved 1048576K
}
Event: 25.542 GC heap after
{Heap after GC invocations=32 (full 0):
 garbage-first heap   total 131072K, used 87765K [0x0000000080000000, 0x0000000100000000)
  region size 1024K, 1 young (1024K), 1 survivors (1024K)
 Metaspace       used 84414K, capacity 86487K, committed 86732K, reserved 1124352K
  class space    used 10820K, capacity 11592K, committed 11724K, reserved 1048576K
}
Event: 25.584 GC heap before
{Heap before GC invocations=32 (full 0):
 garbage-first heap   total 131072K, used 106197K [0x0000000080000000, 0x0000000100000000)
  region size 1024K, 19 young (19456K), 1 survivors (1024K)
 Metaspace       used 84415K, capacity 86487K, committed 86732K, reserved 1124352K
  class space    used 10820K, capacity 11592K, committed 11724K, reserved 1048576K
}
Event: 25.584 GC heap after
{Heap after GC invocations=33 (full 0):
 garbage-first heap   total 131072K, used 87740K [0x0000000080000000, 0x0000000100000000)
  region size 1024K, 1 young (1024K), 1 survivors (1024K)
 Metaspace       used 84415K, capacity 86487K, committed 86732K, reserved 1124352K
  class space    used 10820K, capacity 11592K, committed 11724K, reserved 1048576K
}
Event: 25.708 GC heap before
{Heap before GC invocations=34 (full 0):
 garbage-first heap   total 131072K, used 106172K [0x0000000080000000, 0x0000000100000000)
  region size 1024K, 20 young (20480K), 1 survivors (1024K)
 Metaspace       used 84439K, capacity 86493K, committed 86732K, reserved 1124352K
  class space    used 10822K, capacity 11594K, committed 11724K, reserved 1048576K
}
Event: 25.712 GC heap after
{Heap after GC invocations=35 (full 0):
 garbage-first heap   total 131072K, used 91863K [0x0000000080000000, 0x0000000100000000)
  region size 1024K, 3 young (3072K), 3 survivors (3072K)
 Metaspace       used 84439K, capacity 86493K, committed 86732K, reserved 1124352K
  class space    used 10822K, capacity 11594K, committed 11724K, reserved 1048576K
}
Event: 25.873 GC heap before
{Heap before GC invocations=35 (full 0):
 garbage-first heap   total 131072K, used 124631K [0x0000000080000000, 0x0000000100000000)
  region size 1024K, 20 young (20480K), 3 survivors (3072K)
 Metaspace       used 84905K, capacity 87057K, committed 87244K, reserved 1124352K
  class space    used 10856K, capacity 11642K, committed 11724K, reserved 1048576K
}
Event: 25.879 GC heap after
{Heap after GC invocations=36 (full 0):
 garbage-first heap   total 157696K, used 93842K [0x0000000080000000, 0x0000000100000000)
  region size 1024K, 3 young (3072K), 3 survivors (3072K)
 Metaspace       used 84905K, capacity 87057K, committed 87244K, reserved 1124352K
  class space    used 10856K, capacity 11642K, committed 11724K, reserved 1048576K
}
Event: 26.122 GC heap before
{Heap before GC invocations=37 (full 0):
 garbage-first heap   total 157696K, used 118418K [0x0000000080000000, 0x0000000100000000)
  region size 1024K, 28 young (28672K), 3 survivors (3072K)
 Metaspace       used 88121K, capacity 90284K, committed 90572K, reserved 1128448K
  class space    used 11118K, capacity 11898K, committed 11980K, reserved 1048576K
}
Event: 26.127 GC heap after
{Heap after GC invocations=38 (full 0):
 garbage-first heap   total 157696K, used 96673K [0x0000000080000000, 0x0000000100000000)
  region size 1024K, 3 young (3072K), 3 survivors (3072K)
 Metaspace       used 88121K, capacity 90284K, committed 90572K, reserved 1128448K
  class space    used 11118K, capacity 11898K, committed 11980K, reserved 1048576K
}
Event: 26.242 GC heap before
{Heap before GC invocations=38 (full 0):
 garbage-first heap   total 157696K, used 122273K [0x0000000080000000, 0x0000000100000000)
  region size 1024K, 29 young (29696K), 3 survivors (3072K)
 Metaspace       used 88640K, capacity 90764K, committed 91084K, reserved 1128448K
  class space    used 11141K, capacity 11930K, committed 11980K, reserved 1048576K
}
Event: 26.247 GC heap after
{Heap after GC invocations=39 (full 0):
 garbage-first heap   total 157696K, used 100653K [0x0000000080000000, 0x0000000100000000)
  region size 1024K, 4 young (4096K), 4 survivors (4096K)
 Metaspace       used 88640K, capacity 90764K, committed 91084K, reserved 1128448K
  class space    used 11141K, capacity 11930K, committed 11980K, reserved 1048576K
}
Event: 26.404 GC heap before
{Heap before GC invocations=39 (full 0):
 garbage-first heap   total 157696K, used 113965K [0x0000000080000000, 0x0000000100000000)
  region size 1024K, 28 young (28672K), 4 survivors (4096K)
 Metaspace       used 88825K, capacity 90902K, committed 91084K, reserved 1128448K
  class space    used 11149K, capacity 11930K, committed 11980K, reserved 1048576K
}
Event: 26.407 GC heap after
{Heap after GC invocations=40 (full 0):
 garbage-first heap   total 157696K, used 87620K [0x0000000080000000, 0x0000000100000000)
  region size 1024K, 1 young (1024K), 1 survivors (1024K)
 Metaspace       used 88825K, capacity 90902K, committed 91084K, reserved 1128448K
  class space    used 11149K, capacity 11930K, committed 11980K, reserved 1048576K
}
Event: 26.908 GC heap before
{Heap before GC invocations=41 (full 0):
 garbage-first heap   total 157696K, used 118340K [0x0000000080000000, 0x0000000100000000)
  region size 1024K, 32 young (32768K), 1 survivors (1024K)
 Metaspace       used 89559K, capacity 91711K, committed 91980K, reserved 1128448K
  class space    used 11207K, capacity 12005K, committed 12108K, reserved 1048576K
}
Event: 26.913 GC heap after
{Heap after GC invocations=42 (full 0):
 garbage-first heap   total 189440K, used 87478K [0x0000000080000000, 0x0000000100000000)
  region size 1024K, 1 young (1024K), 1 survivors (1024K)
 Metaspace       used 89559K, capacity 91711K, committed 91980K, reserved 1128448K
  class space    used 11207K, capacity 12005K, committed 12108K, reserved 1048576K
}
Event: 27.034 GC heap before
{Heap before GC invocations=42 (full 0):
 garbage-first heap   total 189440K, used 95670K [0x0000000080000000, 0x0000000100000000)
  region size 1024K, 9 young (9216K), 1 survivors (1024K)
 Metaspace       used 90059K, capacity 92159K, committed 92236K, reserved 1130496K
  class space    used 11276K, capacity 12069K, committed 12108K, reserved 1048576K
}
Event: 27.036 GC heap after
{Heap after GC invocations=43 (full 0):
 garbage-first heap   total 189440K, used 77603K [0x0000000080000000, 0x0000000100000000)
  region size 1024K, 1 young (1024K), 1 survivors (1024K)
 Metaspace       used 90059K, capacity 92159K, committed 92236K, reserved 1130496K
  class space    used 11276K, capacity 12069K, committed 12108K, reserved 1048576K
}

Deoptimization events (20 events):
Event: 27.026 Thread 0x000001d3c92d7800 DEOPT PACKING pc=0x000001d3b3c7d98f sp=0x0000005ebaffe440
Event: 27.026 Thread 0x000001d3c92d7800 DEOPT UNPACKING pc=0x000001d3b21076ce sp=0x0000005ebaffd968 mode 0
Event: 27.237 Thread 0x000001d3c92d6800 Uncommon trap: trap_request=0xffffff4d fr.pc=0x000001d3ba108590 relative=0x00000000000002f0
Event: 27.237 Thread 0x000001d3c92d6800 Uncommon trap: reason=unstable_if action=reinterpret pc=0x000001d3ba108590 method=java.io.BufferedOutputStream.write([BII)V @ 35 c2
Event: 27.237 Thread 0x000001d3c92d6800 DEOPT PACKING pc=0x000001d3ba108590 sp=0x0000005ebadfe3e0
Event: 27.237 Thread 0x000001d3c92d6800 DEOPT UNPACKING pc=0x000001d3b21078af sp=0x0000005ebadfe388 mode 2
Event: 27.497 Thread 0x000001d3ca8f0800 DEOPT PACKING pc=0x000001d3b3935ee7 sp=0x0000005eba4f4780
Event: 27.497 Thread 0x000001d3ca8f0800 DEOPT UNPACKING pc=0x000001d3b21076ce sp=0x0000005eba4f3ca0 mode 0
Event: 27.526 Thread 0x000001d3d0e38000 Uncommon trap: trap_request=0xffffff4d fr.pc=0x000001d3b9e09034 relative=0x0000000000000234
Event: 27.526 Thread 0x000001d3d0e38000 Uncommon trap: reason=unstable_if action=reinterpret pc=0x000001d3b9e09034 method=com.esotericsoftware.kryo.io.Output.writeString(Ljava/lang/CharSequence;)V @ 50 c2
Event: 27.526 Thread 0x000001d3d0e38000 DEOPT PACKING pc=0x000001d3b9e09034 sp=0x0000005ebc3fdc00
Event: 27.526 Thread 0x000001d3d0e38000 DEOPT UNPACKING pc=0x000001d3b21078af sp=0x0000005ebc3fdb80 mode 2
Event: 27.527 Thread 0x000001d3d0e38000 DEOPT PACKING pc=0x000001d3b3ce4069 sp=0x0000005ebc3fdbe0
Event: 27.527 Thread 0x000001d3d0e38000 DEOPT UNPACKING pc=0x000001d3b21076ce sp=0x0000005ebc3fd080 mode 0
Event: 27.527 Thread 0x000001d3d0e38000 DEOPT PACKING pc=0x000001d3b3ce4069 sp=0x0000005ebc3fdbe0
Event: 27.527 Thread 0x000001d3d0e38000 DEOPT UNPACKING pc=0x000001d3b21076ce sp=0x0000005ebc3fd080 mode 0
Event: 27.528 Thread 0x000001d3d0e38000 DEOPT PACKING pc=0x000001d3b3ce4069 sp=0x0000005ebc3fdbe0
Event: 27.528 Thread 0x000001d3d0e38000 DEOPT UNPACKING pc=0x000001d3b21076ce sp=0x0000005ebc3fd080 mode 0
Event: 27.528 Thread 0x000001d3d0e38000 DEOPT PACKING pc=0x000001d3b3ce4069 sp=0x0000005ebc3fdbe0
Event: 27.528 Thread 0x000001d3d0e38000 DEOPT UNPACKING pc=0x000001d3b21076ce sp=0x0000005ebc3fd080 mode 0

Classes redefined (0 events):
No events

Internal exceptions (20 events):
Event: 24.288 Thread 0x000001d3caabf800 Exception <a 'java/lang/NoSuchMethodError'{0x00000000875af398}: <clinit>> (0x00000000875af398) thrown at [./src/hotspot/share/prims/jni.cpp, line 1362]
Event: 24.289 Thread 0x000001d3caabf800 Exception <a 'java/lang/NoSuchMethodError'{0x00000000875e11e8}: <clinit>> (0x00000000875e11e8) thrown at [./src/hotspot/share/prims/jni.cpp, line 1362]
Event: 24.290 Thread 0x000001d3caabf800 Exception <a 'java/lang/NoSuchMethodError'{0x00000000875e4650}: <clinit>> (0x00000000875e4650) thrown at [./src/hotspot/share/prims/jni.cpp, line 1362]
Event: 24.290 Thread 0x000001d3caabf800 Exception <a 'java/lang/NoSuchMethodError'{0x00000000875e72c0}: <clinit>> (0x00000000875e72c0) thrown at [./src/hotspot/share/prims/jni.cpp, line 1362]
Event: 24.290 Thread 0x000001d3caabf800 Exception <a 'java/lang/NoSuchMethodError'{0x00000000875ff7e0}: <clinit>> (0x00000000875ff7e0) thrown at [./src/hotspot/share/prims/jni.cpp, line 1362]
Event: 24.291 Thread 0x000001d3caabf800 Exception <a 'java/lang/NoSuchMethodError'{0x0000000087416fc8}: <clinit>> (0x0000000087416fc8) thrown at [./src/hotspot/share/prims/jni.cpp, line 1362]
Event: 24.292 Thread 0x000001d3caabf800 Exception <a 'java/lang/NoSuchMethodError'{0x0000000087438a60}: <clinit>> (0x0000000087438a60) thrown at [./src/hotspot/share/prims/jni.cpp, line 1362]
Event: 24.293 Thread 0x000001d3caabf800 Exception <a 'java/lang/NoSuchMethodError'{0x000000008744b758}: <clinit>> (0x000000008744b758) thrown at [./src/hotspot/share/prims/jni.cpp, line 1362]
Event: 24.311 Thread 0x000001d3caabf800 Exception <a 'java/lang/NoSuchMethodError'{0x00000000872c4190}: <clinit>> (0x00000000872c4190) thrown at [./src/hotspot/share/prims/jni.cpp, line 1362]
Event: 24.629 Thread 0x000001d3d0e33800 Exception <a 'java/lang/ClassNotFoundException'{0x0000000087f57538}: sun/awt/resources/spi/awtProvider> (0x0000000087f57538) thrown at [./src/hotspot/share/classfile/systemDictionary.cpp, line 231]
Event: 24.636 Thread 0x000001d3d0e33800 Exception <a 'java/io/FileNotFoundException'{0x0000000087ddf178}> (0x0000000087ddf178) thrown at [./src/hotspot/share/prims/jni.cpp, line 615]
Event: 24.636 Thread 0x000001d3d0e33800 Exception <a 'java/io/FileNotFoundException'{0x0000000087de3268}> (0x0000000087de3268) thrown at [./src/hotspot/share/prims/jni.cpp, line 615]
Event: 25.736 Thread 0x000001d3caabf800 Implicit null exception at 0x000001d3ba056cf7 to 0x000001d3ba05bea8
Event: 25.793 Thread 0x000001d3caabf800 Exception <a 'java/lang/NoSuchMethodError'{0x0000000087c90660}: <clinit>> (0x0000000087c90660) thrown at [./src/hotspot/share/prims/jni.cpp, line 1362]
Event: 25.805 Thread 0x000001d3caabf800 Exception <a 'java/lang/NoSuchMethodError'{0x0000000087a6c248}: <clinit>> (0x0000000087a6c248) thrown at [./src/hotspot/share/prims/jni.cpp, line 1362]
Event: 25.932 Thread 0x000001d3d0e35800 Implicit null exception at 0x000001d3b9f3bc28 to 0x000001d3b9f3c328
Event: 25.933 Thread 0x000001d3d0e35800 Implicit null exception at 0x000001d3b9f3bc28 to 0x000001d3b9f3c328
Event: 25.933 Thread 0x000001d3d0e35800 Implicit null exception at 0x000001d3b9f3bc28 to 0x000001d3b9f3c328
Event: 25.934 Thread 0x000001d3d0e35800 Implicit null exception at 0x000001d3b9f3bc28 to 0x000001d3b9f3c328
Event: 27.520 Thread 0x000001d3caabf800 Exception <a 'java/lang/NoSuchMethodError'{0x00000000896fb098}: 'void java.lang.invoke.DirectMethodHandle$Holder.invokeStatic(java.lang.Object, java.lang.Object, java.lang.Object, java.lang.Object, java.lang.Object, java.lang.Object, java.lang.Object)'> (0x00000000896fb098) thrown at [./src/hotspot/share/interpreter/linkResolver.cpp, line 773]

Events (20 events):
Event: 27.532 Executing VM operation: RevokeBias
Event: 27.532 Executing VM operation: RevokeBias done
Event: 27.533 loading class kotlin/reflect/jvm/internal/impl/metadata/deserialization/VersionRequirementTable
Event: 27.533 loading class kotlin/reflect/jvm/internal/impl/metadata/deserialization/VersionRequirementTable done
Event: 27.534 loading class org/gradle/cache/internal/btree/FreeListBlockStore$FreeListEntry
Event: 27.534 loading class org/gradle/cache/internal/btree/FreeListBlockStore$FreeListEntry done
Event: 27.536 loading class com/google/common/collect/ImmutableList$SerializedForm
Event: 27.536 loading class com/google/common/collect/ImmutableList$SerializedForm done
Event: 27.543 loading class kotlin/reflect/jvm/internal/impl/metadata/deserialization/VersionRequirementTable$Companion
Event: 27.543 loading class kotlin/reflect/jvm/internal/impl/metadata/deserialization/VersionRequirementTable$Companion done
Event: 27.544 loading class kotlin/reflect/jvm/internal/impl/serialization/deserialization/DeserializationContext
Event: 27.544 loading class kotlin/reflect/jvm/internal/impl/serialization/deserialization/DeserializationContext done
Event: 27.545 loading class kotlin/reflect/jvm/internal/impl/serialization/deserialization/TypeDeserializer
Event: 27.545 loading class kotlin/reflect/jvm/internal/impl/serialization/deserialization/TypeDeserializer done
Event: 27.547 loading class kotlin/reflect/jvm/internal/impl/serialization/deserialization/TypeDeserializer$classifierDescriptors$1
Event: 27.547 loading class kotlin/reflect/jvm/internal/impl/serialization/deserialization/TypeDeserializer$classifierDescriptors$1 done
Event: 27.547 loading class kotlin/reflect/jvm/internal/impl/serialization/deserialization/TypeDeserializer$typeAliasDescriptors$1
Event: 27.547 loading class kotlin/reflect/jvm/internal/impl/serialization/deserialization/TypeDeserializer$typeAliasDescriptors$1 done
Event: 27.548 loading class kotlin/reflect/jvm/internal/impl/serialization/deserialization/MemberDeserializer
Event: 27.548 loading class kotlin/reflect/jvm/internal/impl/serialization/deserialization/MemberDeserializer done


Dynamic libraries:
0x00007ff7d9c20000 - 0x00007ff7d9c2a000 	D:\android studio\jre\bin\java.exe
0x00007ff849930000 - 0x00007ff849b25000 	C:\WINDOWS\SYSTEM32\ntdll.dll
0x00007ff848600000 - 0x00007ff8486be000 	C:\WINDOWS\System32\KERNEL32.DLL
0x00007ff847190000 - 0x00007ff847459000 	C:\WINDOWS\System32\KERNELBASE.dll
0x00007ff847570000 - 0x00007ff847670000 	C:\WINDOWS\System32\ucrtbase.dll
0x00007ff81fa50000 - 0x00007ff81fa67000 	D:\android studio\jre\bin\VCRUNTIME140.dll
0x00007ff819d70000 - 0x00007ff819d89000 	D:\android studio\jre\bin\jli.dll
0x00007ff8496e0000 - 0x00007ff849881000 	C:\WINDOWS\System32\USER32.dll
0x00007ff847950000 - 0x00007ff847972000 	C:\WINDOWS\System32\win32u.dll
0x00007ff847fa0000 - 0x00007ff847fcb000 	C:\WINDOWS\System32\GDI32.dll
0x00007ff847460000 - 0x00007ff84756b000 	C:\WINDOWS\System32\gdi32full.dll
0x00007ff838d80000 - 0x00007ff83901a000 	C:\WINDOWS\WinSxS\amd64_microsoft.windows.common-controls_6595b64144ccf1df_6.0.19041.1110_none_60b5254171f9507e\COMCTL32.dll
0x00007ff847720000 - 0x00007ff8477bd000 	C:\WINDOWS\System32\msvcp_win.dll
0x00007ff8479a0000 - 0x00007ff847a3e000 	C:\WINDOWS\System32\msvcrt.dll
0x00007ff849440000 - 0x00007ff849470000 	C:\WINDOWS\System32\IMM32.DLL
0x00007ff812180000 - 0x00007ff81221d000 	D:\android studio\jre\bin\msvcp140.dll
0x00007fffcb0a0000 - 0x00007fffcbb6f000 	D:\android studio\jre\bin\server\jvm.dll
0x00007ff849620000 - 0x00007ff8496cc000 	C:\WINDOWS\System32\ADVAPI32.dll
0x00007ff8492f0000 - 0x00007ff84938b000 	C:\WINDOWS\System32\sechost.dll
0x00007ff848ed0000 - 0x00007ff848ffa000 	C:\WINDOWS\System32\RPCRT4.dll
0x00007ff8490d0000 - 0x00007ff8490d8000 	C:\WINDOWS\System32\PSAPI.DLL
0x00007ff846bd0000 - 0x00007ff846bda000 	C:\WINDOWS\SYSTEM32\VERSION.dll
0x00007ff830650000 - 0x00007ff830677000 	C:\WINDOWS\SYSTEM32\WINMM.dll
0x00007ff83fbe0000 - 0x00007ff83fbe9000 	C:\WINDOWS\SYSTEM32\WSOCK32.dll
0x00007ff849190000 - 0x00007ff8491fb000 	C:\WINDOWS\System32\ws2_32.DLL
0x00007ff845860000 - 0x00007ff845872000 	C:\WINDOWS\SYSTEM32\kernel.appcore.dll
0x00007ff836150000 - 0x00007ff836161000 	D:\android studio\jre\bin\verify.dll
0x00007ff845650000 - 0x00007ff845834000 	C:\WINDOWS\SYSTEM32\DBGHELP.DLL
0x00007ff839500000 - 0x00007ff83952c000 	C:\WINDOWS\SYSTEM32\dbgcore.DLL
0x00007ff847050000 - 0x00007ff8470d3000 	C:\WINDOWS\System32\bcryptPrimitives.dll
0x00007ff8324e0000 - 0x00007ff832509000 	D:\android studio\jre\bin\java.dll
0x00007ff83fa10000 - 0x00007ff83fa1b000 	D:\android studio\jre\bin\jimage.dll
0x00007ff835500000 - 0x00007ff835518000 	D:\android studio\jre\bin\zip.dll
0x00007ff848790000 - 0x00007ff848ecf000 	C:\WINDOWS\System32\SHELL32.dll
0x00007ff844d80000 - 0x00007ff845510000 	C:\WINDOWS\SYSTEM32\windows.storage.dll
0x00007ff847fd0000 - 0x00007ff848325000 	C:\WINDOWS\System32\combase.dll
0x00007ff846a30000 - 0x00007ff846a5c000 	C:\WINDOWS\SYSTEM32\Wldp.dll
0x00007ff8490e0000 - 0x00007ff84918d000 	C:\WINDOWS\System32\SHCORE.dll
0x00007ff849290000 - 0x00007ff8492e5000 	C:\WINDOWS\System32\shlwapi.dll
0x00007ff846f90000 - 0x00007ff846faf000 	C:\WINDOWS\SYSTEM32\profapi.dll
0x00007ff832440000 - 0x00007ff83245a000 	D:\android studio\jre\bin\net.dll
0x00007ff839ad0000 - 0x00007ff839bd8000 	C:\WINDOWS\SYSTEM32\WINHTTP.dll
0x00007ff846790000 - 0x00007ff8467fa000 	C:\WINDOWS\system32\mswsock.dll
0x00007ff830c10000 - 0x00007ff830c24000 	D:\android studio\jre\bin\nio.dll
0x00007ff828730000 - 0x00007ff828757000 	C:\Users\Jaime Serrano\.gradle\native\8bec1ad78214c89d9ad589b4d07fe93259594b29d510b10fafb7a158f7737e5d\windows-amd64\native-platform.dll
0x00007fffef330000 - 0x00007fffef46d000 	C:\Users\Jaime Serrano\.gradle\native\53dbd7edfb1c66fb8903c78663c9afc45aea4f116125fa6feffd364cf09443e8\windows-amd64\native-platform-file-events.dll
0x00007ff83e440000 - 0x00007ff83e44a000 	D:\android studio\jre\bin\management.dll
0x00007ff83a850000 - 0x00007ff83a85c000 	D:\android studio\jre\bin\management_ext.dll
0x00007ff846980000 - 0x00007ff846998000 	C:\WINDOWS\SYSTEM32\CRYPTSP.dll
0x00007ff8460a0000 - 0x00007ff8460d4000 	C:\WINDOWS\system32\rsaenh.dll
0x00007ff847920000 - 0x00007ff847947000 	C:\WINDOWS\System32\bcrypt.dll
0x00007ff846f10000 - 0x00007ff846f3e000 	C:\WINDOWS\SYSTEM32\USERENV.dll
0x00007ff8469a0000 - 0x00007ff8469ac000 	C:\WINDOWS\SYSTEM32\CRYPTBASE.dll
0x00007ff846430000 - 0x00007ff84646b000 	C:\WINDOWS\SYSTEM32\IPHLPAPI.DLL
0x00007ff8496d0000 - 0x00007ff8496d8000 	C:\WINDOWS\System32\NSI.dll
0x00007ff839760000 - 0x00007ff839777000 	C:\WINDOWS\SYSTEM32\dhcpcsvc6.DLL
0x00007ff839720000 - 0x00007ff83973d000 	C:\WINDOWS\SYSTEM32\dhcpcsvc.DLL
0x00007ff846470000 - 0x00007ff84653c000 	C:\WINDOWS\SYSTEM32\DNSAPI.dll
0x00007ffff6ee0000 - 0x00007ffff7084000 	D:\android studio\jre\bin\awt.dll
0x00007ff8486c0000 - 0x00007ff84878d000 	C:\WINDOWS\System32\OLEAUT32.dll
0x00007ff8448b0000 - 0x00007ff8448df000 	C:\WINDOWS\SYSTEM32\dwmapi.dll
0x00007ff844590000 - 0x00007ff844620000 	C:\WINDOWS\SYSTEM32\apphelp.dll
0x00007ff8446c0000 - 0x00007ff84475e000 	C:\WINDOWS\system32\uxtheme.dll

dbghelp: loaded successfully - version: 4.0.5 - missing functions: none
symbol engine: initialized successfully - sym options: 0x614 - pdb path: .;D:\android studio\jre\bin;C:\WINDOWS\SYSTEM32;C:\WINDOWS\WinSxS\amd64_microsoft.windows.common-controls_6595b64144ccf1df_6.0.19041.1110_none_60b5254171f9507e;D:\android studio\jre\bin\server;C:\Users\Jaime Serrano\.gradle\native\8bec1ad78214c89d9ad589b4d07fe93259594b29d510b10fafb7a158f7737e5d\windows-amd64;C:\Users\Jaime Serrano\.gradle\native\53dbd7edfb1c66fb8903c78663c9afc45aea4f116125fa6feffd364cf09443e8\windows-amd64

VM Arguments:
jvm_args: --add-opens=java.base/java.util=ALL-UNNAMED --add-opens=java.base/java.lang=ALL-UNNAMED --add-opens=java.base/java.lang.invoke=ALL-UNNAMED --add-opens=java.base/java.util=ALL-UNNAMED --add-opens=java.prefs/java.util.prefs=ALL-UNNAMED --add-opens=java.prefs/java.util.prefs=ALL-UNNAMED --add-opens=java.base/java.nio.charset=ALL-UNNAMED --add-opens=java.base/java.net=ALL-UNNAMED --add-opens=java.base/java.util.concurrent.atomic=ALL-UNNAMED -Xmx2048m -Dfile.encoding=UTF-8 -Duser.country=CL -Duser.language=es -Duser.variant 
java_command: org.gradle.launcher.daemon.bootstrap.GradleDaemon 7.0.2
java_class_path (initial): C:\Users\Jaime Serrano\.gradle\wrapper\dists\gradle-7.0.2-bin\857tjihv64xamwrf0h14cai3r\gradle-7.0.2\lib\gradle-launcher-7.0.2.jar
Launcher Type: SUN_STANDARD

[Global flags]
     intx CICompilerCount                          = 3                                         {product} {ergonomic}
     uint ConcGCThreads                            = 1                                         {product} {ergonomic}
     uint G1ConcRefinementThreads                  = 4                                         {product} {ergonomic}
   size_t G1HeapRegionSize                         = 1048576                                   {product} {ergonomic}
    uintx GCDrainStackTargetSize                   = 64                                        {product} {ergonomic}
   size_t InitialHeapSize                          = 134217728                                 {product} {ergonomic}
   size_t MarkStackSize                            = 4194304                                   {product} {ergonomic}
   size_t MaxHeapSize                              = 2147483648                                {product} {command line}
   size_t MaxNewSize                               = 1287651328                                {product} {ergonomic}
   size_t MinHeapDeltaBytes                        = 1048576                                   {product} {ergonomic}
    uintx NonNMethodCodeHeapSize                   = 5830732                                {pd product} {ergonomic}
    uintx NonProfiledCodeHeapSize                  = 122913754                              {pd product} {ergonomic}
    uintx ProfiledCodeHeapSize                     = 122913754                              {pd product} {ergonomic}
    uintx ReservedCodeCacheSize                    = 251658240                              {pd product} {ergonomic}
     bool SegmentedCodeCache                       = true                                      {product} {ergonomic}
     bool UseCompressedClassPointers               = true                                 {lp64_product} {ergonomic}
     bool UseCompressedOops                        = true                                 {lp64_product} {ergonomic}
     bool UseG1GC                                  = true                                      {product} {ergonomic}
     bool UseLargePagesIndividualAllocation        = false                                  {pd product} {ergonomic}

Logging:
Log output configuration:
 #0: stdout all=warning uptime,level,tags
 #1: stderr all=off uptime,level,tags

Environment Variables:
JAVA_HOME=C:\Program Files\Java\jdk1.8.0_261
PATH=C:\Program Files (x86)\ActiveState Komodo IDE 12\;C:\ProgramData\Oracle\Java\javapath;C:\Program Files (x86)\Intel\iCLS Client\;C:\Program Files\Intel\iCLS Client\;C:\Windows\system32;C:\Windows;C:\Windows\System32\Wbem;C:\Windows\System32\WindowsPowerShell\v1.0\;C:\Program Files (x86)\NVIDIA Corporation\PhysX\Common;C:\Program Files (x86)\Intel\Intel(R) Management Engine Components\DAL;C:\Program Files\Intel\Intel(R) Management Engine Components\DAL;C:\Program Files (x86)\Intel\Intel(R) Management Engine Components\IPT;C:\Program Files\Intel\Intel(R) Management Engine Components\IPT;C:\WINDOWS\system32;C:\WINDOWS;C:\WINDOWS\System32\Wbem;C:\WINDOWS\System32\WindowsPowerShell\v1.0\;C:\WINDOWS\System32\OpenSSH\;C:\Program Files\NVIDIA Corporation\NVIDIA NvDLISR;C:\WINDOWS\system32;C:\WINDOWS;C:\WINDOWS\System32\Wbem;C:\WINDOWS\System32\WindowsPowerShell\v1.0\;C:\WINDOWS\System32\OpenSSH\;%JAVA_HOME%\bin;C:\Program Files\dotnet\;C:\Program Files (x86)\dotnet\;C:\Program Files\Microsoft SQL Server\130\Tools\Binn\;C:\Program Files\Microsoft SQL Server\Client SDK\ODBC\170\Tools\Binn\;C:\Users\Jaime Serrano\AppData\Local\Microsoft\WindowsApps;C:\Program Files\Java\jdk1.8.0_261\bin;C:\Users\Jaime Serrano\.dotnet\tools
USERNAME=Lenovo Legion
OS=Windows_NT
PROCESSOR_IDENTIFIER=Intel64 Family 6 Model 158 Stepping 9, GenuineIntel



---------------  S Y S T E M  ---------------

OS: Windows 10 , 64 bit Build 19041 (10.0.19041.1202)
OS uptime: 0 days 20:32 hours

CPU:total 4 (initial active 4) (4 cores per cpu, 1 threads per core) family 6 model 158 stepping 9 microcode 0xb4, cmov, cx8, fxsr, mmx, sse, sse2, sse3, ssse3, sse4.1, sse4.2, popcnt, avx, avx2, aes, clmul, erms, 3dnowpref, lzcnt, tsc, tscinvbit, bmi1, bmi2, adx, fma

Memory: 4k page, system-wide physical 8084M (164M free)
TotalPageFile size 11892M (AvailPageFile size 3M)
current process WorkingSet (physical memory assigned to process): 408M, peak: 424M
current process commit charge ("private bytes"): 457M, peak: 459M

vm_info: OpenJDK 64-Bit Server VM (11.0.10+0-b96-7249189) for windows-amd64 JRE (11.0.10+0-b96-7249189), built on Mar 31 2021 21:44:00 by "builder" with MS VC++ 14.0 (VS2015)

END.
